#
# There is insufficient memory for the Java Runtime Environment to continue.
# Native memory allocation (malloc) failed to allocate 80740352 bytes for committing reserved memory.
# Possible reasons:
#   The system is out of physical RAM or swap space
#   In 32 bit mode, the process size limit was hit
# Possible solutions:
#   Reduce memory load on the system
#   Increase physical memory or swap space
#   Check if swap backing store is full
#   Use 64 bit Java on a 64 bit OS
#   Decrease Java heap size (-Xmx/-Xms)
#   Decrease number of Java threads
#   Decrease Java thread stack sizes (-Xss)
#   Set larger code cache with -XX:ReservedCodeCacheSize=
# This output file may be truncated or incomplete.
#
#  Out of Memory Error (os_linux.cpp:2809), pid=9392, tid=140505836910336
#
# JRE version: OpenJDK Runtime Environment (7.0_79-b14) (build 1.7.0_79-b14)
# Java VM: OpenJDK 64-Bit Server VM (24.79-b02 mixed mode linux-amd64 compressed oops)
# Derivative: IcedTea 2.5.6
# Distribution: Ubuntu 14.04 LTS, package 7u79-2.5.6-0ubuntu1.14.04.1
# Failed to write core dump. Core dumps have been disabled. To enable core dumping, try "ulimit -c unlimited" before starting Java again
#

---------------  T H R E A D  ---------------

Current thread (0x00007fca14075800):  VMThread [stack: 0x00007fca106f7000,0x00007fca107f8000] [id=9402]

Stack: [0x00007fca106f7000,0x00007fca107f8000],  sp=0x00007fca107f6490,  free space=1021k
Native frames: (J=compiled Java code, j=interpreted, Vv=VM code, C=native code)
V  [libjvm.so+0x94afd5]  VMError::report_and_die()+0x175
V  [libjvm.so+0x48b9f4]  report_vm_out_of_memory(char const*, int, unsigned long, char const*)+0x74
V  [libjvm.so+0x7c809b]  os::pd_commit_memory(char*, unsigned long, unsigned long, bool)+0xeb
V  [libjvm.so+0x7c2b3f]  os::commit_memory(char*, unsigned long, unsigned long, bool)+0x1f
V  [libjvm.so+0x83503b]  PSVirtualSpace::expand_by(unsigned long)+0x5b
V  [libjvm.so+0x835e90]  PSYoungGen::resize_generation(unsigned long, unsigned long)+0xb0
V  [libjvm.so+0x83657b]  PSYoungGen::resize(unsigned long, unsigned long)+0x1b
V  [libjvm.so+0x832860]  PSScavenge::invoke_no_policy()+0xde0
V  [libjvm.so+0x833038]  PSScavenge::invoke()+0x38
V  [libjvm.so+0x7e9723]  ParallelScavengeHeap::failed_mem_allocate(unsigned long)+0x63
V  [libjvm.so+0x94c9d4]  VM_ParallelGCFailedAllocation::doit()+0x84
V  [libjvm.so+0x950ed7]  VM_Operation::evaluate()+0x47
V  [libjvm.so+0x94f848]  VMThread::evaluate_operation(VM_Operation*)+0x318
V  [libjvm.so+0x94fca9]  VMThread::loop()+0x219
V  [libjvm.so+0x9500f2]  VMThread::run()+0x72
V  [libjvm.so+0x7c4f62]  java_start(Thread*)+0xf2

VM_Operation (0x00007fc9daf50a30): ParallelGCFailedAllocation, mode: safepoint, requested by thread 0x00007fc9cc008800


---------------  P R O C E S S  ---------------

Java Threads: ( => current thread )
  0x00007fc9c83af800 JavaThread "File lock request listener" [_thread_in_native, id=9420, stack(0x00007fc9dabae000,0x00007fc9dacaf000)]
  0x00007fc9c8236800 JavaThread "process reaper" daemon [_thread_blocked, id=9419, stack(0x00007fc9dacaf000,0x00007fc9dace8000)]
  0x00007fc9c800e000 JavaThread "Stdin handler" [_thread_blocked, id=9417, stack(0x00007fc9dad53000,0x00007fc9dae54000)]
  0x00007fc9cc008800 JavaThread "Daemon worker" [_thread_blocked, id=9414, stack(0x00007fc9dae54000,0x00007fc9daf55000)]
  0x00007fc9cc004800 JavaThread "Cancel handler" [_thread_blocked, id=9413, stack(0x00007fc9daf55000,0x00007fc9db056000)]
  0x00007fc9cc001800 JavaThread "Handler for socket connection from /127.0.0.1:34597 to /127.0.0.1:55478" [_thread_in_native, id=9412, stack(0x00007fc9db056000,0x00007fc9db157000)]
  0x00007fc9d4029800 JavaThread "Daemon" [_thread_blocked, id=9411, stack(0x00007fc9db157000,0x00007fc9db258000)]
  0x00007fca149f7800 JavaThread "Incoming local TCP Connector on port 34597" [_thread_in_native, id=9410, stack(0x00007fc9db258000,0x00007fc9db359000)]
  0x00007fca140b0800 JavaThread "Service Thread" daemon [_thread_blocked, id=9408, stack(0x00007fca100f1000,0x00007fca101f2000)]
  0x00007fca140ae800 JavaThread "C2 CompilerThread1" daemon [_thread_blocked, id=9407, stack(0x00007fca101f2000,0x00007fca102f3000)]
  0x00007fca140ab800 JavaThread "C2 CompilerThread0" daemon [_thread_blocked, id=9406, stack(0x00007fca102f3000,0x00007fca103f4000)]
  0x00007fca140a9800 JavaThread "Signal Dispatcher" daemon [_thread_blocked, id=9405, stack(0x00007fca103f4000,0x00007fca104f5000)]
  0x00007fca1407c000 JavaThread "Finalizer" daemon [_thread_blocked, id=9404, stack(0x00007fca104f5000,0x00007fca105f6000)]
  0x00007fca1407a000 JavaThread "Reference Handler" daemon [_thread_blocked, id=9403, stack(0x00007fca105f6000,0x00007fca106f7000)]
  0x00007fca1400a800 JavaThread "main" [_thread_blocked, id=9395, stack(0x00007fca1c949000,0x00007fca1ca4a000)]

Other Threads:
=>0x00007fca14075800 VMThread [stack: 0x00007fca106f7000,0x00007fca107f8000] [id=9402]
  0x00007fca140bb800 WatcherThread [stack: 0x00007fca0901d000,0x00007fca0911e000] [id=9409]

VM state:at safepoint (normal execution)

VM Mutex/Monitor currently owned by a thread:  ([mutex/lock_event])
[0x00007fca14006900] Threads_lock - owner thread: 0x00007fca14075800
[0x00007fca14006e00] Heap_lock - owner thread: 0x00007fc9cc008800

Heap
 PSYoungGen      total 64000K, used 2544K [0x00000000eaa80000, 0x00000000eeb80000, 0x0000000100000000)
  eden space 61440K, 0% used [0x00000000eaa80000,0x00000000eaa80000,0x00000000ee680000)
  from space 2560K, 99% used [0x00000000ee680000,0x00000000ee8fc010,0x00000000ee900000)
  to   space 2560K, 0% used [0x00000000ee900000,0x00000000ee900000,0x00000000eeb80000)
 ParOldGen       total 40960K, used 14924K [0x00000000c0000000, 0x00000000c2800000, 0x00000000eaa80000)
  object space 40960K, 36% used [0x00000000c0000000,0x00000000c0e93328,0x00000000c2800000)
 PSPermGen       total 22528K, used 22050K [0x00000000b0000000, 0x00000000b1600000, 0x00000000c0000000)
  object space 22528K, 97% used [0x00000000b0000000,0x00000000b15888e8,0x00000000b1600000)

Card table byte_map: [0x00007fca1930a000,0x00007fca1958b000] byte_map_base: 0x00007fca18d8a000

Polling page: 0x00007fca1ca68000

Code Cache  [0x00007fca11000000, 0x00007fca11270000, 0x00007fca14000000)
 total_blobs=802 nmethods=253 adapters=502 free_code_cache=47145Kb largest_free_block=48210048

Compilation events (10 events):
Event: 3,464 Thread 0x00007fca140ae800 nmethod 251 0x00007fca11093f90 code [0x00007fca110940c0, 0x00007fca11094118]
Event: 3,464 Thread 0x00007fca140ae800  253             java.util.regex.Pattern$BmpCharProperty::match (50 bytes)
Event: 3,467 Thread 0x00007fca140ae800 nmethod 253 0x00007fca11093a90 code [0x00007fca11093c00, 0x00007fca11093d98]
Event: 3,467 Thread 0x00007fca140ae800  254             java.util.Formatter$Flags::valueOf (5 bytes)
Event: 3,468 Thread 0x00007fca140ae800 nmethod 254 0x00007fca11093890 code [0x00007fca110939c0, 0x00007fca11093a18]
Event: 3,536 Thread 0x00007fca140ae800  255             java.lang.String::indexOf (7 bytes)
Event: 3,538 Thread 0x00007fca140ab800 nmethod 234 0x00007fca111f8110 code [0x00007fca111f88c0, 0x00007fca111fef40]
Event: 3,539 Thread 0x00007fca140ae800 nmethod 255 0x00007fca111e6150 code [0x00007fca111e62a0, 0x00007fca111e6368]
Event: 3,570 Thread 0x00007fca140ab800  256             java.util.Properties$LineReader::readLine (452 bytes)
Event: 3,602 Thread 0x00007fca140ab800 nmethod 256 0x00007fca111e3390 code [0x00007fca111e3520, 0x00007fca111e3cd8]

GC Heap History (9 events):
Event: 0,616 GC heap before
{Heap before GC invocations=1 (full 0):
 PSYoungGen      total 17920K, used 15360K [0x00000000eaa80000, 0x00000000ebe80000, 0x0000000100000000)
  eden space 15360K, 100% used [0x00000000eaa80000,0x00000000eb980000,0x00000000eb980000)
  from space 2560K, 0% used [0x00000000ebc00000,0x00000000ebc00000,0x00000000ebe80000)
  to   space 2560K, 0% used [0x00000000eb980000,0x00000000eb980000,0x00000000ebc00000)
 ParOldGen       total 40960K, used 0K [0x00000000c0000000, 0x00000000c2800000, 0x00000000eaa80000)
  object space 40960K, 0% used [0x00000000c0000000,0x00000000c0000000,0x00000000c2800000)
 PSPermGen       total 21504K, used 6288K [0x00000000b0000000, 0x00000000b1500000, 0x00000000c0000000)
  object space 21504K, 29% used [0x00000000b0000000,0x00000000b0624090,0x00000000b1500000)
Event: 0,624 GC heap after
Heap after GC invocations=1 (full 0):
 PSYoungGen      total 17920K, used 2541K [0x00000000eaa80000, 0x00000000ecd80000, 0x0000000100000000)
  eden space 15360K, 0% used [0x00000000eaa80000,0x00000000eaa80000,0x00000000eb980000)
  from space 2560K, 99% used [0x00000000eb980000,0x00000000ebbfb5e8,0x00000000ebc00000)
  to   space 2560K, 0% used [0x00000000ecb00000,0x00000000ecb00000,0x00000000ecd80000)
 ParOldGen       total 40960K, used 320K [0x00000000c0000000, 0x00000000c2800000, 0x00000000eaa80000)
  object space 40960K, 0% used [0x00000000c0000000,0x00000000c00500b8,0x00000000c2800000)
 PSPermGen       total 21504K, used 6288K [0x00000000b0000000, 0x00000000b1500000, 0x00000000c0000000)
  object space 21504K, 29% used [0x00000000b0000000,0x00000000b0624090,0x00000000b1500000)
}
Event: 0,865 GC heap before
{Heap before GC invocations=2 (full 0):
 PSYoungGen      total 17920K, used 17901K [0x00000000eaa80000, 0x00000000ecd80000, 0x0000000100000000)
  eden space 15360K, 100% used [0x00000000eaa80000,0x00000000eb980000,0x00000000eb980000)
  from space 2560K, 99% used [0x00000000eb980000,0x00000000ebbfb5e8,0x00000000ebc00000)
  to   space 2560K, 0% used [0x00000000ecb00000,0x00000000ecb00000,0x00000000ecd80000)
 ParOldGen       total 40960K, used 320K [0x00000000c0000000, 0x00000000c2800000, 0x00000000eaa80000)
  object space 40960K, 0% used [0x00000000c0000000,0x00000000c00500b8,0x00000000c2800000)
 PSPermGen       total 21504K, used 6989K [0x00000000b0000000, 0x00000000b1500000, 0x00000000c0000000)
  object space 21504K, 32% used [0x00000000b0000000,0x00000000b06d3730,0x00000000b1500000)
Event: 0,873 GC heap after
Heap after GC invocations=2 (full 0):
 PSYoungGen      total 33280K, used 2140K [0x00000000eaa80000, 0x00000000ecd80000, 0x0000000100000000)
  eden space 30720K, 0% used [0x00000000eaa80000,0x00000000eaa80000,0x00000000ec880000)
  from space 2560K, 83% used [0x00000000ecb00000,0x00000000ecd170f0,0x00000000ecd80000)
  to   space 2560K, 0% used [0x00000000ec880000,0x00000000ec880000,0x00000000ecb00000)
 ParOldGen       total 40960K, used 320K [0x00000000c0000000, 0x00000000c2800000, 0x00000000eaa80000)
  object space 40960K, 0% used [0x00000000c0000000,0x00000000c00500b8,0x00000000c2800000)
 PSPermGen       total 21504K, used 6989K [0x00000000b0000000, 0x00000000b1500000, 0x00000000c0000000)
  object space 21504K, 32% used [0x00000000b0000000,0x00000000b06d3730,0x00000000b1500000)
}
Event: 1,695 GC heap before
{Heap before GC invocations=3 (full 0):
 PSYoungGen      total 33280K, used 32860K [0x00000000eaa80000, 0x00000000ecd80000, 0x0000000100000000)
  eden space 30720K, 100% used [0x00000000eaa80000,0x00000000ec880000,0x00000000ec880000)
  from space 2560K, 83% used [0x00000000ecb00000,0x00000000ecd170f0,0x00000000ecd80000)
  to   space 2560K, 0% used [0x00000000ec880000,0x00000000ec880000,0x00000000ecb00000)
 ParOldGen       total 40960K, used 320K [0x00000000c0000000, 0x00000000c2800000, 0x00000000eaa80000)
  object space 40960K, 0% used [0x00000000c0000000,0x00000000c00500b8,0x00000000c2800000)
 PSPermGen       total 21504K, used 11793K [0x00000000b0000000, 0x00000000b1500000, 0x00000000c0000000)
  object space 21504K, 54% used [0x00000000b0000000,0x00000000b0b84768,0x00000000b1500000)
Event: 1,705 GC heap after
Heap after GC invocations=3 (full 0):
 PSYoungGen      total 33280K, used 2528K [0x00000000eaa80000, 0x00000000eeb80000, 0x0000000100000000)
  eden space 30720K, 0% used [0x00000000eaa80000,0x00000000eaa80000,0x00000000ec880000)
  from space 2560K, 98% used [0x00000000ec880000,0x00000000ecaf82c8,0x00000000ecb00000)
  to   space 2560K, 0% used [0x00000000ee900000,0x00000000ee900000,0x00000000eeb80000)
 ParOldGen       total 40960K, used 3491K [0x00000000c0000000, 0x00000000c2800000, 0x00000000eaa80000)
  object space 40960K, 8% used [0x00000000c0000000,0x00000000c0368ce8,0x00000000c2800000)
 PSPermGen       total 21504K, used 11793K [0x00000000b0000000, 0x00000000b1500000, 0x00000000c0000000)
  object space 21504K, 54% used [0x00000000b0000000,0x00000000b0b84768,0x00000000b1500000)
}
Event: 2,313 GC heap before
{Heap before GC invocations=4 (full 0):
 PSYoungGen      total 33280K, used 33248K [0x00000000eaa80000, 0x00000000eeb80000, 0x0000000100000000)
  eden space 30720K, 100% used [0x00000000eaa80000,0x00000000ec880000,0x00000000ec880000)
  from space 2560K, 98% used [0x00000000ec880000,0x00000000ecaf82c8,0x00000000ecb00000)
  to   space 2560K, 0% used [0x00000000ee900000,0x00000000ee900000,0x00000000eeb80000)
 ParOldGen       total 40960K, used 3491K [0x00000000c0000000, 0x00000000c2800000, 0x00000000eaa80000)
  object space 40960K, 8% used [0x00000000c0000000,0x00000000c0368ce8,0x00000000c2800000)
 PSPermGen       total 21504K, used 17193K [0x00000000b0000000, 0x00000000b1500000, 0x00000000c0000000)
  object space 21504K, 79% used [0x00000000b0000000,0x00000000b10ca538,0x00000000b1500000)
Event: 2,341 GC heap after
Heap after GC invocations=4 (full 0):
 PSYoungGen      total 64000K, used 2544K [0x00000000eaa80000, 0x00000000eeb80000, 0x0000000100000000)
  eden space 61440K, 0% used [0x00000000eaa80000,0x00000000eaa80000,0x00000000ee680000)
  from space 2560K, 99% used [0x00000000ee900000,0x00000000eeb7c010,0x00000000eeb80000)
  to   space 2560K, 0% used [0x00000000ee680000,0x00000000ee680000,0x00000000ee900000)
 ParOldGen       total 40960K, used 8223K [0x00000000c0000000, 0x00000000c2800000, 0x00000000eaa80000)
  object space 40960K, 20% used [0x00000000c0000000,0x00000000c0807ed8,0x00000000c2800000)
 PSPermGen       total 21504K, used 17193K [0x00000000b0000000, 0x00000000b1500000, 0x00000000c0000000)
  object space 21504K, 79% used [0x00000000b0000000,0x00000000b10ca538,0x00000000b1500000)
}
Event: 3,613 GC heap before
{Heap before GC invocations=5 (full 0):
 PSYoungGen      total 64000K, used 63984K [0x00000000eaa80000, 0x00000000eeb80000, 0x0000000100000000)
  eden space 61440K, 100% used [0x00000000eaa80000,0x00000000ee680000,0x00000000ee680000)
  from space 2560K, 99% used [0x00000000ee900000,0x00000000eeb7c010,0x00000000eeb80000)
  to   space 2560K, 0% used [0x00000000ee680000,0x00000000ee680000,0x00000000ee900000)
 ParOldGen       total 40960K, used 8223K [0x00000000c0000000, 0x00000000c2800000, 0x00000000eaa80000)
  object space 40960K, 20% used [0x00000000c0000000,0x00000000c0807ed8,0x00000000c2800000)
 PSPermGen       total 22528K, used 22050K [0x00000000b0000000, 0x00000000b1600000, 0x00000000c0000000)
  object space 22528K, 97% used [0x00000000b0000000,0x00000000b15888e8,0x00000000b1600000)

Deoptimization events (10 events):
Event: 2,690 Thread 0x00007fc9cc008800 Uncommon trap: reason=unreached action=reinterpret pc=0x00007fca110b20f8 method=java.lang.reflect.Method.equals(Ljava/lang/Object;)Z @ 49
Event: 2,691 Thread 0x00007fc9cc008800 Uncommon trap: reason=unreached action=reinterpret pc=0x00007fca110b26c0 method=java.lang.reflect.Method.equals(Ljava/lang/Object;)Z @ 49
Event: 2,764 Thread 0x00007fc9cc008800 Uncommon trap: reason=class_check action=maybe_recompile pc=0x00007fca110bb434 method=sun.misc.URLClassPath.getLoader(I)Lsun/misc/URLClassPath$Loader; @ 94
Event: 2,764 Thread 0x00007fc9cc008800 Uncommon trap: reason=class_check action=maybe_recompile pc=0x00007fca110824b4 method=sun.misc.URLClassPath.getResource(Ljava/lang/String;Z)Lsun/misc/Resource; @ 53
Event: 2,787 Thread 0x00007fc9cc008800 Uncommon trap: reason=class_check action=maybe_recompile pc=0x00007fca110bb518 method=sun.misc.URLClassPath.getLoader(I)Lsun/misc/URLClassPath$Loader; @ 150
Event: 2,788 Thread 0x00007fc9cc008800 Uncommon trap: reason=class_check action=maybe_recompile pc=0x00007fca110bb518 method=sun.misc.URLClassPath.getLoader(I)Lsun/misc/URLClassPath$Loader; @ 150
Event: 3,037 Thread 0x00007fc9cc008800 Uncommon trap: reason=unreached action=reinterpret pc=0x00007fca110a7efc method=java.util.HashMap.get(Ljava/lang/Object;)Ljava/lang/Object; @ 1
Event: 3,136 Thread 0x00007fc9cc008800 Uncommon trap: reason=unreached action=reinterpret pc=0x00007fca110d8330 method=java.lang.Class$MethodArray.addIfNotPresent(Ljava/lang/reflect/Method;)V @ 19
Event: 3,137 Thread 0x00007fc9cc008800 Uncommon trap: reason=unreached action=reinterpret pc=0x00007fca110d3518 method=java.lang.Class$MethodArray.addIfNotPresent(Ljava/lang/reflect/Method;)V @ 19
Event: 3,185 Thread 0x00007fc9cc008800 Uncommon trap: reason=class_check action=maybe_recompile pc=0x00007fca110bb434 method=sun.misc.URLClassPath.getLoader(I)Lsun/misc/URLClassPath$Loader; @ 94

Internal exceptions (10 events):
Event: 3,607 Thread 0x00007fc9cc008800 Threw 0x00000000ee64e538 at /build/openjdk-7-FO0dNI/openjdk-7-7u79-2.5.6/build/openjdk/hotspot/src/share/vm/prims/jvm.cpp:1284
Event: 3,607 Thread 0x00007fc9cc008800 Threw 0x00000000ee655b18 at /build/openjdk-7-FO0dNI/openjdk-7-7u79-2.5.6/build/openjdk/hotspot/src/share/vm/prims/jvm.cpp:1284
Event: 3,607 Thread 0x00007fc9cc008800 Threw 0x00000000ee6565f8 at /build/openjdk-7-FO0dNI/openjdk-7-7u79-2.5.6/build/openjdk/hotspot/src/share/vm/prims/jvm.cpp:1284
Event: 3,607 Thread 0x00007fc9cc008800 Threw 0x00000000ee65bde0 at /build/openjdk-7-FO0dNI/openjdk-7-7u79-2.5.6/build/openjdk/hotspot/src/share/vm/prims/jvm.cpp:1284
Event: 3,608 Thread 0x00007fc9cc008800 Threw 0x00000000ee663158 at /build/openjdk-7-FO0dNI/openjdk-7-7u79-2.5.6/build/openjdk/hotspot/src/share/vm/prims/jvm.cpp:1284
Event: 3,608 Thread 0x00007fc9cc008800 Threw 0x00000000ee663be8 at /build/openjdk-7-FO0dNI/openjdk-7-7u79-2.5.6/build/openjdk/hotspot/src/share/vm/prims/jvm.cpp:1284
Event: 3,608 Thread 0x00007fc9cc008800 Threw 0x00000000ee668da0 at /build/openjdk-7-FO0dNI/openjdk-7-7u79-2.5.6/build/openjdk/hotspot/src/share/vm/prims/jvm.cpp:1284
Event: 3,608 Thread 0x00007fc9cc008800 Threw 0x00000000ee6759b8 at /build/openjdk-7-FO0dNI/openjdk-7-7u79-2.5.6/build/openjdk/hotspot/src/share/vm/prims/jvm.cpp:1284
Event: 3,608 Thread 0x00007fc9cc008800 Threw 0x00000000ee6763c8 at /build/openjdk-7-FO0dNI/openjdk-7-7u79-2.5.6/build/openjdk/hotspot/src/share/vm/prims/jvm.cpp:1284
Event: 3,609 Thread 0x00007fc9cc008800 Threw 0x00000000ee67ac30 at /build/openjdk-7-FO0dNI/openjdk-7-7u79-2.5.6/build/openjdk/hotspot/src/share/vm/prims/jvm.cpp:1284

Events (10 events):
Event: 3,605 loading class 0x00007fc9c83b88c0 done
Event: 3,607 loading class 0x00007fc9c8491110
Event: 3,607 loading class 0x00007fc9c8491110 done
Event: 3,607 loading class 0x00007fc9c83be360
Event: 3,607 loading class 0x00007fc9c83be360 done
Event: 3,608 loading class 0x00007fc9c8490f30
Event: 3,608 loading class 0x00007fc9c8490f30 done
Event: 3,608 loading class 0x00007fc9c83e24f0
Event: 3,608 loading class 0x00007fc9c83e24f0 done
Event: 3,611 Executing VM operation: ParallelGCFailedAllocation


Dynamic libraries:
00400000-00401000 r-xp 00000000 08:08 540096                             /usr/lib/jvm/java-7-openjdk-amd64/jre/bin/java
00600000-00601000 r--p 00000000 08:08 540096                             /usr/lib/jvm/java-7-openjdk-amd64/jre/bin/java
00601000-00602000 rw-p 00001000 08:08 540096                             /usr/lib/jvm/java-7-openjdk-amd64/jre/bin/java
01227000-01248000 rw-p 00000000 00:00 0                                  [heap]
b0000000-b1600000 rw-p 00000000 00:00 0 
b1600000-c0000000 rw-p 00000000 00:00 0 
c0000000-c2800000 rw-p 00000000 00:00 0 
c2800000-eaa80000 rw-p 00000000 00:00 0 
eaa80000-eeb80000 rw-p 00000000 00:00 0 
f3880000-100000000 rw-p 00000000 00:00 0 
7fc9b4000000-7fc9b4021000 rw-p 00000000 00:00 0 
7fc9b4021000-7fc9b8000000 ---p 00000000 00:00 0 
7fc9bc000000-7fc9bc021000 rw-p 00000000 00:00 0 
7fc9bc021000-7fc9c0000000 ---p 00000000 00:00 0 
7fc9c0000000-7fc9c0021000 rw-p 00000000 00:00 0 
7fc9c0021000-7fc9c4000000 ---p 00000000 00:00 0 
7fc9c4000000-7fc9c4021000 rw-p 00000000 00:00 0 
7fc9c4021000-7fc9c8000000 ---p 00000000 00:00 0 
7fc9c8000000-7fc9c8492000 rw-p 00000000 00:00 0 
7fc9c8492000-7fc9cc000000 ---p 00000000 00:00 0 
7fc9cc000000-7fc9cc021000 rw-p 00000000 00:00 0 
7fc9cc021000-7fc9d0000000 ---p 00000000 00:00 0 
7fc9d0000000-7fc9d0021000 rw-p 00000000 00:00 0 
7fc9d0021000-7fc9d4000000 ---p 00000000 00:00 0 
7fc9d4000000-7fc9d402e000 rw-p 00000000 00:00 0 
7fc9d402e000-7fc9d8000000 ---p 00000000 00:00 0 
7fc9dabae000-7fc9dabb1000 ---p 00000000 00:00 0 
7fc9dabb1000-7fc9dacaf000 rw-p 00000000 00:00 0                          [stack:9420]
7fc9dacaf000-7fc9dacb2000 ---p 00000000 00:00 0 
7fc9dacb2000-7fc9dace8000 rw-p 00000000 00:00 0                          [stack:9419]
7fc9dace8000-7fc9dad53000 r--s 0069e000 08:08 540385                     /usr/lib/jvm/java-7-openjdk-amd64/lib/tools.jar
7fc9dad53000-7fc9dad56000 ---p 00000000 00:00 0 
7fc9dad56000-7fc9dae54000 rw-p 00000000 00:00 0                          [stack:9417]
7fc9dae54000-7fc9dae57000 ---p 00000000 00:00 0 
7fc9dae57000-7fc9daf55000 rw-p 00000000 00:00 0                          [stack:9414]
7fc9daf55000-7fc9daf58000 ---p 00000000 00:00 0 
7fc9daf58000-7fc9db056000 rw-p 00000000 00:00 0                          [stack:9413]
7fc9db056000-7fc9db059000 ---p 00000000 00:00 0 
7fc9db059000-7fc9db157000 rw-p 00000000 00:00 0                          [stack:9412]
7fc9db157000-7fc9db15a000 ---p 00000000 00:00 0 
7fc9db15a000-7fc9db258000 rw-p 00000000 00:00 0                          [stack:9411]
7fc9db258000-7fc9db25b000 ---p 00000000 00:00 0 
7fc9db25b000-7fc9db359000 rw-p 00000000 00:00 0                          [stack:9410]
7fc9db359000-7fc9db35d000 r-xp 00000000 08:08 1197011                    /tmp/native-platform2769430403875357979dir/libnative-platform.so
7fc9db35d000-7fc9db55c000 ---p 00004000 08:08 1197011                    /tmp/native-platform2769430403875357979dir/libnative-platform.so
7fc9db55c000-7fc9db55d000 rw-p 00003000 08:08 1197011                    /tmp/native-platform2769430403875357979dir/libnative-platform.so
7fc9db55d000-7fc9db560000 r--s 0000d000 08:08 265554                     /home/alberto/.gradle/wrapper/dists/gradle-2.2.1-all/2m8005s69iu8v0oiejfej094b/gradle-2.2.1/lib/plugins/gradle-ivy-2.2.1.jar
7fc9db58e000-7fc9db58f000 rw-p 00000000 00:00 0 
7fc9db58f000-7fc9db590000 r--p 00000000 00:00 0 
7fc9db590000-7fc9db595000 r--s 0004d000 08:08 539991                     /usr/lib/jvm/java-7-openjdk-amd64/jre/lib/jsse.jar
7fc9db595000-7fc9db596000 r--s 00001000 08:08 265566                     /home/alberto/.gradle/wrapper/dists/gradle-2.2.1-all/2m8005s69iu8v0oiejfej094b/gradle-2.2.1/lib/plugins/gradle-plugin-development-2.2.1.jar
7fc9db596000-7fc9db598000 r--s 00002000 08:08 265565                     /home/alberto/.gradle/wrapper/dists/gradle-2.2.1-all/2m8005s69iu8v0oiejfej094b/gradle-2.2.1/lib/plugins/gradle-cunit-2.2.1.jar
7fc9db598000-7fc9db59d000 r--s 00036000 08:08 265564                     /home/alberto/.gradle/wrapper/dists/gradle-2.2.1-all/2m8005s69iu8v0oiejfej094b/gradle-2.2.1/lib/plugins/gradle-ide-native-2.2.1.jar
7fc9db59d000-7fc9db5a2000 r--s 00013000 08:08 265563                     /home/alberto/.gradle/wrapper/dists/gradle-2.2.1-all/2m8005s69iu8v0oiejfej094b/gradle-2.2.1/lib/plugins/gradle-language-native-2.2.1.jar
7fc9db5a2000-7fc9db5ad000 r--s 0004d000 08:08 265562                     /home/alberto/.gradle/wrapper/dists/gradle-2.2.1-all/2m8005s69iu8v0oiejfej094b/gradle-2.2.1/lib/plugins/gradle-platform-native-2.2.1.jar
7fc9db5ad000-7fc9db5af000 r--s 00008000 08:08 265561                     /home/alberto/.gradle/wrapper/dists/gradle-2.2.1-all/2m8005s69iu8v0oiejfej094b/gradle-2.2.1/lib/plugins/gradle-language-groovy-2.2.1.jar
7fc9db5af000-7fc9db5b4000 r--s 00022000 08:08 265560                     /home/alberto/.gradle/wrapper/dists/gradle-2.2.1-all/2m8005s69iu8v0oiejfej094b/gradle-2.2.1/lib/plugins/gradle-language-java-2.2.1.jar
7fc9db5b4000-7fc9db5b7000 r--s 00007000 08:08 265559                     /home/alberto/.gradle/wrapper/dists/gradle-2.2.1-all/2m8005s69iu8v0oiejfej094b/gradle-2.2.1/lib/plugins/gradle-language-jvm-2.2.1.jar
7fc9db5b7000-7fc9db5ba000 r--s 00009000 08:08 265558                     /home/alberto/.gradle/wrapper/dists/gradle-2.2.1-all/2m8005s69iu8v0oiejfej094b/gradle-2.2.1/lib/plugins/gradle-platform-jvm-2.2.1.jar
7fc9db5ba000-7fc9db5bf000 r--s 00018000 08:08 265557                     /home/alberto/.gradle/wrapper/dists/gradle-2.2.1-all/2m8005s69iu8v0oiejfej094b/gradle-2.2.1/lib/plugins/gradle-platform-base-2.2.1.jar
7fc9db5bf000-7fc9db5c4000 r--s 00026000 08:08 265556                     /home/alberto/.gradle/wrapper/dists/gradle-2.2.1-all/2m8005s69iu8v0oiejfej094b/gradle-2.2.1/lib/plugins/gradle-build-init-2.2.1.jar
7fc9db5c4000-7fc9db5c7000 r--s 0001d000 08:08 265555                     /home/alberto/.gradle/wrapper/dists/gradle-2.2.1-all/2m8005s69iu8v0oiejfej094b/gradle-2.2.1/lib/plugins/gradle-jacoco-2.2.1.jar
7fc9db5c7000-7fc9db5c9000 r--s 00002000 08:08 265553                     /home/alberto/.gradle/wrapper/dists/gradle-2.2.1-all/2m8005s69iu8v0oiejfej094b/gradle-2.2.1/lib/plugins/gradle-publish-2.2.1.jar
7fc9db5c9000-7fc9db5cb000 r--s 00005000 08:08 265591                     /home/alberto/.gradle/wrapper/dists/gradle-2.2.1-all/2m8005s69iu8v0oiejfej094b/gradle-2.2.1/lib/plugins/jatl-0.2.2.jar
7fc9db5cb000-7fc9db5cd000 r--s 0000f000 08:08 265552                     /home/alberto/.gradle/wrapper/dists/gradle-2.2.1-all/2m8005s69iu8v0oiejfej094b/gradle-2.2.1/lib/plugins/gradle-reporting-2.2.1.jar
7fc9db5cd000-7fc9db5d2000 r--s 00034000 08:08 265551                     /home/alberto/.gradle/wrapper/dists/gradle-2.2.1-all/2m8005s69iu8v0oiejfej094b/gradle-2.2.1/lib/plugins/gradle-diagnostics-2.2.1.jar
7fc9db5d2000-7fc9db5d7000 r--s 00068000 08:08 265580                     /home/alberto/.gradle/wrapper/dists/gradle-2.2.1-all/2m8005s69iu8v0oiejfej094b/gradle-2.2.1/lib/plugins/antlr-2.7.7.jar
7fc9db5d7000-7fc9db5de000 r--s 00090000 08:08 265550                     /home/alberto/.gradle/wrapper/dists/gradle-2.2.1-all/2m8005s69iu8v0oiejfej094b/gradle-2.2.1/lib/plugins/gradle-build-comparison-2.2.1.jar
7fc9db5de000-7fc9db5e5000 r--s 00035000 08:08 265590                     /home/alberto/.gradle/wrapper/dists/gradle-2.2.1-all/2m8005s69iu8v0oiejfej094b/gradle-2.2.1/lib/plugins/simple-4.1.21.jar
7fc9db5e5000-7fc9db5f1000 r--s 00100000 08:08 265588                     /home/alberto/.gradle/wrapper/dists/gradle-2.2.1-all/2m8005s69iu8v0oiejfej094b/gradle-2.2.1/lib/plugins/rhino-1.7R3.jar
7fc9db5f1000-7fc9db5f6000 r--s 0001f000 08:08 265549                     /home/alberto/.gradle/wrapper/dists/gradle-2.2.1-all/2m8005s69iu8v0oiejfej094b/gradle-2.2.1/lib/plugins/gradle-javascript-2.2.1.jar
7fc9db5f6000-7fc9db5f8000 r--s 0000e000 08:08 265548                     /home/alberto/.gradle/wrapper/dists/gradle-2.2.1-all/2m8005s69iu8v0oiejfej094b/gradle-2.2.1/lib/plugins/gradle-ear-2.2.1.jar
7fc9db5f8000-7fc9db5fc000 r--s 00025000 08:08 265587                     /home/alberto/.gradle/wrapper/dists/gradle-2.2.1-all/2m8005s69iu8v0oiejfej094b/gradle-2.2.1/lib/plugins/bcpg-jdk15-1.46.jar
7fc9db5fc000-7fc9db5ff000 r--s 0001d000 08:08 265547                     /home/alberto/.gradle/wrapper/dists/gradle-2.2.1-all/2m8005s69iu8v0oiejfej094b/gradle-2.2.1/lib/plugins/gradle-signing-2.2.1.jar
7fc9db5ff000-7fc9db600000 r--s 00002000 08:08 265586                     /home/alberto/.gradle/wrapper/dists/gradle-2.2.1-all/2m8005s69iu8v0oiejfej094b/gradle-2.2.1/lib/plugins/sonar-batch-bootstrapper-2.9.jar
7fc9db600000-7fc9db603000 r--s 00018000 08:08 265546                     /home/alberto/.gradle/wrapper/dists/gradle-2.2.1-all/2m8005s69iu8v0oiejfej094b/gradle-2.2.1/lib/plugins/gradle-sonar-2.2.1.jar
7fc9db603000-7fc9db606000 r--s 00017000 08:08 265545                     /home/alberto/.gradle/wrapper/dists/gradle-2.2.1-all/2m8005s69iu8v0oiejfej094b/gradle-2.2.1/lib/plugins/gradle-scala-2.2.1.jar
7fc9db606000-7fc9db608000 r--s 0000e000 08:08 265544                     /home/alberto/.gradle/wrapper/dists/gradle-2.2.1-all/2m8005s69iu8v0oiejfej094b/gradle-2.2.1/lib/plugins/gradle-announce-2.2.1.jar
7fc9db608000-7fc9db616000 r--s 000bc000 08:08 265543                     /home/alberto/.gradle/wrapper/dists/gradle-2.2.1-all/2m8005s69iu8v0oiejfej094b/gradle-2.2.1/lib/plugins/gradle-ide-2.2.1.jar
7fc9db616000-7fc9db618000 r--s 00000000 08:08 265585                     /home/alberto/.gradle/wrapper/dists/gradle-2.2.1-all/2m8005s69iu8v0oiejfej094b/gradle-2.2.1/lib/plugins/plexus-component-annotations-1.5.2.jar
7fc9db618000-7fc9db61b000 r--s 0000c000 08:08 265584                     /home/alberto/.gradle/wrapper/dists/gradle-2.2.1-all/2m8005s69iu8v0oiejfej094b/gradle-2.2.1/lib/plugins/pmaven-groovy-0.8-20100325.jar
7fc9db61b000-7fc9db61c000 r--s 00004000 08:08 265583                     /home/alberto/.gradle/wrapper/dists/gradle-2.2.1-all/2m8005s69iu8v0oiejfej094b/gradle-2.2.1/lib/plugins/pmaven-common-0.8-20100325.jar
7fc9db61c000-7fc9db620000 r--s 0001e000 08:08 265542                     /home/alberto/.gradle/wrapper/dists/gradle-2.2.1-all/2m8005s69iu8v0oiejfej094b/gradle-2.2.1/lib/plugins/gradle-maven-2.2.1.jar
7fc9db620000-7fc9db638000 r--s 0013b000 08:08 265581                     /home/alberto/.gradle/wrapper/dists/gradle-2.2.1-all/2m8005s69iu8v0oiejfej094b/gradle-2.2.1/lib/plugins/bndlib-2.1.0.jar
7fc9db638000-7fc9db63a000 r--s 00004000 08:08 265541                     /home/alberto/.gradle/wrapper/dists/gradle-2.2.1-all/2m8005s69iu8v0oiejfej094b/gradle-2.2.1/lib/plugins/gradle-osgi-2.2.1.jar
7fc9db63a000-7fc9db63b000 r--s 00002000 08:08 265579                     /home/alberto/.gradle/wrapper/dists/gradle-2.2.1-all/2m8005s69iu8v0oiejfej094b/gradle-2.2.1/lib/plugins/ant-antlr-1.9.3.jar
7fc9db63b000-7fc9db63d000 r--s 00004000 08:08 265540                     /home/alberto/.gradle/wrapper/dists/gradle-2.2.1-all/2m8005s69iu8v0oiejfej094b/gradle-2.2.1/lib/plugins/gradle-antlr-2.2.1.jar
7fc9db63d000-7fc9db640000 r--s 0001e000 08:08 265602                     /home/alberto/.gradle/wrapper/dists/gradle-2.2.1-all/2m8005s69iu8v0oiejfej094b/gradle-2.2.1/lib/plugins/jsp-api-2.1-6.1.14.jar
7fc9db640000-7fc9db663000 r--s 00344000 08:08 265601                     /home/alberto/.gradle/wrapper/dists/gradle-2.2.1-all/2m8005s69iu8v0oiejfej094b/gradle-2.2.1/lib/plugins/core-3.1.1.jar
7fc9db663000-7fc9db664000 r--s 00006000 08:08 265600                     /home/alberto/.gradle/wrapper/dists/gradle-2.2.1-all/2m8005s69iu8v0oiejfej094b/gradle-2.2.1/lib/plugins/jetty-naming-6.1.25.jar
7fc9db664000-7fc9db665000 r--s 00002000 08:08 265578                     /home/alberto/.gradle/wrapper/dists/gradle-2.2.1-all/2m8005s69iu8v0oiejfej094b/gradle-2.2.1/lib/plugins/geronimo-annotation_1.0_spec-1.0.jar
7fc9db665000-7fc9db667000 r--s 00002000 08:08 265577                     /home/alberto/.gradle/wrapper/dists/gradle-2.2.1-all/2m8005s69iu8v0oiejfej094b/gradle-2.2.1/lib/plugins/jetty-annotations-6.1.25.jar
7fc9db667000-7fc9db678000 r--s 000ea000 08:08 265576                     /home/alberto/.gradle/wrapper/dists/gradle-2.2.1-all/2m8005s69iu8v0oiejfej094b/gradle-2.2.1/lib/plugins/jsp-2.1-6.1.14.jar
7fc9db678000-7fc9db67a000 r--s 0000d000 08:08 265575                     /home/alberto/.gradle/wrapper/dists/gradle-2.2.1-all/2m8005s69iu8v0oiejfej094b/gradle-2.2.1/lib/plugins/jetty-plus-6.1.25.jar
7fc9db67a000-7fc9db67c000 r--s 0001f000 08:08 265574                     /home/alberto/.gradle/wrapper/dists/gradle-2.2.1-all/2m8005s69iu8v0oiejfej094b/gradle-2.2.1/lib/plugins/servlet-api-2.5-20081211.jar
7fc9db67c000-7fc9db680000 r--s 00028000 08:08 265573                     /home/alberto/.gradle/wrapper/dists/gradle-2.2.1-all/2m8005s69iu8v0oiejfej094b/gradle-2.2.1/lib/plugins/jetty-util-6.1.25.jar
7fc9db680000-7fc9db687000 r--s 0007d000 08:08 265572                     /home/alberto/.gradle/wrapper/dists/gradle-2.2.1-all/2m8005s69iu8v0oiejfej094b/gradle-2.2.1/lib/plugins/jetty-6.1.25.jar
7fc9db687000-7fc9db689000 r--s 00009000 08:08 265539                     /home/alberto/.gradle/wrapper/dists/gradle-2.2.1-all/2m8005s69iu8v0oiejfej094b/gradle-2.2.1/lib/plugins/gradle-jetty-2.2.1.jar
7fc9db689000-7fc9db68e000 r--s 00041000 08:08 265538                     /home/alberto/.gradle/wrapper/dists/gradle-2.2.1-all/2m8005s69iu8v0oiejfej094b/gradle-2.2.1/lib/plugins/gradle-code-quality-2.2.1.jar
7fc9db68e000-7fc9db690000 r--s 00009000 08:08 265610                     /home/alberto/.gradle/wrapper/dists/gradle-2.2.1-all/2m8005s69iu8v0oiejfej094b/gradle-2.2.1/lib/plugins/hamcrest-core-1.3.jar
7fc9db690000-7fc9db696000 r--s 00033000 08:08 265599                     /home/alberto/.gradle/wrapper/dists/gradle-2.2.1-all/2m8005s69iu8v0oiejfej094b/gradle-2.2.1/lib/plugins/snakeyaml-1.6.jar
7fc9db696000-7fc9db698000 r--s 00006000 08:08 265598                     /home/alberto/.gradle/wrapper/dists/gradle-2.2.1-all/2m8005s69iu8v0oiejfej094b/gradle-2.2.1/lib/plugins/jcommander-1.12.jar
7fc9db698000-7fc9db69d000 r--s 00040000 08:08 265597                     /home/alberto/.gradle/wrapper/dists/gradle-2.2.1-all/2m8005s69iu8v0oiejfej094b/gradle-2.2.1/lib/plugins/bsh-2.0b4.jar
7fc9db69d000-7fc9db69f000 r--s 00009000 08:08 265571                     /home/alberto/.gradle/wrapper/dists/gradle-2.2.1-all/2m8005s69iu8v0oiejfej094b/gradle-2.2.1/lib/plugins/commons-cli-1.2.jar
7fc9db69f000-7fc9db6a8000 r--s 00089000 08:08 265570                     /home/alberto/.gradle/wrapper/dists/gradle-2.2.1-all/2m8005s69iu8v0oiejfej094b/gradle-2.2.1/lib/plugins/testng-6.3.1.jar
7fc9db6a8000-7fc9db6ae000 r--s 00036000 08:08 265569                     /home/alberto/.gradle/wrapper/dists/gradle-2.2.1-all/2m8005s69iu8v0oiejfej094b/gradle-2.2.1/lib/plugins/junit-4.11.jar
7fc9db6ae000-7fc9db6ba000 r--s 00075000 08:08 265537                     /home/alberto/.gradle/wrapper/dists/gradle-2.2.1-all/2m8005s69iu8v0oiejfej094b/gradle-2.2.1/lib/plugins/gradle-plugins-2.2.1.jar
7fc9db6ba000-7fc9db6bd000 r--s 00011000 08:08 265567                     /home/alberto/.gradle/wrapper/dists/gradle-2.2.1-all/2m8005s69iu8v0oiejfej094b/gradle-2.2.1/lib/plugins/gradle-plugin-use-2.2.1.jar
7fc9db6bd000-7fc9db6d5000 r--s 00115000 08:08 265608                     /home/alberto/.gradle/wrapper/dists/gradle-2.2.1-all/2m8005s69iu8v0oiejfej094b/gradle-2.2.1/lib/plugins/xercesImpl-2.9.1.jar
7fc9db6d5000-7fc9db6dd000 r--s 00028000 08:08 265609                     /home/alberto/.gradle/wrapper/dists/gradle-2.2.1-all/2m8005s69iu8v0oiejfej094b/gradle-2.2.1/lib/plugins/xml-apis-1.3.04.jar
7fc9db6dd000-7fc9db6e3000 r--s 0005b000 08:08 265607                     /home/alberto/.gradle/wrapper/dists/gradle-2.2.1-all/2m8005s69iu8v0oiejfej094b/gradle-2.2.1/lib/plugins/jcifs-1.3.17.jar
7fc9db6e3000-7fc9db6e9000 r--s 00031000 08:08 265606                     /home/alberto/.gradle/wrapper/dists/gradle-2.2.1-all/2m8005s69iu8v0oiejfej094b/gradle-2.2.1/lib/plugins/httpcore-4.2.2.jar
7fc9db6e9000-7fc9db6ef000 r--s 00033000 08:08 265605                     /home/alberto/.gradle/wrapper/dists/gradle-2.2.1-all/2m8005s69iu8v0oiejfej094b/gradle-2.2.1/lib/plugins/commons-codec-1.6.jar
7fc9db6ef000-7fc9db6f2000 r--s 0001c000 08:08 265604                     /home/alberto/.gradle/wrapper/dists/gradle-2.2.1-all/2m8005s69iu8v0oiejfej094b/gradle-2.2.1/lib/plugins/nekohtml-1.9.14.jar
7fc9db6f2000-7fc9db6fb000 r--s 00060000 08:08 265603                     /home/alberto/.gradle/wrapper/dists/gradle-2.2.1-all/2m8005s69iu8v0oiejfej094b/gradle-2.2.1/lib/plugins/httpclient-4.2.2.jar
7fc9db6fb000-7fc9db6fd000 r--s 00007000 08:08 265592                     /home/alberto/.gradle/wrapper/dists/gradle-2.2.1-all/2m8005s69iu8v0oiejfej094b/gradle-2.2.1/lib/plugins/gradle-resources-http-2.2.1.jar
7fc9db6fd000-7fc9db725000 r--s 00194000 08:08 265596                     /home/alberto/.gradle/wrapper/dists/gradle-2.2.1-all/2m8005s69iu8v0oiejfej094b/gradle-2.2.1/lib/plugins/bcprov-jdk15-1.46.jar
7fc9db725000-7fc9db729000 r--s 0001d000 08:08 265595                     /home/alberto/.gradle/wrapper/dists/gradle-2.2.1-all/2m8005s69iu8v0oiejfej094b/gradle-2.2.1/lib/plugins/xbean-reflect-3.4.jar
7fc9db729000-7fc9db72e000 r--s 0002a000 08:08 265589                     /home/alberto/.gradle/wrapper/dists/gradle-2.2.1-all/2m8005s69iu8v0oiejfej094b/gradle-2.2.1/lib/plugins/gson-2.2.4.jar
7fc9db72e000-7fc9db732000 r--s 0003d000 08:08 265594                     /home/alberto/.gradle/wrapper/dists/gradle-2.2.1-all/2m8005s69iu8v0oiejfej094b/gradle-2.2.1/lib/plugins/jsch-0.1.51.jar
7fc9db732000-7fc9db74b000 r--s 00129000 08:08 265582                     /home/alberto/.gradle/wrapper/dists/gradle-2.2.1-all/2m8005s69iu8v0oiejfej094b/gradle-2.2.1/lib/plugins/maven-ant-tasks-2.1.3.jar
7fc9db74b000-7fc9db75a000 r--s 000d9000 08:08 265593                     /home/alberto/.gradle/wrapper/dists/gradle-2.2.1-all/2m8005s69iu8v0oiejfej094b/gradle-2.2.1/lib/plugins/ivy-2.2.0.jar
7fc9db75a000-7fc9db75e000 r--s 0001e000 08:08 265536                     /home/alberto/.gradle/wrapper/dists/gradle-2.2.1-all/2m8005s69iu8v0oiejfej094b/gradle-2.2.1/lib/plugins/jarjar-aether-impl-1.13.1.jar
7fc9db75e000-7fc9db761000 r--s 00027000 08:08 265535                     /home/alberto/.gradle/wrapper/dists/gradle-2.2.1-all/2m8005s69iu8v0oiejfej094b/gradle-2.2.1/lib/plugins/jarjar-maven-model-3.0.4.jar
7fc9db761000-7fc9db764000 r--s 0000b000 08:08 265534                     /home/alberto/.gradle/wrapper/dists/gradle-2.2.1-all/2m8005s69iu8v0oiejfej094b/gradle-2.2.1/lib/plugins/jarjar-maven-artifact-3.0.4.jar
7fc9db764000-7fc9db768000 r--s 0001e000 08:08 265533                     /home/alberto/.gradle/wrapper/dists/gradle-2.2.1-all/2m8005s69iu8v0oiejfej094b/gradle-2.2.1/lib/plugins/jarjar-aether-util-1.13.1.jar
7fc9db768000-7fc9db76a000 r--s 00007000 08:08 265532                     /home/alberto/.gradle/wrapper/dists/gradle-2.2.1-all/2m8005s69iu8v0oiejfej094b/gradle-2.2.1/lib/plugins/jarjar-wagon-http-shared4-2.4.jar
7fc9db76a000-7fc9db777000 r--s 00083000 08:08 265531                     /home/alberto/.gradle/wrapper/dists/gradle-2.2.1-all/2m8005s69iu8v0oiejfej094b/gradle-2.2.1/lib/plugins/jarjar-maven-core-3.0.4.jar
7fc9db777000-7fc9db779000 r--s 00003000 08:08 265530                     /home/alberto/.gradle/wrapper/dists/gradle-2.2.1-all/2m8005s69iu8v0oiejfej094b/gradle-2.2.1/lib/plugins/jarjar-aether-spi-1.13.1.jar
7fc9db779000-7fc9db77b000 r--s 00009000 08:08 265529                     /home/alberto/.gradle/wrapper/dists/gradle-2.2.1-all/2m8005s69iu8v0oiejfej094b/gradle-2.2.1/lib/plugins/jarjar-maven-settings-builder-3.0.4.jar
7fc9db77b000-7fc9db77f000 r--s 00014000 08:08 265528                     /home/alberto/.gradle/wrapper/dists/gradle-2.2.1-all/2m8005s69iu8v0oiejfej094b/gradle-2.2.1/lib/plugins/jarjar-aether-api-1.13.1.jar
7fc9db77f000-7fc9db786000 r--s 00042000 08:08 265526                     /home/alberto/.gradle/wrapper/dists/gradle-2.2.1-all/2m8005s69iu8v0oiejfej094b/gradle-2.2.1/lib/plugins/jarjar-maven-compat-3.0.4.jar
7fc9db786000-7fc9db788000 r--s 00006000 08:08 265525                     /home/alberto/.gradle/wrapper/dists/gradle-2.2.1-all/2m8005s69iu8v0oiejfej094b/gradle-2.2.1/lib/plugins/jarjar-aether-connector-wagon-1.13.1.jar
7fc9db788000-7fc9db78d000 r--s 00022000 08:08 265522                     /home/alberto/.gradle/wrapper/dists/gradle-2.2.1-all/2m8005s69iu8v0oiejfej094b/gradle-2.2.1/lib/plugins/jarjar-maven-model-builder-3.0.4.jar
7fc9db78d000-7fc9db79d000 r-xp 00000000 08:08 540051                     /usr/lib/jvm/java-7-openjdk-amd64/jre/lib/amd64/libnio.so
7fc9db79d000-7fc9db99d000 ---p 00010000 08:08 540051                     /usr/lib/jvm/java-7-openjdk-amd64/jre/lib/amd64/libnio.so
7fc9db99d000-7fc9db99e000 r--p 00010000 08:08 540051                     /usr/lib/jvm/java-7-openjdk-amd64/jre/lib/amd64/libnio.so
7fc9db99e000-7fc9db99f000 rw-p 00011000 08:08 540051                     /usr/lib/jvm/java-7-openjdk-amd64/jre/lib/amd64/libnio.so
7fc9db99f000-7fc9db9dc000 r-xp 00000000 08:08 1049355                    /lib/x86_64-linux-gnu/libpcre.so.3.13.1
7fc9db9dc000-7fc9dbbdb000 ---p 0003d000 08:08 1049355                    /lib/x86_64-linux-gnu/libpcre.so.3.13.1
7fc9dbbdb000-7fc9dbbdc000 r--p 0003c000 08:08 1049355                    /lib/x86_64-linux-gnu/libpcre.so.3.13.1
7fc9dbbdc000-7fc9dbbdd000 rw-p 0003d000 08:08 1049355                    /lib/x86_64-linux-gnu/libpcre.so.3.13.1
7fc9dbbdd000-7fc9dbbe4000 r-xp 00000000 08:08 533155                     /usr/lib/x86_64-linux-gnu/libffi.so.6.0.1
7fc9dbbe4000-7fc9dbde3000 ---p 00007000 08:08 533155                     /usr/lib/x86_64-linux-gnu/libffi.so.6.0.1
7fc9dbde3000-7fc9dbde4000 r--p 00006000 08:08 533155                     /usr/lib/x86_64-linux-gnu/libffi.so.6.0.1
7fc9dbde4000-7fc9dbde5000 rw-p 00007000 08:08 533155                     /usr/lib/x86_64-linux-gnu/libffi.so.6.0.1
7fc9dbde5000-7fc9dbdfc000 r-xp 00000000 08:08 1049378                    /lib/x86_64-linux-gnu/libresolv-2.19.so
7fc9dbdfc000-7fc9dbffc000 ---p 00017000 08:08 1049378                    /lib/x86_64-linux-gnu/libresolv-2.19.so
7fc9dbffc000-7fc9dbffd000 r--p 00017000 08:08 1049378                    /lib/x86_64-linux-gnu/libresolv-2.19.so
7fc9dbffd000-7fc9dbffe000 rw-p 00018000 08:08 1049378                    /lib/x86_64-linux-gnu/libresolv-2.19.so
7fc9dbffe000-7fc9dc000000 rw-p 00000000 00:00 0 
7fc9dc000000-7fc9dc021000 rw-p 00000000 00:00 0 
7fc9dc021000-7fc9e0000000 ---p 00000000 00:00 0 
7fc9e0000000-7fc9e0611000 rw-p 00000000 00:00 0 
7fc9e0611000-7fc9e4000000 ---p 00000000 00:00 0 
7fc9e4000000-7fc9e4021000 rw-p 00000000 00:00 0 
7fc9e4021000-7fc9e8000000 ---p 00000000 00:00 0 
7fc9e8000000-7fc9e8021000 rw-p 00000000 00:00 0 
7fc9e8021000-7fc9ec000000 ---p 00000000 00:00 0 
7fc9ec000000-7fc9eca5f000 rw-p 00000000 00:00 0 
7fc9eca5f000-7fc9f0000000 ---p 00000000 00:00 0 
7fc9f0000000-7fc9f0021000 rw-p 00000000 00:00 0 
7fc9f0021000-7fc9f4000000 ---p 00000000 00:00 0 
7fc9f4000000-7fc9f4240000 rw-p 00000000 00:00 0 
7fc9f4240000-7fc9f8000000 ---p 00000000 00:00 0 
7fc9f8000000-7fc9f8021000 rw-p 00000000 00:00 0 
7fc9f8021000-7fc9fc000000 ---p 00000000 00:00 0 
7fc9fc000000-7fc9fc021000 rw-p 00000000 00:00 0 
7fc9fc021000-7fca00000000 ---p 00000000 00:00 0 
7fca00000000-7fca00021000 rw-p 00000000 00:00 0 
7fca00021000-7fca04000000 ---p 00000000 00:00 0 
7fca04000000-7fca04021000 rw-p 00000000 00:00 0 
7fca04021000-7fca08000000 ---p 00000000 00:00 0 
7fca08000000-7fca08002000 r--s 00000000 08:08 265524                     /home/alberto/.gradle/wrapper/dists/gradle-2.2.1-all/2m8005s69iu8v0oiejfej094b/gradle-2.2.1/lib/plugins/jarjar-plexus-component-annotations-1.5.5.jar
7fca08002000-7fca08004000 r--s 00006000 08:08 265523                     /home/alberto/.gradle/wrapper/dists/gradle-2.2.1-all/2m8005s69iu8v0oiejfej094b/gradle-2.2.1/lib/plugins/jarjar-plexus-sec-dispatcher-1.3.jar
7fca08004000-7fca08006000 r--s 0000b000 08:08 265521                     /home/alberto/.gradle/wrapper/dists/gradle-2.2.1-all/2m8005s69iu8v0oiejfej094b/gradle-2.2.1/lib/plugins/jarjar-maven-plugin-api-3.0.4.jar
7fca08006000-7fca08009000 r--s 0000a000 08:08 265520                     /home/alberto/.gradle/wrapper/dists/gradle-2.2.1-all/2m8005s69iu8v0oiejfej094b/gradle-2.2.1/lib/plugins/jarjar-plexus-classworlds-2.4.jar
7fca08009000-7fca0800d000 r--s 00035000 08:08 265519                     /home/alberto/.gradle/wrapper/dists/gradle-2.2.1-all/2m8005s69iu8v0oiejfej094b/gradle-2.2.1/lib/plugins/jarjar-plexus-utils-2.0.6.jar
7fca0800d000-7fca08025000 r--s 000b5000 08:08 265568                     /home/alberto/.gradle/wrapper/dists/gradle-2.2.1-all/2m8005s69iu8v0oiejfej094b/gradle-2.2.1/lib/plugins/gradle-dependency-management-2.2.1.jar
7fca08025000-7fca0804b000 r--p 00000000 08:08 798442                     /usr/share/locale-langpack/es/LC_MESSAGES/libc.mo
7fca0804b000-7fca0807c000 rw-p 00000000 00:00 0 
7fca0807c000-7fca0809c000 r-xp 00000000 08:08 1049382                    /lib/x86_64-linux-gnu/libselinux.so.1
7fca0809c000-7fca0829b000 ---p 00020000 08:08 1049382                    /lib/x86_64-linux-gnu/libselinux.so.1
7fca0829b000-7fca0829c000 r--p 0001f000 08:08 1049382                    /lib/x86_64-linux-gnu/libselinux.so.1
7fca0829c000-7fca0829d000 rw-p 00020000 08:08 1049382                    /lib/x86_64-linux-gnu/libselinux.so.1
7fca0829d000-7fca0829f000 rw-p 00000000 00:00 0 
7fca0829f000-7fca082a2000 r-xp 00000000 08:08 533268                     /usr/lib/x86_64-linux-gnu/libgmodule-2.0.so.0.4002.0
7fca082a2000-7fca084a1000 ---p 00003000 08:08 533268                     /usr/lib/x86_64-linux-gnu/libgmodule-2.0.so.0.4002.0
7fca084a1000-7fca084a2000 r--p 00002000 08:08 533268                     /usr/lib/x86_64-linux-gnu/libgmodule-2.0.so.0.4002.0
7fca084a2000-7fca084a3000 rw-p 00003000 08:08 533268                     /usr/lib/x86_64-linux-gnu/libgmodule-2.0.so.0.4002.0
7fca084a3000-7fca085a9000 r-xp 00000000 08:08 1049283                    /lib/x86_64-linux-gnu/libglib-2.0.so.0.4002.0
7fca085a9000-7fca087a8000 ---p 00106000 08:08 1049283                    /lib/x86_64-linux-gnu/libglib-2.0.so.0.4002.0
7fca087a8000-7fca087a9000 r--p 00105000 08:08 1049283                    /lib/x86_64-linux-gnu/libglib-2.0.so.0.4002.0
7fca087a9000-7fca087aa000 rw-p 00106000 08:08 1049283                    /lib/x86_64-linux-gnu/libglib-2.0.so.0.4002.0
7fca087aa000-7fca087ab000 rw-p 00000000 00:00 0 
7fca087ab000-7fca087fa000 r-xp 00000000 08:08 533284                     /usr/lib/x86_64-linux-gnu/libgobject-2.0.so.0.4002.0
7fca087fa000-7fca089fa000 ---p 0004f000 08:08 533284                     /usr/lib/x86_64-linux-gnu/libgobject-2.0.so.0.4002.0
7fca089fa000-7fca089fb000 r--p 0004f000 08:08 533284                     /usr/lib/x86_64-linux-gnu/libgobject-2.0.so.0.4002.0
7fca089fb000-7fca089fc000 rw-p 00050000 08:08 533284                     /usr/lib/x86_64-linux-gnu/libgobject-2.0.so.0.4002.0
7fca089fc000-7fca08b68000 r-xp 00000000 08:08 533256                     /usr/lib/x86_64-linux-gnu/libgio-2.0.so.0.4002.0
7fca08b68000-7fca08d67000 ---p 0016c000 08:08 533256                     /usr/lib/x86_64-linux-gnu/libgio-2.0.so.0.4002.0
7fca08d67000-7fca08d6b000 r--p 0016b000 08:08 533256                     /usr/lib/x86_64-linux-gnu/libgio-2.0.so.0.4002.0
7fca08d6b000-7fca08d6d000 rw-p 0016f000 08:08 533256                     /usr/lib/x86_64-linux-gnu/libgio-2.0.so.0.4002.0
7fca08d6d000-7fca08d6f000 rw-p 00000000 00:00 0 
7fca08d6f000-7fca08d70000 r--s 00002000 08:08 265527                     /home/alberto/.gradle/wrapper/dists/gradle-2.2.1-all/2m8005s69iu8v0oiejfej094b/gradle-2.2.1/lib/plugins/jarjar-wagon-http-2.4.jar
7fca08d70000-7fca08d72000 r--s 0000e000 08:08 265518                     /home/alberto/.gradle/wrapper/dists/gradle-2.2.1-all/2m8005s69iu8v0oiejfej094b/gradle-2.2.1/lib/plugins/jarjar-plexus-interpolation-1.14.jar
7fca08d72000-7fca08d74000 r--s 00002000 08:08 265517                     /home/alberto/.gradle/wrapper/dists/gradle-2.2.1-all/2m8005s69iu8v0oiejfej094b/gradle-2.2.1/lib/plugins/jarjar-plexus-cipher-1.7.jar
7fca08d74000-7fca08d76000 r--s 0000c000 08:08 265516                     /home/alberto/.gradle/wrapper/dists/gradle-2.2.1-all/2m8005s69iu8v0oiejfej094b/gradle-2.2.1/lib/plugins/jarjar-wagon-provider-api-2.4.jar
7fca08d76000-7fca08d78000 r--s 0000d000 08:08 265515                     /home/alberto/.gradle/wrapper/dists/gradle-2.2.1-all/2m8005s69iu8v0oiejfej094b/gradle-2.2.1/lib/plugins/jarjar-maven-aether-provider-3.0.4.jar
7fca08d78000-7fca08d80000 r--s 00031000 08:08 265514                     /home/alberto/.gradle/wrapper/dists/gradle-2.2.1-all/2m8005s69iu8v0oiejfej094b/gradle-2.2.1/lib/plugins/jarjar-plexus-container-default-1.5.5.jar
7fca08d80000-7fca08d81000 r--s 00007000 08:08 265513                     /home/alberto/.gradle/wrapper/dists/gradle-2.2.1-all/2m8005s69iu8v0oiejfej094b/gradle-2.2.1/lib/plugins/jarjar-maven-repository-metadata-3.0.4.jar
7fca08d81000-7fca08d82000 r--s 0000b000 08:08 265512                     /home/alberto/.gradle/wrapper/dists/gradle-2.2.1-all/2m8005s69iu8v0oiejfej094b/gradle-2.2.1/lib/plugins/jarjar-maven-settings-3.0.4.jar
7fca08d82000-7fca08d89000 r--s 00000000 08:08 787284                     /usr/lib/x86_64-linux-gnu/gconv/gconv-modules.cache
7fca08d89000-7fca08da0000 r-xp 00000000 08:08 540046                     /usr/lib/jvm/java-7-openjdk-amd64/jre/lib/amd64/libnet.so
7fca08da0000-7fca08f9f000 ---p 00017000 08:08 540046                     /usr/lib/jvm/java-7-openjdk-amd64/jre/lib/amd64/libnet.so
7fca08f9f000-7fca08fa0000 r--p 00016000 08:08 540046                     /usr/lib/jvm/java-7-openjdk-amd64/jre/lib/amd64/libnet.so
7fca08fa0000-7fca08fa1000 rw-p 00017000 08:08 540046                     /usr/lib/jvm/java-7-openjdk-amd64/jre/lib/amd64/libnet.so
7fca08fa1000-7fca08fa2000 r--s 00005000 08:08 265463                     /home/alberto/.gradle/wrapper/dists/gradle-2.2.1-all/2m8005s69iu8v0oiejfej094b/gradle-2.2.1/lib/gradle-wrapper-2.2.1.jar
7fca08fa2000-7fca08fab000 r--s 0002c000 08:08 265468                     /home/alberto/.gradle/wrapper/dists/gradle-2.2.1-all/2m8005s69iu8v0oiejfej094b/gradle-2.2.1/lib/gradle-tooling-api-2.2.1.jar
7fca08fab000-7fca08fad000 r--s 00002000 08:08 265492                     /home/alberto/.gradle/wrapper/dists/gradle-2.2.1-all/2m8005s69iu8v0oiejfej094b/gradle-2.2.1/lib/gradle-open-api-2.2.1.jar
7fca08fad000-7fca08fb3000 r--s 00032000 08:08 265494                     /home/alberto/.gradle/wrapper/dists/gradle-2.2.1-all/2m8005s69iu8v0oiejfej094b/gradle-2.2.1/lib/jaxen-1.1.jar
7fca08fb3000-7fca08fb8000 r--s 00048000 08:08 265493                     /home/alberto/.gradle/wrapper/dists/gradle-2.2.1-all/2m8005s69iu8v0oiejfej094b/gradle-2.2.1/lib/dom4j-1.6.1.jar
7fca08fb8000-7fca08fc3000 r--s 00059000 08:08 265467                     /home/alberto/.gradle/wrapper/dists/gradle-2.2.1-all/2m8005s69iu8v0oiejfej094b/gradle-2.2.1/lib/gradle-ui-2.2.1.jar
7fca08fc3000-7fca08fc5000 r--s 00006000 08:08 265488                     /home/alberto/.gradle/wrapper/dists/gradle-2.2.1-all/2m8005s69iu8v0oiejfej094b/gradle-2.2.1/lib/gradle-resources-2.2.1.jar
7fca08fc5000-7fca08fc7000 r--s 00007000 08:08 265510                     /home/alberto/.gradle/wrapper/dists/gradle-2.2.1-all/2m8005s69iu8v0oiejfej094b/gradle-2.2.1/lib/objenesis-1.2.jar
7fca08fc7000-7fca08fc9000 r--s 00000000 08:08 265509                     /home/alberto/.gradle/wrapper/dists/gradle-2.2.1-all/2m8005s69iu8v0oiejfej094b/gradle-2.2.1/lib/minlog-1.2.jar
7fca08fc9000-7fca08fcb000 r--s 0000f000 08:08 265508                     /home/alberto/.gradle/wrapper/dists/gradle-2.2.1-all/2m8005s69iu8v0oiejfej094b/gradle-2.2.1/lib/reflectasm-1.07-shaded.jar
7fca08fcb000-7fca08fcf000 r--s 00026000 08:08 265499                     /home/alberto/.gradle/wrapper/dists/gradle-2.2.1-all/2m8005s69iu8v0oiejfej094b/gradle-2.2.1/lib/kryo-2.20.jar
7fca08fcf000-7fca08fd8000 r--s 00039000 08:08 265487                     /home/alberto/.gradle/wrapper/dists/gradle-2.2.1-all/2m8005s69iu8v0oiejfej094b/gradle-2.2.1/lib/gradle-messaging-2.2.1.jar
7fca08fd8000-7fca08fd9000 r--s 00003000 08:08 265507                     /home/alberto/.gradle/wrapper/dists/gradle-2.2.1-all/2m8005s69iu8v0oiejfej094b/gradle-2.2.1/lib/native-platform-freebsd-amd64-0.10.jar
7fca08fd9000-7fca08fda000 r--s 00003000 08:08 265506                     /home/alberto/.gradle/wrapper/dists/gradle-2.2.1-all/2m8005s69iu8v0oiejfej094b/gradle-2.2.1/lib/native-platform-freebsd-i386-0.10.jar
7fca08fda000-7fca08fdb000 r--s 00005000 08:08 265505                     /home/alberto/.gradle/wrapper/dists/gradle-2.2.1-all/2m8005s69iu8v0oiejfej094b/gradle-2.2.1/lib/native-platform-windows-i386-0.10.jar
7fca08fdb000-7fca08fdc000 r--s 00005000 08:08 265504                     /home/alberto/.gradle/wrapper/dists/gradle-2.2.1-all/2m8005s69iu8v0oiejfej094b/gradle-2.2.1/lib/native-platform-windows-amd64-0.10.jar
7fca08fdc000-7fca08fdd000 r--s 00003000 08:08 265503                     /home/alberto/.gradle/wrapper/dists/gradle-2.2.1-all/2m8005s69iu8v0oiejfej094b/gradle-2.2.1/lib/native-platform-linux-i386-0.10.jar
7fca08fdd000-7fca08fde000 r--s 00003000 08:08 265502                     /home/alberto/.gradle/wrapper/dists/gradle-2.2.1-all/2m8005s69iu8v0oiejfej094b/gradle-2.2.1/lib/native-platform-linux-amd64-0.10.jar
7fca08fde000-7fca08fdf000 r--s 00002000 08:08 265501                     /home/alberto/.gradle/wrapper/dists/gradle-2.2.1-all/2m8005s69iu8v0oiejfej094b/gradle-2.2.1/lib/native-platform-osx-amd64-0.10.jar
7fca08fdf000-7fca08fe0000 r--s 00002000 08:08 265500                     /home/alberto/.gradle/wrapper/dists/gradle-2.2.1-all/2m8005s69iu8v0oiejfej094b/gradle-2.2.1/lib/native-platform-osx-i386-0.10.jar
7fca08fe0000-7fca08fe2000 r--s 00008000 08:08 265497                     /home/alberto/.gradle/wrapper/dists/gradle-2.2.1-all/2m8005s69iu8v0oiejfej094b/gradle-2.2.1/lib/jansi-1.2.1.jar
7fca08fe2000-7fca08fe5000 r--s 0000d000 08:08 265496                     /home/alberto/.gradle/wrapper/dists/gradle-2.2.1-all/2m8005s69iu8v0oiejfej094b/gradle-2.2.1/lib/native-platform-0.10.jar
7fca08fe5000-7fca08fe9000 r--s 000e4000 08:08 265495                     /home/alberto/.gradle/wrapper/dists/gradle-2.2.1-all/2m8005s69iu8v0oiejfej094b/gradle-2.2.1/lib/jna-3.2.7.jar
7fca08fe9000-7fca08feb000 r--s 00008000 08:08 265469                     /home/alberto/.gradle/wrapper/dists/gradle-2.2.1-all/2m8005s69iu8v0oiejfej094b/gradle-2.2.1/lib/gradle-native-2.2.1.jar
7fca08feb000-7fca08fed000 r--s 00005000 08:08 265466                     /home/alberto/.gradle/wrapper/dists/gradle-2.2.1-all/2m8005s69iu8v0oiejfej094b/gradle-2.2.1/lib/gradle-cli-2.2.1.jar
7fca08fed000-7fca08fef000 r--s 00003000 08:08 265486                     /home/alberto/.gradle/wrapper/dists/gradle-2.2.1-all/2m8005s69iu8v0oiejfej094b/gradle-2.2.1/lib/gradle-base-services-groovy-2.2.1.jar
7fca08fef000-7fca08ff1000 r--s 0000a000 08:08 265474                     /home/alberto/.gradle/wrapper/dists/gradle-2.2.1-all/2m8005s69iu8v0oiejfej094b/gradle-2.2.1/lib/gradle-model-groovy-2.2.1.jar
7fca08ff1000-7fca08ff5000 r--s 0001b000 08:08 265473                     /home/alberto/.gradle/wrapper/dists/gradle-2.2.1-all/2m8005s69iu8v0oiejfej094b/gradle-2.2.1/lib/gradle-model-core-2.2.1.jar
7fca08ff5000-7fca08ff6000 r--s 00000000 08:08 265489                     /home/alberto/.gradle/wrapper/dists/gradle-2.2.1-all/2m8005s69iu8v0oiejfej094b/gradle-2.2.1/lib/gradle-docs-2.2.1.jar
7fca08ff6000-7fca08ff8000 r--s 00003000 08:08 265491                     /home/alberto/.gradle/wrapper/dists/gradle-2.2.1-all/2m8005s69iu8v0oiejfej094b/gradle-2.2.1/lib/jcl-over-slf4j-1.7.7.jar
7fca08ff8000-7fca08ff9000 r--s 00005000 08:08 265490                     /home/alberto/.gradle/wrapper/dists/gradle-2.2.1-all/2m8005s69iu8v0oiejfej094b/gradle-2.2.1/lib/log4j-over-slf4j-1.7.7.jar
7fca08ff9000-7fca08ffa000 r--s 00000000 08:08 265485                     /home/alberto/.gradle/wrapper/dists/gradle-2.2.1-all/2m8005s69iu8v0oiejfej094b/gradle-2.2.1/lib/javax.inject-1.jar
7fca08ffa000-7fca08ffd000 r--s 0001b000 08:08 265484                     /home/alberto/.gradle/wrapper/dists/gradle-2.2.1-all/2m8005s69iu8v0oiejfej094b/gradle-2.2.1/lib/jarjar-1.3.jar
7fca08ffd000-7fca08fff000 r--s 00000000 08:08 265483                     /home/alberto/.gradle/wrapper/dists/gradle-2.2.1-all/2m8005s69iu8v0oiejfej094b/gradle-2.2.1/lib/jul-to-slf4j-1.7.7.jar
7fca08fff000-7fca09005000 r--s 0003b000 08:08 265481                     /home/alberto/.gradle/wrapper/dists/gradle-2.2.1-all/2m8005s69iu8v0oiejfej094b/gradle-2.2.1/lib/logback-classic-1.0.13.jar
7fca09005000-7fca0900f000 r--s 0005d000 08:08 265480                     /home/alberto/.gradle/wrapper/dists/gradle-2.2.1-all/2m8005s69iu8v0oiejfej094b/gradle-2.2.1/lib/logback-core-1.0.13.jar
7fca0900f000-7fca0901d000 r--s 0007f000 08:08 265477                     /home/alberto/.gradle/wrapper/dists/gradle-2.2.1-all/2m8005s69iu8v0oiejfej094b/gradle-2.2.1/lib/commons-collections-3.2.1.jar
7fca0901d000-7fca0901e000 ---p 00000000 00:00 0 
7fca0901e000-7fca0911e000 rw-p 00000000 00:00 0                          [stack:9409]
7fca0911e000-7fca09800000 r--p 00000000 08:08 530689                     /usr/lib/locale/locale-archive
7fca09800000-7fca0c000000 rw-p 00000000 00:00 0 
7fca0c000000-7fca0c021000 rw-p 00000000 00:00 0 
7fca0c021000-7fca10000000 ---p 00000000 00:00 0 
7fca10000000-7fca10001000 r--s 00000000 08:08 265482                     /home/alberto/.gradle/wrapper/dists/gradle-2.2.1-all/2m8005s69iu8v0oiejfej094b/gradle-2.2.1/lib/jcip-annotations-1.0.jar
7fca10001000-7fca10006000 r--s 00041000 08:08 265479                     /home/alberto/.gradle/wrapper/dists/gradle-2.2.1-all/2m8005s69iu8v0oiejfej094b/gradle-2.2.1/lib/commons-lang-2.6.jar
7fca10006000-7fca10009000 r--s 00018000 08:08 265478                     /home/alberto/.gradle/wrapper/dists/gradle-2.2.1-all/2m8005s69iu8v0oiejfej094b/gradle-2.2.1/lib/commons-io-1.4.jar
7fca10009000-7fca1000e000 r--s 00036000 08:08 265475                     /home/alberto/.gradle/wrapper/dists/gradle-2.2.1-all/2m8005s69iu8v0oiejfej094b/gradle-2.2.1/lib/asm-all-5.0.3.jar
7fca1000e000-7fca10079000 r--s 00685000 08:08 265472                     /home/alberto/.gradle/wrapper/dists/gradle-2.2.1-all/2m8005s69iu8v0oiejfej094b/gradle-2.2.1/lib/groovy-all-2.3.6.jar
7fca10079000-7fca100a1000 r--s 001cf000 08:08 265471                     /home/alberto/.gradle/wrapper/dists/gradle-2.2.1-all/2m8005s69iu8v0oiejfej094b/gradle-2.2.1/lib/guava-jdk5-17.0.jar
7fca100a1000-7fca100c0000 r--s 001cc000 08:08 265476                     /home/alberto/.gradle/wrapper/dists/gradle-2.2.1-all/2m8005s69iu8v0oiejfej094b/gradle-2.2.1/lib/ant-1.9.3.jar
7fca100c0000-7fca100f1000 r--s 00191000 08:08 265465                     /home/alberto/.gradle/wrapper/dists/gradle-2.2.1-all/2m8005s69iu8v0oiejfej094b/gradle-2.2.1/lib/gradle-core-2.2.1.jar
7fca100f1000-7fca100f4000 ---p 00000000 00:00 0 
7fca100f4000-7fca101f2000 rw-p 00000000 00:00 0                          [stack:9408]
7fca101f2000-7fca101f5000 ---p 00000000 00:00 0 
7fca101f5000-7fca102f3000 rw-p 00000000 00:00 0                          [stack:9407]
7fca102f3000-7fca102f6000 ---p 00000000 00:00 0 
7fca102f6000-7fca103f4000 rw-p 00000000 00:00 0                          [stack:9406]
7fca103f4000-7fca103f7000 ---p 00000000 00:00 0 
7fca103f7000-7fca104f5000 rw-p 00000000 00:00 0                          [stack:9405]
7fca104f5000-7fca104f8000 ---p 00000000 00:00 0 
7fca104f8000-7fca105f6000 rw-p 00000000 00:00 0                          [stack:9404]
7fca105f6000-7fca105f9000 ---p 00000000 00:00 0 
7fca105f9000-7fca106f7000 rw-p 00000000 00:00 0                          [stack:9403]
7fca106f7000-7fca106f8000 ---p 00000000 00:00 0 
7fca106f8000-7fca11000000 rw-p 00000000 00:00 0                          [stack:9402]
7fca11000000-7fca11270000 rwxp 00000000 00:00 0 
7fca11270000-7fca14a1a000 rw-p 00000000 00:00 0 
7fca14a1a000-7fca18000000 ---p 00000000 00:00 0 
7fca18000000-7fca18002000 r--s 00006000 08:08 265470                     /home/alberto/.gradle/wrapper/dists/gradle-2.2.1-all/2m8005s69iu8v0oiejfej094b/gradle-2.2.1/lib/slf4j-api-1.7.7.jar
7fca18002000-7fca18003000 r--s 00004000 08:08 265498                     /home/alberto/.gradle/wrapper/dists/gradle-2.2.1-all/2m8005s69iu8v0oiejfej094b/gradle-2.2.1/lib/ant-launcher-1.9.3.jar
7fca18003000-7fca18009000 r--s 00026000 08:08 265464                     /home/alberto/.gradle/wrapper/dists/gradle-2.2.1-all/2m8005s69iu8v0oiejfej094b/gradle-2.2.1/lib/gradle-base-services-2.2.1.jar
7fca18009000-7fca18011000 r--s 0003c000 08:08 265462                     /home/alberto/.gradle/wrapper/dists/gradle-2.2.1-all/2m8005s69iu8v0oiejfej094b/gradle-2.2.1/lib/gradle-launcher-2.2.1.jar
7fca18011000-7fca18806000 rw-p 00000000 00:00 0 
7fca18806000-7fca189b7000 r--s 01d29000 08:08 539984                     /usr/lib/jvm/java-7-openjdk-amd64/jre/lib/rt.jar
7fca189b7000-7fca18d30000 rw-p 00000000 00:00 0 
7fca18d30000-7fca18d31000 ---p 00000000 00:00 0 
7fca18d31000-7fca18e31000 rw-p 00000000 00:00 0                          [stack:9399]
7fca18e31000-7fca18e32000 ---p 00000000 00:00 0 
7fca18e32000-7fca18f32000 rw-p 00000000 00:00 0                          [stack:9398]
7fca18f32000-7fca18f33000 ---p 00000000 00:00 0 
7fca18f33000-7fca19033000 rw-p 00000000 00:00 0                          [stack:9397]
7fca19033000-7fca19034000 ---p 00000000 00:00 0 
7fca19034000-7fca1913f000 rw-p 00000000 00:00 0                          [stack:9396]
7fca1913f000-7fca191b4000 rw-p 00000000 00:00 0 
7fca191b4000-7fca191c8000 rw-p 00000000 00:00 0 
7fca191c8000-7fca1930a000 rw-p 00000000 00:00 0 
7fca1930a000-7fca19315000 rw-p 00000000 00:00 0 
7fca19315000-7fca1938a000 rw-p 00000000 00:00 0 
7fca1938a000-7fca1939e000 rw-p 00000000 00:00 0 
7fca1939e000-7fca194df000 rw-p 00000000 00:00 0 
7fca194df000-7fca19500000 rw-p 00000000 00:00 0 
7fca19500000-7fca1958a000 rw-p 00000000 00:00 0 
7fca1958a000-7fca1958b000 rw-p 00000000 00:00 0 
7fca1958b000-7fca19593000 r-xp 00000000 08:08 540017                     /usr/lib/jvm/java-7-openjdk-amd64/jre/lib/amd64/libzip.so
7fca19593000-7fca19792000 ---p 00008000 08:08 540017                     /usr/lib/jvm/java-7-openjdk-amd64/jre/lib/amd64/libzip.so
7fca19792000-7fca19793000 r--p 00007000 08:08 540017                     /usr/lib/jvm/java-7-openjdk-amd64/jre/lib/amd64/libzip.so
7fca19793000-7fca19794000 rw-p 00008000 08:08 540017                     /usr/lib/jvm/java-7-openjdk-amd64/jre/lib/amd64/libzip.so
7fca19794000-7fca1979f000 r-xp 00000000 08:08 1049327                    /lib/x86_64-linux-gnu/libnss_files-2.19.so
7fca1979f000-7fca1999e000 ---p 0000b000 08:08 1049327                    /lib/x86_64-linux-gnu/libnss_files-2.19.so
7fca1999e000-7fca1999f000 r--p 0000a000 08:08 1049327                    /lib/x86_64-linux-gnu/libnss_files-2.19.so
7fca1999f000-7fca199a0000 rw-p 0000b000 08:08 1049327                    /lib/x86_64-linux-gnu/libnss_files-2.19.so
7fca199a0000-7fca199ab000 r-xp 00000000 08:08 1049337                    /lib/x86_64-linux-gnu/libnss_nis-2.19.so
7fca199ab000-7fca19baa000 ---p 0000b000 08:08 1049337                    /lib/x86_64-linux-gnu/libnss_nis-2.19.so
7fca19baa000-7fca19bab000 r--p 0000a000 08:08 1049337                    /lib/x86_64-linux-gnu/libnss_nis-2.19.so
7fca19bab000-7fca19bac000 rw-p 0000b000 08:08 1049337                    /lib/x86_64-linux-gnu/libnss_nis-2.19.so
7fca19bac000-7fca19bc3000 r-xp 00000000 08:08 1049321                    /lib/x86_64-linux-gnu/libnsl-2.19.so
7fca19bc3000-7fca19dc2000 ---p 00017000 08:08 1049321                    /lib/x86_64-linux-gnu/libnsl-2.19.so
7fca19dc2000-7fca19dc3000 r--p 00016000 08:08 1049321                    /lib/x86_64-linux-gnu/libnsl-2.19.so
7fca19dc3000-7fca19dc4000 rw-p 00017000 08:08 1049321                    /lib/x86_64-linux-gnu/libnsl-2.19.so
7fca19dc4000-7fca19dc6000 rw-p 00000000 00:00 0 
7fca19dc6000-7fca19dcf000 r-xp 00000000 08:08 1049323                    /lib/x86_64-linux-gnu/libnss_compat-2.19.so
7fca19dcf000-7fca19fce000 ---p 00009000 08:08 1049323                    /lib/x86_64-linux-gnu/libnss_compat-2.19.so
7fca19fce000-7fca19fcf000 r--p 00008000 08:08 1049323                    /lib/x86_64-linux-gnu/libnss_compat-2.19.so
7fca19fcf000-7fca19fd0000 rw-p 00009000 08:08 1049323                    /lib/x86_64-linux-gnu/libnss_compat-2.19.so
7fca19fd0000-7fca19ffb000 r-xp 00000000 08:08 540054                     /usr/lib/jvm/java-7-openjdk-amd64/jre/lib/amd64/libjava.so
7fca19ffb000-7fca1a1fa000 ---p 0002b000 08:08 540054                     /usr/lib/jvm/java-7-openjdk-amd64/jre/lib/amd64/libjava.so
7fca1a1fa000-7fca1a1fb000 r--p 0002a000 08:08 540054                     /usr/lib/jvm/java-7-openjdk-amd64/jre/lib/amd64/libjava.so
7fca1a1fb000-7fca1a1fd000 rw-p 0002b000 08:08 540054                     /usr/lib/jvm/java-7-openjdk-amd64/jre/lib/amd64/libjava.so
7fca1a1fd000-7fca1a20d000 r-xp 00000000 08:08 540035                     /usr/lib/jvm/java-7-openjdk-amd64/jre/lib/amd64/libverify.so
7fca1a20d000-7fca1a40c000 ---p 00010000 08:08 540035                     /usr/lib/jvm/java-7-openjdk-amd64/jre/lib/amd64/libverify.so
7fca1a40c000-7fca1a40e000 r--p 0000f000 08:08 540035                     /usr/lib/jvm/java-7-openjdk-amd64/jre/lib/amd64/libverify.so
7fca1a40e000-7fca1a40f000 rw-p 00011000 08:08 540035                     /usr/lib/jvm/java-7-openjdk-amd64/jre/lib/amd64/libverify.so
7fca1a40f000-7fca1a416000 r-xp 00000000 08:08 1049380                    /lib/x86_64-linux-gnu/librt-2.19.so
7fca1a416000-7fca1a615000 ---p 00007000 08:08 1049380                    /lib/x86_64-linux-gnu/librt-2.19.so
7fca1a615000-7fca1a616000 r--p 00006000 08:08 1049380                    /lib/x86_64-linux-gnu/librt-2.19.so
7fca1a616000-7fca1a617000 rw-p 00007000 08:08 1049380                    /lib/x86_64-linux-gnu/librt-2.19.so
7fca1a617000-7fca1a62d000 r-xp 00000000 08:08 1049279                    /lib/x86_64-linux-gnu/libgcc_s.so.1
7fca1a62d000-7fca1a82c000 ---p 00016000 08:08 1049279                    /lib/x86_64-linux-gnu/libgcc_s.so.1
7fca1a82c000-7fca1a82d000 rw-p 00015000 08:08 1049279                    /lib/x86_64-linux-gnu/libgcc_s.so.1
7fca1a82d000-7fca1a932000 r-xp 00000000 08:08 1049302                    /lib/x86_64-linux-gnu/libm-2.19.so
7fca1a932000-7fca1ab31000 ---p 00105000 08:08 1049302                    /lib/x86_64-linux-gnu/libm-2.19.so
7fca1ab31000-7fca1ab32000 r--p 00104000 08:08 1049302                    /lib/x86_64-linux-gnu/libm-2.19.so
7fca1ab32000-7fca1ab33000 rw-p 00105000 08:08 1049302                    /lib/x86_64-linux-gnu/libm-2.19.so
7fca1ab33000-7fca1ac19000 r-xp 00000000 08:08 533777                     /usr/lib/x86_64-linux-gnu/libstdc++.so.6.0.19
7fca1ac19000-7fca1ae18000 ---p 000e6000 08:08 533777                     /usr/lib/x86_64-linux-gnu/libstdc++.so.6.0.19
7fca1ae18000-7fca1ae20000 r--p 000e5000 08:08 533777                     /usr/lib/x86_64-linux-gnu/libstdc++.so.6.0.19
7fca1ae20000-7fca1ae22000 rw-p 000ed000 08:08 533777                     /usr/lib/x86_64-linux-gnu/libstdc++.so.6.0.19
7fca1ae22000-7fca1ae37000 rw-p 00000000 00:00 0 
7fca1ae37000-7fca1b950000 r-xp 00000000 08:08 540023                     /usr/lib/jvm/java-7-openjdk-amd64/jre/lib/amd64/server/libjvm.so
7fca1b950000-7fca1bb50000 ---p 00b19000 08:08 540023                     /usr/lib/jvm/java-7-openjdk-amd64/jre/lib/amd64/server/libjvm.so
7fca1bb50000-7fca1bbea000 r--p 00b19000 08:08 540023                     /usr/lib/jvm/java-7-openjdk-amd64/jre/lib/amd64/server/libjvm.so
7fca1bbea000-7fca1bc0d000 rw-p 00bb3000 08:08 540023                     /usr/lib/jvm/java-7-openjdk-amd64/jre/lib/amd64/server/libjvm.so
7fca1bc0d000-7fca1bc3b000 rw-p 00000000 00:00 0 
7fca1bc3b000-7fca1bc53000 r-xp 00000000 08:08 1049415                    /lib/x86_64-linux-gnu/libz.so.1.2.8
7fca1bc53000-7fca1be52000 ---p 00018000 08:08 1049415                    /lib/x86_64-linux-gnu/libz.so.1.2.8
7fca1be52000-7fca1be53000 r--p 00017000 08:08 1049415                    /lib/x86_64-linux-gnu/libz.so.1.2.8
7fca1be53000-7fca1be54000 rw-p 00018000 08:08 1049415                    /lib/x86_64-linux-gnu/libz.so.1.2.8
7fca1be54000-7fca1be6d000 r-xp 00000000 08:08 1049372                    /lib/x86_64-linux-gnu/libpthread-2.19.so
7fca1be6d000-7fca1c06c000 ---p 00019000 08:08 1049372                    /lib/x86_64-linux-gnu/libpthread-2.19.so
7fca1c06c000-7fca1c06d000 r--p 00018000 08:08 1049372                    /lib/x86_64-linux-gnu/libpthread-2.19.so
7fca1c06d000-7fca1c06e000 rw-p 00019000 08:08 1049372                    /lib/x86_64-linux-gnu/libpthread-2.19.so
7fca1c06e000-7fca1c072000 rw-p 00000000 00:00 0 
7fca1c072000-7fca1c075000 r-xp 00000000 08:08 1049269                    /lib/x86_64-linux-gnu/libdl-2.19.so
7fca1c075000-7fca1c274000 ---p 00003000 08:08 1049269                    /lib/x86_64-linux-gnu/libdl-2.19.so
7fca1c274000-7fca1c275000 r--p 00002000 08:08 1049269                    /lib/x86_64-linux-gnu/libdl-2.19.so
7fca1c275000-7fca1c276000 rw-p 00003000 08:08 1049269                    /lib/x86_64-linux-gnu/libdl-2.19.so
7fca1c276000-7fca1c431000 r-xp 00000000 08:08 1049252                    /lib/x86_64-linux-gnu/libc-2.19.so
7fca1c431000-7fca1c630000 ---p 001bb000 08:08 1049252                    /lib/x86_64-linux-gnu/libc-2.19.so
7fca1c630000-7fca1c634000 r--p 001ba000 08:08 1049252                    /lib/x86_64-linux-gnu/libc-2.19.so
7fca1c634000-7fca1c636000 rw-p 001be000 08:08 1049252                    /lib/x86_64-linux-gnu/libc-2.19.so
7fca1c636000-7fca1c63b000 rw-p 00000000 00:00 0 
7fca1c63b000-7fca1c648000 r-xp 00000000 08:08 540020                     /usr/lib/jvm/java-7-openjdk-amd64/jre/lib/amd64/jli/libjli.so
7fca1c648000-7fca1c847000 ---p 0000d000 08:08 540020                     /usr/lib/jvm/java-7-openjdk-amd64/jre/lib/amd64/jli/libjli.so
7fca1c847000-7fca1c848000 r--p 0000c000 08:08 540020                     /usr/lib/jvm/java-7-openjdk-amd64/jre/lib/amd64/jli/libjli.so
7fca1c848000-7fca1c849000 rw-p 0000d000 08:08 540020                     /usr/lib/jvm/java-7-openjdk-amd64/jre/lib/amd64/jli/libjli.so
7fca1c849000-7fca1c86c000 r-xp 00000000 08:08 1049228                    /lib/x86_64-linux-gnu/ld-2.19.so
7fca1c86c000-7fca1c870000 r--s 0003c000 08:08 540004                     /usr/lib/jvm/java-7-openjdk-amd64/jre/lib/ext/sunpkcs11.jar
7fca1c870000-7fca1c893000 rw-p 00000000 00:00 0 
7fca1c893000-7fca1c949000 rw-p 00000000 00:00 0 
7fca1c949000-7fca1c94c000 ---p 00000000 00:00 0 
7fca1c94c000-7fca1ca4f000 rw-p 00000000 00:00 0                          [stack:9395]
7fca1ca4f000-7fca1ca51000 r--s 00012000 08:08 540006                     /usr/lib/jvm/java-7-openjdk-amd64/jre/lib/ext/zipfs.jar
7fca1ca51000-7fca1ca55000 r--s 00034000 08:08 540003                     /usr/lib/jvm/java-7-openjdk-amd64/jre/lib/ext/sunjce_provider.jar
7fca1ca55000-7fca1ca56000 r--s 00002000 08:08 540002                     /usr/lib/jvm/java-7-openjdk-amd64/jre/lib/ext/dnsns.jar
7fca1ca56000-7fca1ca58000 r--s 00006000 08:08 786437                     /usr/share/java/java-atk-wrapper.jar
7fca1ca58000-7fca1ca5b000 r--s 0000f000 08:08 540005                     /usr/lib/jvm/java-7-openjdk-amd64/jre/lib/ext/icedtea-sound.jar
7fca1ca5b000-7fca1ca5f000 r--s 00085000 08:08 540001                     /usr/lib/jvm/java-7-openjdk-amd64/jre/lib/ext/localedata.jar
7fca1ca5f000-7fca1ca67000 rw-s 00000000 08:08 1197010                    /tmp/hsperfdata_alberto/9392
7fca1ca67000-7fca1ca68000 rw-p 00000000 00:00 0 
7fca1ca68000-7fca1ca69000 ---p 00000000 00:00 0 
7fca1ca69000-7fca1ca6b000 rw-p 00000000 00:00 0 
7fca1ca6b000-7fca1ca6c000 r--p 00022000 08:08 1049228                    /lib/x86_64-linux-gnu/ld-2.19.so
7fca1ca6c000-7fca1ca6d000 rw-p 00023000 08:08 1049228                    /lib/x86_64-linux-gnu/ld-2.19.so
7fca1ca6d000-7fca1ca6e000 rw-p 00000000 00:00 0 
7ffdf8fd4000-7ffdf8ff5000 rw-p 00000000 00:00 0                          [stack]
7ffdf8ff8000-7ffdf8ffa000 r--p 00000000 00:00 0                          [vvar]
7ffdf8ffa000-7ffdf8ffc000 r-xp 00000000 00:00 0                          [vdso]
ffffffffff600000-ffffffffff601000 r-xp 00000000 00:00 0                  [vsyscall]

VM Arguments:
jvm_args: -XX:MaxPermSize=256m -XX:+HeapDumpOnOutOfMemoryError -Xmx1024m -Dfile.encoding=UTF-8 -Duser.country=ES -Duser.language=es -Duser.variant 
java_command: org.gradle.launcher.daemon.bootstrap.GradleDaemon 2.2.1 /home/alberto/.gradle/daemon 10800000 ea478dfc-4531-479e-aee3-315d21597cbb -XX:MaxPermSize=256m -XX:+HeapDumpOnOutOfMemoryError -Xmx1024m -Dfile.encoding=UTF-8 -Duser.country=ES -Duser.language=es -Duser.variant
Launcher Type: SUN_STANDARD

Environment Variables:
JAVA_HOME=/usr/lib/jvm/java-7-openjdk-amd64
PATH=/usr/local/sbin:/usr/local/bin:/usr/sbin:/usr/bin:/sbin:/bin:/usr/games:/usr/local/games:/opt/android-sdk-linux/tools:/opt/android-sdk-linux/platform-tools
SHELL=/bin/bash
DISPLAY=:0

Signal Handlers:
SIGSEGV: [libjvm.so+0x94bab0], sa_mask[0]=0x7ffbfeff, sa_flags=0x10000004
SIGBUS: [libjvm.so+0x94bab0], sa_mask[0]=0x7ffbfeff, sa_flags=0x10000004
SIGFPE: [libjvm.so+0x7c38b0], sa_mask[0]=0x7ffbfeff, sa_flags=0x10000004
SIGPIPE: [libjvm.so+0x7c38b0], sa_mask[0]=0x7ffbfeff, sa_flags=0x10000004
SIGXFSZ: [libjvm.so+0x7c38b0], sa_mask[0]=0x7ffbfeff, sa_flags=0x10000004
SIGILL: [libjvm.so+0x7c38b0], sa_mask[0]=0x7ffbfeff, sa_flags=0x10000004
SIGUSR1: SIG_DFL, sa_mask[0]=0x00000000, sa_flags=0x00000000
SIGUSR2: [libjvm.so+0x7c3750], sa_mask[0]=0x00000004, sa_flags=0x10000004
SIGHUP: [libjvm.so+0x7c3930], sa_mask[0]=0x7ffbfeff, sa_flags=0x10000004
SIGINT: [libjvm.so+0x7c3930], sa_mask[0]=0x7ffbfeff, sa_flags=0x10000004
SIGTERM: [libjvm.so+0x7c3930], sa_mask[0]=0x7ffbfeff, sa_flags=0x10000004
SIGQUIT: [libjvm.so+0x7c3930], sa_mask[0]=0x7ffbfeff, sa_flags=0x10000004
SIGTRAP: SIG_DFL, sa_mask[0]=0x00000000, sa_flags=0x00000000


---------------  S Y S T E M  ---------------

OS:Ubuntu 14.04 (trusty)
uname:Linux 3.19.0-25-generic #26~14.04.1-Ubuntu SMP Fri Jul 24 21:16:20 UTC 2015 x86_64
libc:glibc 2.19 NPTL 2.19 
rlimit: STACK 8192k, CORE 0k, NPROC 15141, NOFILE 4096, AS infinity
load average:4,50 2,11 1,12

/proc/meminfo:
MemTotal:        3928568 kB
MemFree:          113600 kB
MemAvailable:      50596 kB
Buffers:             392 kB
Cached:           704828 kB
SwapCached:        13864 kB
Active:          2807412 kB
Inactive:         834232 kB
Active(anon):    2801692 kB
Inactive(anon):   828388 kB
Active(file):       5720 kB
Inactive(file):     5844 kB
Unevictable:          80 kB
Mlocked:              80 kB
SwapTotal:       1000444 kB
SwapFree:              0 kB
Dirty:              6068 kB
Writeback:             0 kB
AnonPages:       2923804 kB
Mapped:           102112 kB
Shmem:            692624 kB
Slab:              67268 kB
SReclaimable:      31364 kB
SUnreclaim:        35904 kB
KernelStack:       10480 kB
PageTables:        52144 kB
NFS_Unstable:          0 kB
Bounce:                0 kB
WritebackTmp:          0 kB
CommitLimit:     2964728 kB
Committed_AS:   10503504 kB
VmallocTotal:   34359738367 kB
VmallocUsed:      351944 kB
VmallocChunk:   34359287844 kB
HardwareCorrupted:     0 kB
AnonHugePages:    319488 kB
CmaTotal:              0 kB
CmaFree:               0 kB
HugePages_Total:       0
HugePages_Free:        0
HugePages_Rsvd:        0
HugePages_Surp:        0
Hugepagesize:       2048 kB
DirectMap4k:      161892 kB
DirectMap2M:     3913728 kB


CPU:total 4 (2 cores per cpu, 2 threads per core) family 6 model 58 stepping 9, cmov, cx8, fxsr, mmx, sse, sse2, sse3, ssse3, sse4.1, sse4.2, popcnt, avx, aes, erms, ht, tsc, tscinvbit, tscinv

/proc/cpuinfo:
processor	: 0
vendor_id	: GenuineIntel
cpu family	: 6
model		: 58
model name	: Intel(R) Core(TM) i5-3317U CPU @ 1.70GHz
stepping	: 9
microcode	: 0x13
cpu MHz		: 2399.921
cache size	: 3072 KB
physical id	: 0
siblings	: 4
core id		: 0
cpu cores	: 2
apicid		: 0
initial apicid	: 0
fpu		: yes
fpu_exception	: yes
cpuid level	: 13
wp		: yes
flags		: fpu vme de pse tsc msr pae mce cx8 apic sep mtrr pge mca cmov pat pse36 clflush dts acpi mmx fxsr sse sse2 ss ht tm pbe syscall nx rdtscp lm constant_tsc arch_perfmon pebs bts rep_good nopl xtopology nonstop_tsc aperfmperf eagerfpu pni pclmulqdq dtes64 monitor ds_cpl vmx est tm2 ssse3 cx16 xtpr pdcm pcid sse4_1 sse4_2 x2apic popcnt tsc_deadline_timer aes xsave avx f16c rdrand lahf_lm ida arat epb pln pts dtherm tpr_shadow vnmi flexpriority ept vpid fsgsbase smep erms xsaveopt
bugs		:
bogomips	: 3392.28
clflush size	: 64
cache_alignment	: 64
address sizes	: 36 bits physical, 48 bits virtual
power management:

processor	: 1
vendor_id	: GenuineIntel
cpu family	: 6
model		: 58
model name	: Intel(R) Core(TM) i5-3317U CPU @ 1.70GHz
stepping	: 9
microcode	: 0x13
cpu MHz		: 2399.988
cache size	: 3072 KB
physical id	: 0
siblings	: 4
core id		: 1
cpu cores	: 2
apicid		: 2
initial apicid	: 2
fpu		: yes
fpu_exception	: yes
cpuid level	: 13
wp		: yes
flags		: fpu vme de pse tsc msr pae mce cx8 apic sep mtrr pge mca cmov pat pse36 clflush dts acpi mmx fxsr sse sse2 ss ht tm pbe syscall nx rdtscp lm constant_tsc arch_perfmon pebs bts rep_good nopl xtopology nonstop_tsc aperfmperf eagerfpu pni pclmulqdq dtes64 monitor ds_cpl vmx est tm2 ssse3 cx16 xtpr pdcm pcid sse4_1 sse4_2 x2apic popcnt tsc_deadline_timer aes xsave avx f16c rdrand lahf_lm ida arat epb pln pts dtherm tpr_shadow vnmi flexpriority ept vpid fsgsbase smep erms xsaveopt
bugs		:
bogomips	: 3392.28
clflush size	: 64
cache_alignment	: 64
address sizes	: 36 bits physical, 48 bits virtual
power management:

processor	: 2
vendor_id	: GenuineIntel
cpu family	: 6
model		: 58
model name	: Intel(R) Core(TM) i5-3317U CPU @ 1.70GHz
stepping	: 9
microcode	: 0x13
cpu MHz		: 2399.988
cache size	: 3072 KB
physical id	: 0
siblings	: 4
core id		: 0
cpu cores	: 2
apicid		: 1
initial apicid	: 1
fpu		: yes
fpu_exception	: yes
cpuid level	: 13
wp		: yes
flags		: fpu vme de pse tsc msr pae mce cx8 apic sep mtrr pge mca cmov pat pse36 clflush dts acpi mmx fxsr sse sse2 ss ht tm pbe syscall nx rdtscp lm constant_tsc arch_perfmon pebs bts rep_good nopl xtopology nonstop_tsc aperfmperf eagerfpu pni pclmulqdq dtes64 monitor ds_cpl vmx est tm2 ssse3 cx16 xtpr pdcm pcid sse4_1 sse4_2 x2apic popcnt tsc_deadline_timer aes xsave avx f16c rdrand lahf_lm ida arat epb pln pts dtherm tpr_shadow vnmi flexpriority ept vpid fsgsbase smep erms xsaveopt
bugs		:
bogomips	: 3392.28
clflush size	: 64
cache_alignment	: 64
address sizes	: 36 bits physical, 48 bits virtual
power management:

processor	: 3
vendor_id	: GenuineIntel
cpu family	: 6
model		: 58
model name	: Intel(R) Core(TM) i5-3317U CPU @ 1.70GHz
stepping	: 9
microcode	: 0x13
cpu MHz		: 2399.988
cache size	: 3072 KB
physical id	: 0
siblings	: 4
core id		: 1
cpu cores	: 2
apicid		: 3
initial apicid	: 3
fpu		: yes
fpu_exception	: yes
cpuid level	: 13
wp		: yes
flags		: fpu vme de pse tsc msr pae mce cx8 apic sep mtrr pge mca cmov pat pse36 clflush dts acpi mmx fxsr sse sse2 ss ht tm pbe syscall nx rdtscp lm constant_tsc arch_perfmon pebs bts rep_good nopl xtopology nonstop_tsc aperfmperf eagerfpu pni pclmulqdq dtes64 monitor ds_cpl vmx est tm2 ssse3 cx16 xtpr pdcm pcid sse4_1 sse4_2 x2apic popcnt tsc_deadline_timer aes xsave avx f16c rdrand lahf_lm ida arat epb pln pts dtherm tpr_shadow vnmi flexpriority ept vpid fsgsbase smep erms xsaveopt
bugs		:
bogomips	: 3392.28
clflush size	: 64
cache_alignment	: 64
address sizes	: 36 bits physical, 48 bits virtual
power management:



Memory: 4k page, physical 3928568k(113496k free), swap 1000444k(0k free)

vm_info: OpenJDK 64-Bit Server VM (24.79-b02) for linux-amd64 JRE (1.7.0_79-b14), built on Jul 24 2015 08:15:54 by "buildd" with gcc 4.8.2

time: Fri Jun 10 13:16:15 2016
elapsed time: 3 seconds

