#
# There is insufficient memory for the Java Runtime Environment to continue.
# Native memory allocation (malloc) failed to allocate 66060288 bytes for committing reserved memory.
# Possible reasons:
#   The system is out of physical RAM or swap space
#   In 32 bit mode, the process size limit was hit
# Possible solutions:
#   Reduce memory load on the system
#   Increase physical memory or swap space
#   Check if swap backing store is full
#   Use 64 bit Java on a 64 bit OS
#   Decrease Java heap size (-Xmx/-Xms)
#   Decrease number of Java threads
#   Decrease Java thread stack sizes (-Xss)
#   Set larger code cache with -XX:ReservedCodeCacheSize=
# This output file may be truncated or incomplete.
#
#  Out of Memory Error (os_linux.cpp:2809), pid=9621, tid=139921583765248
#
# JRE version: OpenJDK Runtime Environment (7.0_79-b14) (build 1.7.0_79-b14)
# Java VM: OpenJDK 64-Bit Server VM (24.79-b02 mixed mode linux-amd64 compressed oops)
# Derivative: IcedTea 2.5.6
# Distribution: Ubuntu 14.04 LTS, package 7u79-2.5.6-0ubuntu1.14.04.1
# Failed to write core dump. Core dumps have been disabled. To enable core dumping, try "ulimit -c unlimited" before starting Java again
#

---------------  T H R E A D  ---------------

Current thread (0x00007f421c075800):  VMThread [stack: 0x00007f42083bf000,0x00007f42084c0000] [id=9630]

Stack: [0x00007f42083bf000,0x00007f42084c0000],  sp=0x00007f42084be490,  free space=1021k
Native frames: (J=compiled Java code, j=interpreted, Vv=VM code, C=native code)
V  [libjvm.so+0x94afd5]  VMError::report_and_die()+0x175
V  [libjvm.so+0x48b9f4]  report_vm_out_of_memory(char const*, int, unsigned long, char const*)+0x74
V  [libjvm.so+0x7c809b]  os::pd_commit_memory(char*, unsigned long, unsigned long, bool)+0xeb
V  [libjvm.so+0x7c2b3f]  os::commit_memory(char*, unsigned long, unsigned long, bool)+0x1f
V  [libjvm.so+0x83503b]  PSVirtualSpace::expand_by(unsigned long)+0x5b
V  [libjvm.so+0x835e90]  PSYoungGen::resize_generation(unsigned long, unsigned long)+0xb0
V  [libjvm.so+0x83657b]  PSYoungGen::resize(unsigned long, unsigned long)+0x1b
V  [libjvm.so+0x832860]  PSScavenge::invoke_no_policy()+0xde0
V  [libjvm.so+0x833038]  PSScavenge::invoke()+0x38
V  [libjvm.so+0x7e9723]  ParallelScavengeHeap::failed_mem_allocate(unsigned long)+0x63
V  [libjvm.so+0x94c9d4]  VM_ParallelGCFailedAllocation::doit()+0x84
V  [libjvm.so+0x950ed7]  VM_Operation::evaluate()+0x47
V  [libjvm.so+0x94f848]  VMThread::evaluate_operation(VM_Operation*)+0x318
V  [libjvm.so+0x94fca9]  VMThread::loop()+0x219
V  [libjvm.so+0x9500f2]  VMThread::run()+0x72
V  [libjvm.so+0x7c4f62]  java_start(Thread*)+0xf2

VM_Operation (0x00007f41f5429de0): ParallelGCFailedAllocation, mode: safepoint, requested by thread 0x00007f41d0005000


---------------  P R O C E S S  ---------------

Java Threads: ( => current thread )
  0x00007f41cc3b2800 JavaThread "File lock request listener" [_thread_in_native, id=9648, stack(0x00007f41f5089000,0x00007f41f518a000)]
  0x00007f41cc236800 JavaThread "process reaper" daemon [_thread_blocked, id=9647, stack(0x00007f41f518a000,0x00007f41f51c3000)]
  0x00007f41cc00f800 JavaThread "Stdin handler" [_thread_blocked, id=9645, stack(0x00007f41f522e000,0x00007f41f532f000)]
  0x00007f41d0005000 JavaThread "Daemon worker" [_thread_blocked, id=9642, stack(0x00007f41f532f000,0x00007f41f5430000)]
  0x00007f41d000b000 JavaThread "Cancel handler" [_thread_blocked, id=9641, stack(0x00007f41f5430000,0x00007f41f5531000)]
  0x00007f41d0003800 JavaThread "Handler for socket connection from /127.0.0.1:54550 to /127.0.0.1:59927" [_thread_in_native, id=9640, stack(0x00007f41f5531000,0x00007f41f5632000)]
  0x00007f41e4006000 JavaThread "Daemon" [_thread_blocked, id=9639, stack(0x00007f41f5632000,0x00007f41f5733000)]
  0x00007f421c9f0000 JavaThread "Incoming local TCP Connector on port 54550" [_thread_in_native, id=9638, stack(0x00007f41f5733000,0x00007f41f5834000)]
  0x00007f421c0ae800 JavaThread "Service Thread" daemon [_thread_blocked, id=9636, stack(0x00007f41f761b000,0x00007f41f771c000)]
  0x00007f421c0ac800 JavaThread "C2 CompilerThread1" daemon [_thread_blocked, id=9635, stack(0x00007f41f771c000,0x00007f41f781d000)]
  0x00007f421c0a9800 JavaThread "C2 CompilerThread0" daemon [_thread_blocked, id=9634, stack(0x00007f41f781d000,0x00007f41f791e000)]
  0x00007f421c0a7800 JavaThread "Signal Dispatcher" daemon [_thread_blocked, id=9633, stack(0x00007f42080bc000,0x00007f42081bd000)]
  0x00007f421c07c000 JavaThread "Finalizer" daemon [_thread_blocked, id=9632, stack(0x00007f42081bd000,0x00007f42082be000)]
  0x00007f421c07a000 JavaThread "Reference Handler" daemon [_thread_blocked, id=9631, stack(0x00007f42082be000,0x00007f42083bf000)]
  0x00007f421c00a800 JavaThread "main" [_thread_blocked, id=9624, stack(0x00007f4222e18000,0x00007f4222f19000)]

Other Threads:
=>0x00007f421c075800 VMThread [stack: 0x00007f42083bf000,0x00007f42084c0000] [id=9630]
  0x00007f421c0b9800 WatcherThread [stack: 0x00007f41f751a000,0x00007f41f761b000] [id=9637]

VM state:at safepoint (normal execution)

VM Mutex/Monitor currently owned by a thread:  ([mutex/lock_event])
[0x00007f421c006900] Threads_lock - owner thread: 0x00007f421c075800
[0x00007f421c006e00] Heap_lock - owner thread: 0x00007f41d0005000

Heap
 PSYoungGen      total 69120K, used 8183K [0x00000000eaa80000, 0x00000000ef680000, 0x0000000100000000)
  eden space 60928K, 0% used [0x00000000eaa80000,0x00000000eaa80000,0x00000000ee600000)
  from space 8192K, 99% used [0x00000000ee600000,0x00000000eedfdca0,0x00000000eee00000)
  to   space 7680K, 0% used [0x00000000eee00000,0x00000000eee00000,0x00000000ef580000)
 ParOldGen       total 40960K, used 9906K [0x00000000c0000000, 0x00000000c2800000, 0x00000000eaa80000)
  object space 40960K, 24% used [0x00000000c0000000,0x00000000c09acb48,0x00000000c2800000)
 PSPermGen       total 25088K, used 24910K [0x00000000b0000000, 0x00000000b1880000, 0x00000000c0000000)
  object space 25088K, 99% used [0x00000000b0000000,0x00000000b1853b18,0x00000000b1880000)

Card table byte_map: [0x00007f421875e000,0x00007f42189df000] byte_map_base: 0x00007f42181de000

Polling page: 0x00007f4222f37000

Code Cache  [0x00007f42189df000, 0x00007f4218c4f000, 0x00007f421b9df000)
 total_blobs=884 nmethods=312 adapters=525 free_code_cache=47052Kb largest_free_block=48125568

Compilation events (10 events):
Event: 13,122 Thread 0x00007f421c0a9800 nmethod 323 0x00007f4218a59750 code [0x00007f4218a598a0, 0x00007f4218a59b98]
Event: 13,122 Thread 0x00007f421c0ac800 nmethod 324 0x00007f4218bedbd0 code [0x00007f4218bedd20, 0x00007f4218bede18]
Event: 13,153 Thread 0x00007f421c0ac800  326             java.lang.String::toString (2 bytes)
Event: 13,153 Thread 0x00007f421c0a9800  325             java.util.Formatter$Flags::contains (22 bytes)
Event: 13,419 Thread 0x00007f421c0ac800 nmethod 326 0x00007f4218a59550 code [0x00007f4218a59680, 0x00007f4218a596d8]
Event: 13,444 Thread 0x00007f421c0ac800  327             java.util.AbstractSet::<init> (5 bytes)
Event: 13,816 Thread 0x00007f421c0a9800 nmethod 325 0x00007f4218bed990 code [0x00007f4218bedac0, 0x00007f4218bedb38]
Event: 13,850 Thread 0x00007f421c0ac800 nmethod 327 0x00007f4218a963d0 code [0x00007f4218a96500, 0x00007f4218a96558]
Event: 13,963 Thread 0x00007f421c0a9800  328             java.util.LinkedHashMap$KeyIterator::next (8 bytes)
Event: 14,945 Thread 0x00007f421c0a9800 nmethod 328 0x00007f4218a845d0 code [0x00007f4218a84720, 0x00007f4218a84818]

GC Heap History (10 events):
Event: 0,892 GC heap after
Heap after GC invocations=2 (full 0):
 PSYoungGen      total 17920K, used 2264K [0x00000000eaa80000, 0x00000000ecd80000, 0x0000000100000000)
  eden space 15360K, 0% used [0x00000000eaa80000,0x00000000eaa80000,0x00000000eb980000)
  from space 2560K, 88% used [0x00000000ebc00000,0x00000000ebe36368,0x00000000ebe80000)
  to   space 2560K, 0% used [0x00000000eb980000,0x00000000eb980000,0x00000000ebc00000)
 ParOldGen       total 40960K, used 212K [0x00000000c0000000, 0x00000000c2800000, 0x00000000eaa80000)
  object space 40960K, 0% used [0x00000000c0000000,0x00000000c0035320,0x00000000c2800000)
 PSPermGen       total 21504K, used 6985K [0x00000000b0000000, 0x00000000b1500000, 0x00000000c0000000)
  object space 21504K, 32% used [0x00000000b0000000,0x00000000b06d2528,0x00000000b1500000)
}
Event: 1,396 GC heap before
{Heap before GC invocations=3 (full 0):
 PSYoungGen      total 17920K, used 17624K [0x00000000eaa80000, 0x00000000ecd80000, 0x0000000100000000)
  eden space 15360K, 100% used [0x00000000eaa80000,0x00000000eb980000,0x00000000eb980000)
  from space 2560K, 88% used [0x00000000ebc00000,0x00000000ebe36368,0x00000000ebe80000)
  to   space 2560K, 0% used [0x00000000eb980000,0x00000000eb980000,0x00000000ebc00000)
 ParOldGen       total 40960K, used 212K [0x00000000c0000000, 0x00000000c2800000, 0x00000000eaa80000)
  object space 40960K, 0% used [0x00000000c0000000,0x00000000c0035320,0x00000000c2800000)
 PSPermGen       total 21504K, used 10125K [0x00000000b0000000, 0x00000000b1500000, 0x00000000c0000000)
  object space 21504K, 47% used [0x00000000b0000000,0x00000000b09e3528,0x00000000b1500000)
Event: 1,404 GC heap after
Heap after GC invocations=3 (full 0):
 PSYoungGen      total 17920K, used 2552K [0x00000000eaa80000, 0x00000000ecd80000, 0x0000000100000000)
  eden space 15360K, 0% used [0x00000000eaa80000,0x00000000eaa80000,0x00000000eb980000)
  from space 2560K, 99% used [0x00000000eb980000,0x00000000ebbfe268,0x00000000ebc00000)
  to   space 2560K, 0% used [0x00000000ecb00000,0x00000000ecb00000,0x00000000ecd80000)
 ParOldGen       total 40960K, used 1575K [0x00000000c0000000, 0x00000000c2800000, 0x00000000eaa80000)
  object space 40960K, 3% used [0x00000000c0000000,0x00000000c0189c58,0x00000000c2800000)
 PSPermGen       total 21504K, used 10125K [0x00000000b0000000, 0x00000000b1500000, 0x00000000c0000000)
  object space 21504K, 47% used [0x00000000b0000000,0x00000000b09e3528,0x00000000b1500000)
}
Event: 1,704 GC heap before
{Heap before GC invocations=4 (full 0):
 PSYoungGen      total 17920K, used 17912K [0x00000000eaa80000, 0x00000000ecd80000, 0x0000000100000000)
  eden space 15360K, 100% used [0x00000000eaa80000,0x00000000eb980000,0x00000000eb980000)
  from space 2560K, 99% used [0x00000000eb980000,0x00000000ebbfe268,0x00000000ebc00000)
  to   space 2560K, 0% used [0x00000000ecb00000,0x00000000ecb00000,0x00000000ecd80000)
 ParOldGen       total 40960K, used 1575K [0x00000000c0000000, 0x00000000c2800000, 0x00000000eaa80000)
  object space 40960K, 3% used [0x00000000c0000000,0x00000000c0189c58,0x00000000c2800000)
 PSPermGen       total 21504K, used 12178K [0x00000000b0000000, 0x00000000b1500000, 0x00000000c0000000)
  object space 21504K, 56% used [0x00000000b0000000,0x00000000b0be4a10,0x00000000b1500000)
Event: 1,714 GC heap after
Heap after GC invocations=4 (full 0):
 PSYoungGen      total 33280K, used 2560K [0x00000000eaa80000, 0x00000000ecd80000, 0x0000000100000000)
  eden space 30720K, 0% used [0x00000000eaa80000,0x00000000eaa80000,0x00000000ec880000)
  from space 2560K, 100% used [0x00000000ecb00000,0x00000000ecd80000,0x00000000ecd80000)
  to   space 2560K, 0% used [0x00000000ec880000,0x00000000ec880000,0x00000000ecb00000)
 ParOldGen       total 40960K, used 3628K [0x00000000c0000000, 0x00000000c2800000, 0x00000000eaa80000)
  object space 40960K, 8% used [0x00000000c0000000,0x00000000c038b2b0,0x00000000c2800000)
 PSPermGen       total 21504K, used 12178K [0x00000000b0000000, 0x00000000b1500000, 0x00000000c0000000)
  object space 21504K, 56% used [0x00000000b0000000,0x00000000b0be4a10,0x00000000b1500000)
}
Event: 2,349 GC heap before
{Heap before GC invocations=5 (full 0):
 PSYoungGen      total 33280K, used 33280K [0x00000000eaa80000, 0x00000000ecd80000, 0x0000000100000000)
  eden space 30720K, 100% used [0x00000000eaa80000,0x00000000ec880000,0x00000000ec880000)
  from space 2560K, 100% used [0x00000000ecb00000,0x00000000ecd80000,0x00000000ecd80000)
  to   space 2560K, 0% used [0x00000000ec880000,0x00000000ec880000,0x00000000ecb00000)
 ParOldGen       total 40960K, used 3628K [0x00000000c0000000, 0x00000000c2800000, 0x00000000eaa80000)
  object space 40960K, 8% used [0x00000000c0000000,0x00000000c038b2b0,0x00000000c2800000)
 PSPermGen       total 21504K, used 17451K [0x00000000b0000000, 0x00000000b1500000, 0x00000000c0000000)
  object space 21504K, 81% used [0x00000000b0000000,0x00000000b110ac68,0x00000000b1500000)
Event: 2,365 GC heap after
Heap after GC invocations=5 (full 0):
 PSYoungGen      total 33280K, used 2528K [0x00000000eaa80000, 0x00000000ef580000, 0x0000000100000000)
  eden space 30720K, 0% used [0x00000000eaa80000,0x00000000eaa80000,0x00000000ec880000)
  from space 2560K, 98% used [0x00000000ec880000,0x00000000ecaf8020,0x00000000ecb00000)
  to   space 7680K, 0% used [0x00000000eee00000,0x00000000eee00000,0x00000000ef580000)
 ParOldGen       total 40960K, used 8154K [0x00000000c0000000, 0x00000000c2800000, 0x00000000eaa80000)
  object space 40960K, 19% used [0x00000000c0000000,0x00000000c07f6ad8,0x00000000c2800000)
 PSPermGen       total 21504K, used 17451K [0x00000000b0000000, 0x00000000b1500000, 0x00000000c0000000)
  object space 21504K, 81% used [0x00000000b0000000,0x00000000b110ac68,0x00000000b1500000)
}
Event: 2,959 GC heap before
{Heap before GC invocations=6 (full 0):
 PSYoungGen      total 33280K, used 33248K [0x00000000eaa80000, 0x00000000ef580000, 0x0000000100000000)
  eden space 30720K, 100% used [0x00000000eaa80000,0x00000000ec880000,0x00000000ec880000)
  from space 2560K, 98% used [0x00000000ec880000,0x00000000ecaf8020,0x00000000ecb00000)
  to   space 7680K, 0% used [0x00000000eee00000,0x00000000eee00000,0x00000000ef580000)
 ParOldGen       total 40960K, used 8154K [0x00000000c0000000, 0x00000000c2800000, 0x00000000eaa80000)
  object space 40960K, 19% used [0x00000000c0000000,0x00000000c07f6ad8,0x00000000c2800000)
 PSPermGen       total 21504K, used 20641K [0x00000000b0000000, 0x00000000b1500000, 0x00000000c0000000)
  object space 21504K, 95% used [0x00000000b0000000,0x00000000b14284f8,0x00000000b1500000)
Event: 2,989 GC heap after
Heap after GC invocations=6 (full 0):
 PSYoungGen      total 68608K, used 5876K [0x00000000eaa80000, 0x00000000ef680000, 0x0000000100000000)
  eden space 60928K, 0% used [0x00000000eaa80000,0x00000000eaa80000,0x00000000ee600000)
  from space 7680K, 76% used [0x00000000eee00000,0x00000000ef3bd108,0x00000000ef580000)
  to   space 8192K, 0% used [0x00000000ee600000,0x00000000ee600000,0x00000000eee00000)
 ParOldGen       total 40960K, used 8162K [0x00000000c0000000, 0x00000000c2800000, 0x00000000eaa80000)
  object space 40960K, 19% used [0x00000000c0000000,0x00000000c07f8ad8,0x00000000c2800000)
 PSPermGen       total 21504K, used 20641K [0x00000000b0000000, 0x00000000b1500000, 0x00000000c0000000)
  object space 21504K, 95% used [0x00000000b0000000,0x00000000b14284f8,0x00000000b1500000)
}
Event: 18,077 GC heap before
{Heap before GC invocations=7 (full 0):
 PSYoungGen      total 68608K, used 66804K [0x00000000eaa80000, 0x00000000ef680000, 0x0000000100000000)
  eden space 60928K, 100% used [0x00000000eaa80000,0x00000000ee600000,0x00000000ee600000)
  from space 7680K, 76% used [0x00000000eee00000,0x00000000ef3bd108,0x00000000ef580000)
  to   space 8192K, 0% used [0x00000000ee600000,0x00000000ee600000,0x00000000eee00000)
 ParOldGen       total 40960K, used 8162K [0x00000000c0000000, 0x00000000c2800000, 0x00000000eaa80000)
  object space 40960K, 19% used [0x00000000c0000000,0x00000000c07f8ad8,0x00000000c2800000)
 PSPermGen       total 25088K, used 24910K [0x00000000b0000000, 0x00000000b1880000, 0x00000000c0000000)
  object space 25088K, 99% used [0x00000000b0000000,0x00000000b1853b18,0x00000000b1880000)

Deoptimization events (10 events):
Event: 2,762 Thread 0x00007f41d0005000 Uncommon trap: reason=class_check action=maybe_recompile pc=0x00007f4218a98e98 method=sun.misc.URLClassPath.getLoader(I)Lsun/misc/URLClassPath$Loader; @ 150
Event: 3,037 Thread 0x00007f41d0005000 Uncommon trap: reason=unreached action=reinterpret pc=0x00007f4218a801fc method=java.util.HashMap.get(Ljava/lang/Object;)Ljava/lang/Object; @ 1
Event: 3,151 Thread 0x00007f41d0005000 Uncommon trap: reason=unreached action=reinterpret pc=0x00007f4218aac8f0 method=java.lang.Class$MethodArray.addIfNotPresent(Ljava/lang/reflect/Method;)V @ 19
Event: 3,153 Thread 0x00007f41d0005000 Uncommon trap: reason=unreached action=reinterpret pc=0x00007f4218a9b4d8 method=java.lang.Class$MethodArray.addIfNotPresent(Ljava/lang/reflect/Method;)V @ 19
Event: 3,201 Thread 0x00007f41d0005000 Uncommon trap: reason=class_check action=maybe_recompile pc=0x00007f4218a98db4 method=sun.misc.URLClassPath.getLoader(I)Lsun/misc/URLClassPath$Loader; @ 94
Event: 4,099 Thread 0x00007f41d0005000 Uncommon trap: reason=unreached action=reinterpret pc=0x00007f4218bdf654 method=java.util.regex.Pattern.compile()V @ 249
Event: 4,142 Thread 0x00007f41d0005000 Uncommon trap: reason=array_check action=maybe_recompile pc=0x00007f4218be4624 method=java.util.AbstractCollection.toArray([Ljava/lang/Object;)[Ljava/lang/Object; @ 119
Event: 4,142 Thread 0x00007f41d0005000 Uncommon trap: reason=array_check action=maybe_recompile pc=0x00007f4218be4624 method=java.util.AbstractCollection.toArray([Ljava/lang/Object;)[Ljava/lang/Object; @ 119
Event: 4,142 Thread 0x00007f41d0005000 Uncommon trap: reason=array_check action=maybe_recompile pc=0x00007f4218be4624 method=java.util.AbstractCollection.toArray([Ljava/lang/Object;)[Ljava/lang/Object; @ 119
Event: 4,143 Thread 0x00007f41d0005000 Uncommon trap: reason=array_check action=maybe_recompile pc=0x00007f4218be4624 method=java.util.AbstractCollection.toArray([Ljava/lang/Object;)[Ljava/lang/Object; @ 119

Internal exceptions (10 events):
Event: 17,448 Thread 0x00007f41d0005000 Threw 0x00000000ee5ce0a8 at /build/openjdk-7-FO0dNI/openjdk-7-7u79-2.5.6/build/openjdk/hotspot/src/share/vm/prims/jvm.cpp:1284
Event: 17,448 Thread 0x00007f41d0005000 Threw 0x00000000ee5d5fe8 at /build/openjdk-7-FO0dNI/openjdk-7-7u79-2.5.6/build/openjdk/hotspot/src/share/vm/prims/jvm.cpp:1284
Event: 17,643 Thread 0x00007f41d0005000 Threw 0x00000000ee5dc540 at /build/openjdk-7-FO0dNI/openjdk-7-7u79-2.5.6/build/openjdk/hotspot/src/share/vm/prims/jvm.cpp:1284
Event: 17,678 Thread 0x00007f41d0005000 Threw 0x00000000ee5dd250 at /build/openjdk-7-FO0dNI/openjdk-7-7u79-2.5.6/build/openjdk/hotspot/src/share/vm/prims/jvm.cpp:1284
Event: 17,683 Thread 0x00007f41d0005000 Threw 0x00000000ee5e2f60 at /build/openjdk-7-FO0dNI/openjdk-7-7u79-2.5.6/build/openjdk/hotspot/src/share/vm/prims/jvm.cpp:1284
Event: 17,807 Thread 0x00007f41d0005000 Threw 0x00000000ee5ea718 at /build/openjdk-7-FO0dNI/openjdk-7-7u79-2.5.6/build/openjdk/hotspot/src/share/vm/prims/jvm.cpp:1284
Event: 17,810 Thread 0x00007f41d0005000 Threw 0x00000000ee5eb660 at /build/openjdk-7-FO0dNI/openjdk-7-7u79-2.5.6/build/openjdk/hotspot/src/share/vm/prims/jvm.cpp:1284
Event: 17,815 Thread 0x00007f41d0005000 Threw 0x00000000ee5f6110 at /build/openjdk-7-FO0dNI/openjdk-7-7u79-2.5.6/build/openjdk/hotspot/src/share/vm/prims/jvm.cpp:1284
Event: 17,998 Thread 0x00007f41d0005000 Threw 0x00000000ee5fb800 at /build/openjdk-7-FO0dNI/openjdk-7-7u79-2.5.6/build/openjdk/hotspot/src/share/vm/prims/jvm.cpp:1284
Event: 18,020 Thread 0x00007f41d0005000 Threw 0x00000000ee5fc390 at /build/openjdk-7-FO0dNI/openjdk-7-7u79-2.5.6/build/openjdk/hotspot/src/share/vm/prims/jvm.cpp:1284

Events (10 events):
Event: 17,198 loading class 0x00007f41cc293bd0 done
Event: 17,419 loading class 0x00007f41cc27bc60
Event: 17,424 loading class 0x00007f41cc27bc60 done
Event: 17,570 loading class 0x00007f41cc261750
Event: 17,580 loading class 0x00007f41cc261750 done
Event: 17,789 loading class 0x00007f41cc4cc8b0
Event: 17,793 loading class 0x00007f41cc4cc8b0 done
Event: 17,935 loading class 0x00007f41cc3927c0
Event: 17,945 loading class 0x00007f41cc3927c0 done
Event: 18,039 Executing VM operation: ParallelGCFailedAllocation


Dynamic libraries:
00400000-00401000 r-xp 00000000 08:08 540096                             /usr/lib/jvm/java-7-openjdk-amd64/jre/bin/java
00600000-00601000 r--p 00000000 08:08 540096                             /usr/lib/jvm/java-7-openjdk-amd64/jre/bin/java
00601000-00602000 rw-p 00001000 08:08 540096                             /usr/lib/jvm/java-7-openjdk-amd64/jre/bin/java
01ecb000-01eec000 rw-p 00000000 00:00 0                                  [heap]
b0000000-b1880000 rw-p 00000000 00:00 0 
b1880000-c0000000 rw-p 00000000 00:00 0 
c0000000-c2800000 rw-p 00000000 00:00 0 
c2800000-eaa80000 rw-p 00000000 00:00 0 
eaa80000-ef680000 rw-p 00000000 00:00 0 
f3580000-100000000 rw-p 00000000 00:00 0 
7f41b8000000-7f41b8021000 rw-p 00000000 00:00 0 
7f41b8021000-7f41bc000000 ---p 00000000 00:00 0 
7f41c0000000-7f41c0021000 rw-p 00000000 00:00 0 
7f41c0021000-7f41c4000000 ---p 00000000 00:00 0 
7f41c4000000-7f41c4021000 rw-p 00000000 00:00 0 
7f41c4021000-7f41c8000000 ---p 00000000 00:00 0 
7f41c8000000-7f41c8021000 rw-p 00000000 00:00 0 
7f41c8021000-7f41cc000000 ---p 00000000 00:00 0 
7f41cc000000-7f41cc532000 rw-p 00000000 00:00 0 
7f41cc532000-7f41d0000000 ---p 00000000 00:00 0 
7f41d0000000-7f41d0021000 rw-p 00000000 00:00 0 
7f41d0021000-7f41d4000000 ---p 00000000 00:00 0 
7f41d4000000-7f41d4021000 rw-p 00000000 00:00 0 
7f41d4021000-7f41d8000000 ---p 00000000 00:00 0 
7f41d8000000-7f41d8021000 rw-p 00000000 00:00 0 
7f41d8021000-7f41dc000000 ---p 00000000 00:00 0 
7f41e0000000-7f41e0021000 rw-p 00000000 00:00 0 
7f41e0021000-7f41e4000000 ---p 00000000 00:00 0 
7f41e4000000-7f41e402e000 rw-p 00000000 00:00 0 
7f41e402e000-7f41e8000000 ---p 00000000 00:00 0 
7f41e8000000-7f41e8710000 rw-p 00000000 00:00 0 
7f41e8710000-7f41ec000000 ---p 00000000 00:00 0 
7f41ec000000-7f41ec857000 rw-p 00000000 00:00 0 
7f41ec857000-7f41f0000000 ---p 00000000 00:00 0 
7f41f0000000-7f41f0021000 rw-p 00000000 00:00 0 
7f41f0021000-7f41f4000000 ---p 00000000 00:00 0 
7f41f5089000-7f41f508c000 ---p 00000000 00:00 0 
7f41f508c000-7f41f518a000 rw-p 00000000 00:00 0                          [stack:9648]
7f41f518a000-7f41f518d000 ---p 00000000 00:00 0 
7f41f518d000-7f41f51c3000 rw-p 00000000 00:00 0                          [stack:9647]
7f41f51c3000-7f41f522e000 r--s 0069e000 08:08 540385                     /usr/lib/jvm/java-7-openjdk-amd64/lib/tools.jar
7f41f522e000-7f41f5231000 ---p 00000000 00:00 0 
7f41f5231000-7f41f532f000 rw-p 00000000 00:00 0                          [stack:9645]
7f41f532f000-7f41f5332000 ---p 00000000 00:00 0 
7f41f5332000-7f41f5430000 rw-p 00000000 00:00 0                          [stack:9642]
7f41f5430000-7f41f5433000 ---p 00000000 00:00 0 
7f41f5433000-7f41f5531000 rw-p 00000000 00:00 0                          [stack:9641]
7f41f5531000-7f41f5534000 ---p 00000000 00:00 0 
7f41f5534000-7f41f5632000 rw-p 00000000 00:00 0                          [stack:9640]
7f41f5632000-7f41f5635000 ---p 00000000 00:00 0 
7f41f5635000-7f41f5733000 rw-p 00000000 00:00 0                          [stack:9639]
7f41f5733000-7f41f5736000 ---p 00000000 00:00 0 
7f41f5736000-7f41f5834000 rw-p 00000000 00:00 0                          [stack:9638]
7f41f5834000-7f41f5838000 r-xp 00000000 08:08 1197032                    /tmp/native-platform4739556347755127106dir/libnative-platform.so
7f41f5838000-7f41f5a37000 ---p 00004000 08:08 1197032                    /tmp/native-platform4739556347755127106dir/libnative-platform.so
7f41f5a37000-7f41f5a38000 rw-p 00003000 08:08 1197032                    /tmp/native-platform4739556347755127106dir/libnative-platform.so
7f41f5a38000-7f41f5a3d000 r--s 00034000 08:08 265551                     /home/alberto/.gradle/wrapper/dists/gradle-2.2.1-all/2m8005s69iu8v0oiejfej094b/gradle-2.2.1/lib/plugins/gradle-diagnostics-2.2.1.jar
7f41f5a55000-7f41f5a56000 rw-p 00000000 00:00 0 
7f41f5a56000-7f41f5a60000 r--s 000ae000 08:08 539987                     /usr/lib/jvm/java-7-openjdk-amd64/jre/lib/resources.jar
7f41f5a60000-7f41f5a61000 r--p 00000000 00:00 0 
7f41f5a61000-7f41f5a66000 r--s 0004d000 08:08 539991                     /usr/lib/jvm/java-7-openjdk-amd64/jre/lib/jsse.jar
7f41f5a66000-7f41f5a67000 r--s 00001000 08:08 265566                     /home/alberto/.gradle/wrapper/dists/gradle-2.2.1-all/2m8005s69iu8v0oiejfej094b/gradle-2.2.1/lib/plugins/gradle-plugin-development-2.2.1.jar
7f41f5a67000-7f41f5a69000 r--s 00002000 08:08 265565                     /home/alberto/.gradle/wrapper/dists/gradle-2.2.1-all/2m8005s69iu8v0oiejfej094b/gradle-2.2.1/lib/plugins/gradle-cunit-2.2.1.jar
7f41f5a69000-7f41f5a6e000 r--s 00036000 08:08 265564                     /home/alberto/.gradle/wrapper/dists/gradle-2.2.1-all/2m8005s69iu8v0oiejfej094b/gradle-2.2.1/lib/plugins/gradle-ide-native-2.2.1.jar
7f41f5a6e000-7f41f5a73000 r--s 00013000 08:08 265563                     /home/alberto/.gradle/wrapper/dists/gradle-2.2.1-all/2m8005s69iu8v0oiejfej094b/gradle-2.2.1/lib/plugins/gradle-language-native-2.2.1.jar
7f41f5a73000-7f41f5a7e000 r--s 0004d000 08:08 265562                     /home/alberto/.gradle/wrapper/dists/gradle-2.2.1-all/2m8005s69iu8v0oiejfej094b/gradle-2.2.1/lib/plugins/gradle-platform-native-2.2.1.jar
7f41f5a7e000-7f41f5a80000 r--s 00008000 08:08 265561                     /home/alberto/.gradle/wrapper/dists/gradle-2.2.1-all/2m8005s69iu8v0oiejfej094b/gradle-2.2.1/lib/plugins/gradle-language-groovy-2.2.1.jar
7f41f5a80000-7f41f5a85000 r--s 00022000 08:08 265560                     /home/alberto/.gradle/wrapper/dists/gradle-2.2.1-all/2m8005s69iu8v0oiejfej094b/gradle-2.2.1/lib/plugins/gradle-language-java-2.2.1.jar
7f41f5a85000-7f41f5a88000 r--s 00007000 08:08 265559                     /home/alberto/.gradle/wrapper/dists/gradle-2.2.1-all/2m8005s69iu8v0oiejfej094b/gradle-2.2.1/lib/plugins/gradle-language-jvm-2.2.1.jar
7f41f5a88000-7f41f5a8b000 r--s 00009000 08:08 265558                     /home/alberto/.gradle/wrapper/dists/gradle-2.2.1-all/2m8005s69iu8v0oiejfej094b/gradle-2.2.1/lib/plugins/gradle-platform-jvm-2.2.1.jar
7f41f5a8b000-7f41f5a90000 r--s 00018000 08:08 265557                     /home/alberto/.gradle/wrapper/dists/gradle-2.2.1-all/2m8005s69iu8v0oiejfej094b/gradle-2.2.1/lib/plugins/gradle-platform-base-2.2.1.jar
7f41f5a90000-7f41f5a95000 r--s 00026000 08:08 265556                     /home/alberto/.gradle/wrapper/dists/gradle-2.2.1-all/2m8005s69iu8v0oiejfej094b/gradle-2.2.1/lib/plugins/gradle-build-init-2.2.1.jar
7f41f5a95000-7f41f5a98000 r--s 0001d000 08:08 265555                     /home/alberto/.gradle/wrapper/dists/gradle-2.2.1-all/2m8005s69iu8v0oiejfej094b/gradle-2.2.1/lib/plugins/gradle-jacoco-2.2.1.jar
7f41f5a98000-7f41f5a9b000 r--s 0000d000 08:08 265554                     /home/alberto/.gradle/wrapper/dists/gradle-2.2.1-all/2m8005s69iu8v0oiejfej094b/gradle-2.2.1/lib/plugins/gradle-ivy-2.2.1.jar
7f41f5a9b000-7f41f5a9d000 r--s 00002000 08:08 265553                     /home/alberto/.gradle/wrapper/dists/gradle-2.2.1-all/2m8005s69iu8v0oiejfej094b/gradle-2.2.1/lib/plugins/gradle-publish-2.2.1.jar
7f41f5a9d000-7f41f5a9f000 r--s 00005000 08:08 265591                     /home/alberto/.gradle/wrapper/dists/gradle-2.2.1-all/2m8005s69iu8v0oiejfej094b/gradle-2.2.1/lib/plugins/jatl-0.2.2.jar
7f41f5a9f000-7f41f5aa1000 r--s 0000f000 08:08 265552                     /home/alberto/.gradle/wrapper/dists/gradle-2.2.1-all/2m8005s69iu8v0oiejfej094b/gradle-2.2.1/lib/plugins/gradle-reporting-2.2.1.jar
7f41f5aa1000-7f41f5aa6000 r--s 00068000 08:08 265580                     /home/alberto/.gradle/wrapper/dists/gradle-2.2.1-all/2m8005s69iu8v0oiejfej094b/gradle-2.2.1/lib/plugins/antlr-2.7.7.jar
7f41f5aa6000-7f41f5aa7000 r--s 00002000 08:08 265579                     /home/alberto/.gradle/wrapper/dists/gradle-2.2.1-all/2m8005s69iu8v0oiejfej094b/gradle-2.2.1/lib/plugins/ant-antlr-1.9.3.jar
7f41f5aa7000-7f41f5aae000 r--s 00090000 08:08 265550                     /home/alberto/.gradle/wrapper/dists/gradle-2.2.1-all/2m8005s69iu8v0oiejfej094b/gradle-2.2.1/lib/plugins/gradle-build-comparison-2.2.1.jar
7f41f5aae000-7f41f5ab5000 r--s 00035000 08:08 265590                     /home/alberto/.gradle/wrapper/dists/gradle-2.2.1-all/2m8005s69iu8v0oiejfej094b/gradle-2.2.1/lib/plugins/simple-4.1.21.jar
7f41f5ab5000-7f41f5ac1000 r--s 00100000 08:08 265588                     /home/alberto/.gradle/wrapper/dists/gradle-2.2.1-all/2m8005s69iu8v0oiejfej094b/gradle-2.2.1/lib/plugins/rhino-1.7R3.jar
7f41f5ac1000-7f41f5ac6000 r--s 0001f000 08:08 265549                     /home/alberto/.gradle/wrapper/dists/gradle-2.2.1-all/2m8005s69iu8v0oiejfej094b/gradle-2.2.1/lib/plugins/gradle-javascript-2.2.1.jar
7f41f5ac6000-7f41f5ac8000 r--s 0000e000 08:08 265548                     /home/alberto/.gradle/wrapper/dists/gradle-2.2.1-all/2m8005s69iu8v0oiejfej094b/gradle-2.2.1/lib/plugins/gradle-ear-2.2.1.jar
7f41f5ac8000-7f41f5acc000 r--s 00025000 08:08 265587                     /home/alberto/.gradle/wrapper/dists/gradle-2.2.1-all/2m8005s69iu8v0oiejfej094b/gradle-2.2.1/lib/plugins/bcpg-jdk15-1.46.jar
7f41f5acc000-7f41f5acf000 r--s 0001d000 08:08 265547                     /home/alberto/.gradle/wrapper/dists/gradle-2.2.1-all/2m8005s69iu8v0oiejfej094b/gradle-2.2.1/lib/plugins/gradle-signing-2.2.1.jar
7f41f5acf000-7f41f5ad0000 r--s 00002000 08:08 265586                     /home/alberto/.gradle/wrapper/dists/gradle-2.2.1-all/2m8005s69iu8v0oiejfej094b/gradle-2.2.1/lib/plugins/sonar-batch-bootstrapper-2.9.jar
7f41f5ad0000-7f41f5ad3000 r--s 00018000 08:08 265546                     /home/alberto/.gradle/wrapper/dists/gradle-2.2.1-all/2m8005s69iu8v0oiejfej094b/gradle-2.2.1/lib/plugins/gradle-sonar-2.2.1.jar
7f41f5ad3000-7f41f5ad6000 r--s 00017000 08:08 265545                     /home/alberto/.gradle/wrapper/dists/gradle-2.2.1-all/2m8005s69iu8v0oiejfej094b/gradle-2.2.1/lib/plugins/gradle-scala-2.2.1.jar
7f41f5ad6000-7f41f5ad8000 r--s 0000e000 08:08 265544                     /home/alberto/.gradle/wrapper/dists/gradle-2.2.1-all/2m8005s69iu8v0oiejfej094b/gradle-2.2.1/lib/plugins/gradle-announce-2.2.1.jar
7f41f5ad8000-7f41f5ae6000 r--s 000bc000 08:08 265543                     /home/alberto/.gradle/wrapper/dists/gradle-2.2.1-all/2m8005s69iu8v0oiejfej094b/gradle-2.2.1/lib/plugins/gradle-ide-2.2.1.jar
7f41f5ae6000-7f41f5ae8000 r--s 00000000 08:08 265585                     /home/alberto/.gradle/wrapper/dists/gradle-2.2.1-all/2m8005s69iu8v0oiejfej094b/gradle-2.2.1/lib/plugins/plexus-component-annotations-1.5.2.jar
7f41f5ae8000-7f41f5aeb000 r--s 0000c000 08:08 265584                     /home/alberto/.gradle/wrapper/dists/gradle-2.2.1-all/2m8005s69iu8v0oiejfej094b/gradle-2.2.1/lib/plugins/pmaven-groovy-0.8-20100325.jar
7f41f5aeb000-7f41f5aec000 r--s 00004000 08:08 265583                     /home/alberto/.gradle/wrapper/dists/gradle-2.2.1-all/2m8005s69iu8v0oiejfej094b/gradle-2.2.1/lib/plugins/pmaven-common-0.8-20100325.jar
7f41f5aec000-7f41f5af0000 r--s 0001e000 08:08 265542                     /home/alberto/.gradle/wrapper/dists/gradle-2.2.1-all/2m8005s69iu8v0oiejfej094b/gradle-2.2.1/lib/plugins/gradle-maven-2.2.1.jar
7f41f5af0000-7f41f5b08000 r--s 0013b000 08:08 265581                     /home/alberto/.gradle/wrapper/dists/gradle-2.2.1-all/2m8005s69iu8v0oiejfej094b/gradle-2.2.1/lib/plugins/bndlib-2.1.0.jar
7f41f5b08000-7f41f5b0a000 r--s 00004000 08:08 265541                     /home/alberto/.gradle/wrapper/dists/gradle-2.2.1-all/2m8005s69iu8v0oiejfej094b/gradle-2.2.1/lib/plugins/gradle-osgi-2.2.1.jar
7f41f5b0a000-7f41f5b0c000 r--s 00004000 08:08 265540                     /home/alberto/.gradle/wrapper/dists/gradle-2.2.1-all/2m8005s69iu8v0oiejfej094b/gradle-2.2.1/lib/plugins/gradle-antlr-2.2.1.jar
7f41f5b0c000-7f41f5b0f000 r--s 0001e000 08:08 265602                     /home/alberto/.gradle/wrapper/dists/gradle-2.2.1-all/2m8005s69iu8v0oiejfej094b/gradle-2.2.1/lib/plugins/jsp-api-2.1-6.1.14.jar
7f41f5b0f000-7f41f5b32000 r--s 00344000 08:08 265601                     /home/alberto/.gradle/wrapper/dists/gradle-2.2.1-all/2m8005s69iu8v0oiejfej094b/gradle-2.2.1/lib/plugins/core-3.1.1.jar
7f41f5b32000-7f41f5b33000 r--s 00006000 08:08 265600                     /home/alberto/.gradle/wrapper/dists/gradle-2.2.1-all/2m8005s69iu8v0oiejfej094b/gradle-2.2.1/lib/plugins/jetty-naming-6.1.25.jar
7f41f5b33000-7f41f5b34000 r--s 00002000 08:08 265578                     /home/alberto/.gradle/wrapper/dists/gradle-2.2.1-all/2m8005s69iu8v0oiejfej094b/gradle-2.2.1/lib/plugins/geronimo-annotation_1.0_spec-1.0.jar
7f41f5b34000-7f41f5b36000 r--s 00002000 08:08 265577                     /home/alberto/.gradle/wrapper/dists/gradle-2.2.1-all/2m8005s69iu8v0oiejfej094b/gradle-2.2.1/lib/plugins/jetty-annotations-6.1.25.jar
7f41f5b36000-7f41f5b47000 r--s 000ea000 08:08 265576                     /home/alberto/.gradle/wrapper/dists/gradle-2.2.1-all/2m8005s69iu8v0oiejfej094b/gradle-2.2.1/lib/plugins/jsp-2.1-6.1.14.jar
7f41f5b47000-7f41f5b49000 r--s 0000d000 08:08 265575                     /home/alberto/.gradle/wrapper/dists/gradle-2.2.1-all/2m8005s69iu8v0oiejfej094b/gradle-2.2.1/lib/plugins/jetty-plus-6.1.25.jar
7f41f5b49000-7f41f5b4b000 r--s 0001f000 08:08 265574                     /home/alberto/.gradle/wrapper/dists/gradle-2.2.1-all/2m8005s69iu8v0oiejfej094b/gradle-2.2.1/lib/plugins/servlet-api-2.5-20081211.jar
7f41f5b4b000-7f41f5b4f000 r--s 00028000 08:08 265573                     /home/alberto/.gradle/wrapper/dists/gradle-2.2.1-all/2m8005s69iu8v0oiejfej094b/gradle-2.2.1/lib/plugins/jetty-util-6.1.25.jar
7f41f5b4f000-7f41f5b56000 r--s 0007d000 08:08 265572                     /home/alberto/.gradle/wrapper/dists/gradle-2.2.1-all/2m8005s69iu8v0oiejfej094b/gradle-2.2.1/lib/plugins/jetty-6.1.25.jar
7f41f5b56000-7f41f5b58000 r--s 00009000 08:08 265539                     /home/alberto/.gradle/wrapper/dists/gradle-2.2.1-all/2m8005s69iu8v0oiejfej094b/gradle-2.2.1/lib/plugins/gradle-jetty-2.2.1.jar
7f41f5b58000-7f41f5b5d000 r--s 00041000 08:08 265538                     /home/alberto/.gradle/wrapper/dists/gradle-2.2.1-all/2m8005s69iu8v0oiejfej094b/gradle-2.2.1/lib/plugins/gradle-code-quality-2.2.1.jar
7f41f5b5d000-7f41f5b5f000 r--s 00009000 08:08 265610                     /home/alberto/.gradle/wrapper/dists/gradle-2.2.1-all/2m8005s69iu8v0oiejfej094b/gradle-2.2.1/lib/plugins/hamcrest-core-1.3.jar
7f41f5b5f000-7f41f5b65000 r--s 00033000 08:08 265599                     /home/alberto/.gradle/wrapper/dists/gradle-2.2.1-all/2m8005s69iu8v0oiejfej094b/gradle-2.2.1/lib/plugins/snakeyaml-1.6.jar
7f41f5b65000-7f41f5b67000 r--s 00006000 08:08 265598                     /home/alberto/.gradle/wrapper/dists/gradle-2.2.1-all/2m8005s69iu8v0oiejfej094b/gradle-2.2.1/lib/plugins/jcommander-1.12.jar
7f41f5b67000-7f41f5b6c000 r--s 00040000 08:08 265597                     /home/alberto/.gradle/wrapper/dists/gradle-2.2.1-all/2m8005s69iu8v0oiejfej094b/gradle-2.2.1/lib/plugins/bsh-2.0b4.jar
7f41f5b6c000-7f41f5b6e000 r--s 00009000 08:08 265571                     /home/alberto/.gradle/wrapper/dists/gradle-2.2.1-all/2m8005s69iu8v0oiejfej094b/gradle-2.2.1/lib/plugins/commons-cli-1.2.jar
7f41f5b6e000-7f41f5b77000 r--s 00089000 08:08 265570                     /home/alberto/.gradle/wrapper/dists/gradle-2.2.1-all/2m8005s69iu8v0oiejfej094b/gradle-2.2.1/lib/plugins/testng-6.3.1.jar
7f41f5b77000-7f41f5b7d000 r--s 00036000 08:08 265569                     /home/alberto/.gradle/wrapper/dists/gradle-2.2.1-all/2m8005s69iu8v0oiejfej094b/gradle-2.2.1/lib/plugins/junit-4.11.jar
7f41f5b7d000-7f41f5b89000 r--s 00075000 08:08 265537                     /home/alberto/.gradle/wrapper/dists/gradle-2.2.1-all/2m8005s69iu8v0oiejfej094b/gradle-2.2.1/lib/plugins/gradle-plugins-2.2.1.jar
7f41f5b89000-7f41f5b8c000 r--s 00011000 08:08 265567                     /home/alberto/.gradle/wrapper/dists/gradle-2.2.1-all/2m8005s69iu8v0oiejfej094b/gradle-2.2.1/lib/plugins/gradle-plugin-use-2.2.1.jar
7f41f5b8c000-7f41f5ba4000 r--s 00115000 08:08 265608                     /home/alberto/.gradle/wrapper/dists/gradle-2.2.1-all/2m8005s69iu8v0oiejfej094b/gradle-2.2.1/lib/plugins/xercesImpl-2.9.1.jar
7f41f5ba4000-7f41f5bac000 r--s 00028000 08:08 265609                     /home/alberto/.gradle/wrapper/dists/gradle-2.2.1-all/2m8005s69iu8v0oiejfej094b/gradle-2.2.1/lib/plugins/xml-apis-1.3.04.jar
7f41f5bac000-7f41f5bb2000 r--s 0005b000 08:08 265607                     /home/alberto/.gradle/wrapper/dists/gradle-2.2.1-all/2m8005s69iu8v0oiejfej094b/gradle-2.2.1/lib/plugins/jcifs-1.3.17.jar
7f41f5bb2000-7f41f5bb8000 r--s 00031000 08:08 265606                     /home/alberto/.gradle/wrapper/dists/gradle-2.2.1-all/2m8005s69iu8v0oiejfej094b/gradle-2.2.1/lib/plugins/httpcore-4.2.2.jar
7f41f5bb8000-7f41f5bbe000 r--s 00033000 08:08 265605                     /home/alberto/.gradle/wrapper/dists/gradle-2.2.1-all/2m8005s69iu8v0oiejfej094b/gradle-2.2.1/lib/plugins/commons-codec-1.6.jar
7f41f5bbe000-7f41f5bc1000 r--s 0001c000 08:08 265604                     /home/alberto/.gradle/wrapper/dists/gradle-2.2.1-all/2m8005s69iu8v0oiejfej094b/gradle-2.2.1/lib/plugins/nekohtml-1.9.14.jar
7f41f5bc1000-7f41f5bca000 r--s 00060000 08:08 265603                     /home/alberto/.gradle/wrapper/dists/gradle-2.2.1-all/2m8005s69iu8v0oiejfej094b/gradle-2.2.1/lib/plugins/httpclient-4.2.2.jar
7f41f5bca000-7f41f5bcc000 r--s 00007000 08:08 265592                     /home/alberto/.gradle/wrapper/dists/gradle-2.2.1-all/2m8005s69iu8v0oiejfej094b/gradle-2.2.1/lib/plugins/gradle-resources-http-2.2.1.jar
7f41f5bcc000-7f41f5bf4000 r--s 00194000 08:08 265596                     /home/alberto/.gradle/wrapper/dists/gradle-2.2.1-all/2m8005s69iu8v0oiejfej094b/gradle-2.2.1/lib/plugins/bcprov-jdk15-1.46.jar
7f41f5bf4000-7f41f5bf8000 r--s 0001d000 08:08 265595                     /home/alberto/.gradle/wrapper/dists/gradle-2.2.1-all/2m8005s69iu8v0oiejfej094b/gradle-2.2.1/lib/plugins/xbean-reflect-3.4.jar
7f41f5bf8000-7f41f5bfd000 r--s 0002a000 08:08 265589                     /home/alberto/.gradle/wrapper/dists/gradle-2.2.1-all/2m8005s69iu8v0oiejfej094b/gradle-2.2.1/lib/plugins/gson-2.2.4.jar
7f41f5bfd000-7f41f5c01000 r--s 0003d000 08:08 265594                     /home/alberto/.gradle/wrapper/dists/gradle-2.2.1-all/2m8005s69iu8v0oiejfej094b/gradle-2.2.1/lib/plugins/jsch-0.1.51.jar
7f41f5c01000-7f41f5c1a000 r--s 00129000 08:08 265582                     /home/alberto/.gradle/wrapper/dists/gradle-2.2.1-all/2m8005s69iu8v0oiejfej094b/gradle-2.2.1/lib/plugins/maven-ant-tasks-2.1.3.jar
7f41f5c1a000-7f41f5c29000 r--s 000d9000 08:08 265593                     /home/alberto/.gradle/wrapper/dists/gradle-2.2.1-all/2m8005s69iu8v0oiejfej094b/gradle-2.2.1/lib/plugins/ivy-2.2.0.jar
7f41f5c29000-7f41f5c2d000 r--s 0001e000 08:08 265536                     /home/alberto/.gradle/wrapper/dists/gradle-2.2.1-all/2m8005s69iu8v0oiejfej094b/gradle-2.2.1/lib/plugins/jarjar-aether-impl-1.13.1.jar
7f41f5c2d000-7f41f5c30000 r--s 00027000 08:08 265535                     /home/alberto/.gradle/wrapper/dists/gradle-2.2.1-all/2m8005s69iu8v0oiejfej094b/gradle-2.2.1/lib/plugins/jarjar-maven-model-3.0.4.jar
7f41f5c30000-7f41f5c33000 r--s 0000b000 08:08 265534                     /home/alberto/.gradle/wrapper/dists/gradle-2.2.1-all/2m8005s69iu8v0oiejfej094b/gradle-2.2.1/lib/plugins/jarjar-maven-artifact-3.0.4.jar
7f41f5c33000-7f41f5c37000 r--s 0001e000 08:08 265533                     /home/alberto/.gradle/wrapper/dists/gradle-2.2.1-all/2m8005s69iu8v0oiejfej094b/gradle-2.2.1/lib/plugins/jarjar-aether-util-1.13.1.jar
7f41f5c37000-7f41f5c39000 r--s 00007000 08:08 265532                     /home/alberto/.gradle/wrapper/dists/gradle-2.2.1-all/2m8005s69iu8v0oiejfej094b/gradle-2.2.1/lib/plugins/jarjar-wagon-http-shared4-2.4.jar
7f41f5c39000-7f41f5c46000 r--s 00083000 08:08 265531                     /home/alberto/.gradle/wrapper/dists/gradle-2.2.1-all/2m8005s69iu8v0oiejfej094b/gradle-2.2.1/lib/plugins/jarjar-maven-core-3.0.4.jar
7f41f5c46000-7f41f5c48000 r--s 00003000 08:08 265530                     /home/alberto/.gradle/wrapper/dists/gradle-2.2.1-all/2m8005s69iu8v0oiejfej094b/gradle-2.2.1/lib/plugins/jarjar-aether-spi-1.13.1.jar
7f41f5c48000-7f41f5c4a000 r--s 00009000 08:08 265529                     /home/alberto/.gradle/wrapper/dists/gradle-2.2.1-all/2m8005s69iu8v0oiejfej094b/gradle-2.2.1/lib/plugins/jarjar-maven-settings-builder-3.0.4.jar
7f41f5c4a000-7f41f5c4e000 r--s 00014000 08:08 265528                     /home/alberto/.gradle/wrapper/dists/gradle-2.2.1-all/2m8005s69iu8v0oiejfej094b/gradle-2.2.1/lib/plugins/jarjar-aether-api-1.13.1.jar
7f41f5c4e000-7f41f5c55000 r--s 00042000 08:08 265526                     /home/alberto/.gradle/wrapper/dists/gradle-2.2.1-all/2m8005s69iu8v0oiejfej094b/gradle-2.2.1/lib/plugins/jarjar-maven-compat-3.0.4.jar
7f41f5c55000-7f41f5c57000 r--s 00006000 08:08 265525                     /home/alberto/.gradle/wrapper/dists/gradle-2.2.1-all/2m8005s69iu8v0oiejfej094b/gradle-2.2.1/lib/plugins/jarjar-aether-connector-wagon-1.13.1.jar
7f41f5c57000-7f41f5c59000 r--s 00000000 08:08 265524                     /home/alberto/.gradle/wrapper/dists/gradle-2.2.1-all/2m8005s69iu8v0oiejfej094b/gradle-2.2.1/lib/plugins/jarjar-plexus-component-annotations-1.5.5.jar
7f41f5c59000-7f41f5c5b000 r--s 00006000 08:08 265523                     /home/alberto/.gradle/wrapper/dists/gradle-2.2.1-all/2m8005s69iu8v0oiejfej094b/gradle-2.2.1/lib/plugins/jarjar-plexus-sec-dispatcher-1.3.jar
7f41f5c5b000-7f41f5c60000 r--s 00022000 08:08 265522                     /home/alberto/.gradle/wrapper/dists/gradle-2.2.1-all/2m8005s69iu8v0oiejfej094b/gradle-2.2.1/lib/plugins/jarjar-maven-model-builder-3.0.4.jar
7f41f5c60000-7f41f5c62000 r--s 0000b000 08:08 265521                     /home/alberto/.gradle/wrapper/dists/gradle-2.2.1-all/2m8005s69iu8v0oiejfej094b/gradle-2.2.1/lib/plugins/jarjar-maven-plugin-api-3.0.4.jar
7f41f5c62000-7f41f5c65000 r--s 0000a000 08:08 265520                     /home/alberto/.gradle/wrapper/dists/gradle-2.2.1-all/2m8005s69iu8v0oiejfej094b/gradle-2.2.1/lib/plugins/jarjar-plexus-classworlds-2.4.jar
7f41f5c65000-7f41f5c69000 r--s 00035000 08:08 265519                     /home/alberto/.gradle/wrapper/dists/gradle-2.2.1-all/2m8005s69iu8v0oiejfej094b/gradle-2.2.1/lib/plugins/jarjar-plexus-utils-2.0.6.jar
7f41f5c69000-7f41f5c81000 r--s 000b5000 08:08 265568                     /home/alberto/.gradle/wrapper/dists/gradle-2.2.1-all/2m8005s69iu8v0oiejfej094b/gradle-2.2.1/lib/plugins/gradle-dependency-management-2.2.1.jar
7f41f5c81000-7f41f5c91000 r-xp 00000000 08:08 540051                     /usr/lib/jvm/java-7-openjdk-amd64/jre/lib/amd64/libnio.so
7f41f5c91000-7f41f5e91000 ---p 00010000 08:08 540051                     /usr/lib/jvm/java-7-openjdk-amd64/jre/lib/amd64/libnio.so
7f41f5e91000-7f41f5e92000 r--p 00010000 08:08 540051                     /usr/lib/jvm/java-7-openjdk-amd64/jre/lib/amd64/libnio.so
7f41f5e92000-7f41f5e93000 rw-p 00011000 08:08 540051                     /usr/lib/jvm/java-7-openjdk-amd64/jre/lib/amd64/libnio.so
7f41f5e93000-7f41f5eb9000 r--p 00000000 08:08 798442                     /usr/share/locale-langpack/es/LC_MESSAGES/libc.mo
7f41f5eb9000-7f41f5eea000 rw-p 00000000 00:00 0 
7f41f5eea000-7f41f5f27000 r-xp 00000000 08:08 1049355                    /lib/x86_64-linux-gnu/libpcre.so.3.13.1
7f41f5f27000-7f41f6126000 ---p 0003d000 08:08 1049355                    /lib/x86_64-linux-gnu/libpcre.so.3.13.1
7f41f6126000-7f41f6127000 r--p 0003c000 08:08 1049355                    /lib/x86_64-linux-gnu/libpcre.so.3.13.1
7f41f6127000-7f41f6128000 rw-p 0003d000 08:08 1049355                    /lib/x86_64-linux-gnu/libpcre.so.3.13.1
7f41f6128000-7f41f612f000 r-xp 00000000 08:08 533155                     /usr/lib/x86_64-linux-gnu/libffi.so.6.0.1
7f41f612f000-7f41f632e000 ---p 00007000 08:08 533155                     /usr/lib/x86_64-linux-gnu/libffi.so.6.0.1
7f41f632e000-7f41f632f000 r--p 00006000 08:08 533155                     /usr/lib/x86_64-linux-gnu/libffi.so.6.0.1
7f41f632f000-7f41f6330000 rw-p 00007000 08:08 533155                     /usr/lib/x86_64-linux-gnu/libffi.so.6.0.1
7f41f6330000-7f41f6347000 r-xp 00000000 08:08 1049378                    /lib/x86_64-linux-gnu/libresolv-2.19.so
7f41f6347000-7f41f6547000 ---p 00017000 08:08 1049378                    /lib/x86_64-linux-gnu/libresolv-2.19.so
7f41f6547000-7f41f6548000 r--p 00017000 08:08 1049378                    /lib/x86_64-linux-gnu/libresolv-2.19.so
7f41f6548000-7f41f6549000 rw-p 00018000 08:08 1049378                    /lib/x86_64-linux-gnu/libresolv-2.19.so
7f41f6549000-7f41f654b000 rw-p 00000000 00:00 0 
7f41f654b000-7f41f656b000 r-xp 00000000 08:08 1049382                    /lib/x86_64-linux-gnu/libselinux.so.1
7f41f656b000-7f41f676a000 ---p 00020000 08:08 1049382                    /lib/x86_64-linux-gnu/libselinux.so.1
7f41f676a000-7f41f676b000 r--p 0001f000 08:08 1049382                    /lib/x86_64-linux-gnu/libselinux.so.1
7f41f676b000-7f41f676c000 rw-p 00020000 08:08 1049382                    /lib/x86_64-linux-gnu/libselinux.so.1
7f41f676c000-7f41f676e000 rw-p 00000000 00:00 0 
7f41f676e000-7f41f6771000 r-xp 00000000 08:08 533268                     /usr/lib/x86_64-linux-gnu/libgmodule-2.0.so.0.4002.0
7f41f6771000-7f41f6970000 ---p 00003000 08:08 533268                     /usr/lib/x86_64-linux-gnu/libgmodule-2.0.so.0.4002.0
7f41f6970000-7f41f6971000 r--p 00002000 08:08 533268                     /usr/lib/x86_64-linux-gnu/libgmodule-2.0.so.0.4002.0
7f41f6971000-7f41f6972000 rw-p 00003000 08:08 533268                     /usr/lib/x86_64-linux-gnu/libgmodule-2.0.so.0.4002.0
7f41f6972000-7f41f6a78000 r-xp 00000000 08:08 1049283                    /lib/x86_64-linux-gnu/libglib-2.0.so.0.4002.0
7f41f6a78000-7f41f6c77000 ---p 00106000 08:08 1049283                    /lib/x86_64-linux-gnu/libglib-2.0.so.0.4002.0
7f41f6c77000-7f41f6c78000 r--p 00105000 08:08 1049283                    /lib/x86_64-linux-gnu/libglib-2.0.so.0.4002.0
7f41f6c78000-7f41f6c79000 rw-p 00106000 08:08 1049283                    /lib/x86_64-linux-gnu/libglib-2.0.so.0.4002.0
7f41f6c79000-7f41f6c7a000 rw-p 00000000 00:00 0 
7f41f6c7a000-7f41f6cc9000 r-xp 00000000 08:08 533284                     /usr/lib/x86_64-linux-gnu/libgobject-2.0.so.0.4002.0
7f41f6cc9000-7f41f6ec9000 ---p 0004f000 08:08 533284                     /usr/lib/x86_64-linux-gnu/libgobject-2.0.so.0.4002.0
7f41f6ec9000-7f41f6eca000 r--p 0004f000 08:08 533284                     /usr/lib/x86_64-linux-gnu/libgobject-2.0.so.0.4002.0
7f41f6eca000-7f41f6ecb000 rw-p 00050000 08:08 533284                     /usr/lib/x86_64-linux-gnu/libgobject-2.0.so.0.4002.0
7f41f6ecb000-7f41f7037000 r-xp 00000000 08:08 533256                     /usr/lib/x86_64-linux-gnu/libgio-2.0.so.0.4002.0
7f41f7037000-7f41f7236000 ---p 0016c000 08:08 533256                     /usr/lib/x86_64-linux-gnu/libgio-2.0.so.0.4002.0
7f41f7236000-7f41f723a000 r--p 0016b000 08:08 533256                     /usr/lib/x86_64-linux-gnu/libgio-2.0.so.0.4002.0
7f41f723a000-7f41f723c000 rw-p 0016f000 08:08 533256                     /usr/lib/x86_64-linux-gnu/libgio-2.0.so.0.4002.0
7f41f723c000-7f41f723e000 rw-p 00000000 00:00 0 
7f41f723e000-7f41f723f000 r--s 00002000 08:08 265527                     /home/alberto/.gradle/wrapper/dists/gradle-2.2.1-all/2m8005s69iu8v0oiejfej094b/gradle-2.2.1/lib/plugins/jarjar-wagon-http-2.4.jar
7f41f723f000-7f41f7241000 r--s 0000e000 08:08 265518                     /home/alberto/.gradle/wrapper/dists/gradle-2.2.1-all/2m8005s69iu8v0oiejfej094b/gradle-2.2.1/lib/plugins/jarjar-plexus-interpolation-1.14.jar
7f41f7241000-7f41f7243000 r--s 00002000 08:08 265517                     /home/alberto/.gradle/wrapper/dists/gradle-2.2.1-all/2m8005s69iu8v0oiejfej094b/gradle-2.2.1/lib/plugins/jarjar-plexus-cipher-1.7.jar
7f41f7243000-7f41f7245000 r--s 0000c000 08:08 265516                     /home/alberto/.gradle/wrapper/dists/gradle-2.2.1-all/2m8005s69iu8v0oiejfej094b/gradle-2.2.1/lib/plugins/jarjar-wagon-provider-api-2.4.jar
7f41f7245000-7f41f7247000 r--s 0000d000 08:08 265515                     /home/alberto/.gradle/wrapper/dists/gradle-2.2.1-all/2m8005s69iu8v0oiejfej094b/gradle-2.2.1/lib/plugins/jarjar-maven-aether-provider-3.0.4.jar
7f41f7247000-7f41f724f000 r--s 00031000 08:08 265514                     /home/alberto/.gradle/wrapper/dists/gradle-2.2.1-all/2m8005s69iu8v0oiejfej094b/gradle-2.2.1/lib/plugins/jarjar-plexus-container-default-1.5.5.jar
7f41f724f000-7f41f7250000 r--s 00007000 08:08 265513                     /home/alberto/.gradle/wrapper/dists/gradle-2.2.1-all/2m8005s69iu8v0oiejfej094b/gradle-2.2.1/lib/plugins/jarjar-maven-repository-metadata-3.0.4.jar
7f41f7250000-7f41f7251000 r--s 0000b000 08:08 265512                     /home/alberto/.gradle/wrapper/dists/gradle-2.2.1-all/2m8005s69iu8v0oiejfej094b/gradle-2.2.1/lib/plugins/jarjar-maven-settings-3.0.4.jar
7f41f7251000-7f41f7258000 r--s 00000000 08:08 787284                     /usr/lib/x86_64-linux-gnu/gconv/gconv-modules.cache
7f41f7258000-7f41f726f000 r-xp 00000000 08:08 540046                     /usr/lib/jvm/java-7-openjdk-amd64/jre/lib/amd64/libnet.so
7f41f726f000-7f41f746e000 ---p 00017000 08:08 540046                     /usr/lib/jvm/java-7-openjdk-amd64/jre/lib/amd64/libnet.so
7f41f746e000-7f41f746f000 r--p 00016000 08:08 540046                     /usr/lib/jvm/java-7-openjdk-amd64/jre/lib/amd64/libnet.so
7f41f746f000-7f41f7470000 rw-p 00017000 08:08 540046                     /usr/lib/jvm/java-7-openjdk-amd64/jre/lib/amd64/libnet.so
7f41f7470000-7f41f7471000 r--s 00005000 08:08 265463                     /home/alberto/.gradle/wrapper/dists/gradle-2.2.1-all/2m8005s69iu8v0oiejfej094b/gradle-2.2.1/lib/gradle-wrapper-2.2.1.jar
7f41f7471000-7f41f747a000 r--s 0002c000 08:08 265468                     /home/alberto/.gradle/wrapper/dists/gradle-2.2.1-all/2m8005s69iu8v0oiejfej094b/gradle-2.2.1/lib/gradle-tooling-api-2.2.1.jar
7f41f747a000-7f41f747c000 r--s 00002000 08:08 265492                     /home/alberto/.gradle/wrapper/dists/gradle-2.2.1-all/2m8005s69iu8v0oiejfej094b/gradle-2.2.1/lib/gradle-open-api-2.2.1.jar
7f41f747c000-7f41f7482000 r--s 00032000 08:08 265494                     /home/alberto/.gradle/wrapper/dists/gradle-2.2.1-all/2m8005s69iu8v0oiejfej094b/gradle-2.2.1/lib/jaxen-1.1.jar
7f41f7482000-7f41f7487000 r--s 00048000 08:08 265493                     /home/alberto/.gradle/wrapper/dists/gradle-2.2.1-all/2m8005s69iu8v0oiejfej094b/gradle-2.2.1/lib/dom4j-1.6.1.jar
7f41f7487000-7f41f7492000 r--s 00059000 08:08 265467                     /home/alberto/.gradle/wrapper/dists/gradle-2.2.1-all/2m8005s69iu8v0oiejfej094b/gradle-2.2.1/lib/gradle-ui-2.2.1.jar
7f41f7492000-7f41f7494000 r--s 00006000 08:08 265488                     /home/alberto/.gradle/wrapper/dists/gradle-2.2.1-all/2m8005s69iu8v0oiejfej094b/gradle-2.2.1/lib/gradle-resources-2.2.1.jar
7f41f7494000-7f41f7496000 r--s 00007000 08:08 265510                     /home/alberto/.gradle/wrapper/dists/gradle-2.2.1-all/2m8005s69iu8v0oiejfej094b/gradle-2.2.1/lib/objenesis-1.2.jar
7f41f7496000-7f41f7498000 r--s 00000000 08:08 265509                     /home/alberto/.gradle/wrapper/dists/gradle-2.2.1-all/2m8005s69iu8v0oiejfej094b/gradle-2.2.1/lib/minlog-1.2.jar
7f41f7498000-7f41f749a000 r--s 0000f000 08:08 265508                     /home/alberto/.gradle/wrapper/dists/gradle-2.2.1-all/2m8005s69iu8v0oiejfej094b/gradle-2.2.1/lib/reflectasm-1.07-shaded.jar
7f41f749a000-7f41f749e000 r--s 00026000 08:08 265499                     /home/alberto/.gradle/wrapper/dists/gradle-2.2.1-all/2m8005s69iu8v0oiejfej094b/gradle-2.2.1/lib/kryo-2.20.jar
7f41f749e000-7f41f74a7000 r--s 00039000 08:08 265487                     /home/alberto/.gradle/wrapper/dists/gradle-2.2.1-all/2m8005s69iu8v0oiejfej094b/gradle-2.2.1/lib/gradle-messaging-2.2.1.jar
7f41f74a7000-7f41f74a8000 r--s 00003000 08:08 265507                     /home/alberto/.gradle/wrapper/dists/gradle-2.2.1-all/2m8005s69iu8v0oiejfej094b/gradle-2.2.1/lib/native-platform-freebsd-amd64-0.10.jar
7f41f74a8000-7f41f74a9000 r--s 00003000 08:08 265506                     /home/alberto/.gradle/wrapper/dists/gradle-2.2.1-all/2m8005s69iu8v0oiejfej094b/gradle-2.2.1/lib/native-platform-freebsd-i386-0.10.jar
7f41f74a9000-7f41f74aa000 r--s 00005000 08:08 265505                     /home/alberto/.gradle/wrapper/dists/gradle-2.2.1-all/2m8005s69iu8v0oiejfej094b/gradle-2.2.1/lib/native-platform-windows-i386-0.10.jar
7f41f74aa000-7f41f74ab000 r--s 00005000 08:08 265504                     /home/alberto/.gradle/wrapper/dists/gradle-2.2.1-all/2m8005s69iu8v0oiejfej094b/gradle-2.2.1/lib/native-platform-windows-amd64-0.10.jar
7f41f74ab000-7f41f74ac000 r--s 00003000 08:08 265503                     /home/alberto/.gradle/wrapper/dists/gradle-2.2.1-all/2m8005s69iu8v0oiejfej094b/gradle-2.2.1/lib/native-platform-linux-i386-0.10.jar
7f41f74ac000-7f41f74ad000 r--s 00003000 08:08 265502                     /home/alberto/.gradle/wrapper/dists/gradle-2.2.1-all/2m8005s69iu8v0oiejfej094b/gradle-2.2.1/lib/native-platform-linux-amd64-0.10.jar
7f41f74ad000-7f41f74ae000 r--s 00002000 08:08 265501                     /home/alberto/.gradle/wrapper/dists/gradle-2.2.1-all/2m8005s69iu8v0oiejfej094b/gradle-2.2.1/lib/native-platform-osx-amd64-0.10.jar
7f41f74ae000-7f41f74af000 r--s 00002000 08:08 265500                     /home/alberto/.gradle/wrapper/dists/gradle-2.2.1-all/2m8005s69iu8v0oiejfej094b/gradle-2.2.1/lib/native-platform-osx-i386-0.10.jar
7f41f74af000-7f41f751a000 r--s 00685000 08:08 265472                     /home/alberto/.gradle/wrapper/dists/gradle-2.2.1-all/2m8005s69iu8v0oiejfej094b/gradle-2.2.1/lib/groovy-all-2.3.6.jar
7f41f751a000-7f41f751b000 ---p 00000000 00:00 0 
7f41f751b000-7f41f761b000 rw-p 00000000 00:00 0                          [stack:9637]
7f41f761b000-7f41f761e000 ---p 00000000 00:00 0 
7f41f761e000-7f41f771c000 rw-p 00000000 00:00 0                          [stack:9636]
7f41f771c000-7f41f771f000 ---p 00000000 00:00 0 
7f41f771f000-7f41f781d000 rw-p 00000000 00:00 0                          [stack:9635]
7f41f781d000-7f41f7820000 ---p 00000000 00:00 0 
7f41f7820000-7f41f791e000 rw-p 00000000 00:00 0                          [stack:9634]
7f41f791e000-7f41f8000000 r--p 00000000 08:08 530689                     /usr/lib/locale/locale-archive
7f41f8000000-7f41f8021000 rw-p 00000000 00:00 0 
7f41f8021000-7f41fc000000 ---p 00000000 00:00 0 
7f41fc000000-7f41fc021000 rw-p 00000000 00:00 0 
7f41fc021000-7f4200000000 ---p 00000000 00:00 0 
7f4200000000-7f4200240000 rw-p 00000000 00:00 0 
7f4200240000-7f4204000000 ---p 00000000 00:00 0 
7f4204000000-7f4204021000 rw-p 00000000 00:00 0 
7f4204021000-7f4208000000 ---p 00000000 00:00 0 
7f4208000000-7f4208002000 r--s 00008000 08:08 265497                     /home/alberto/.gradle/wrapper/dists/gradle-2.2.1-all/2m8005s69iu8v0oiejfej094b/gradle-2.2.1/lib/jansi-1.2.1.jar
7f4208002000-7f4208005000 r--s 0000d000 08:08 265496                     /home/alberto/.gradle/wrapper/dists/gradle-2.2.1-all/2m8005s69iu8v0oiejfej094b/gradle-2.2.1/lib/native-platform-0.10.jar
7f4208005000-7f4208009000 r--s 000e4000 08:08 265495                     /home/alberto/.gradle/wrapper/dists/gradle-2.2.1-all/2m8005s69iu8v0oiejfej094b/gradle-2.2.1/lib/jna-3.2.7.jar
7f4208009000-7f420800b000 r--s 00008000 08:08 265469                     /home/alberto/.gradle/wrapper/dists/gradle-2.2.1-all/2m8005s69iu8v0oiejfej094b/gradle-2.2.1/lib/gradle-native-2.2.1.jar
7f420800b000-7f420800d000 r--s 00005000 08:08 265466                     /home/alberto/.gradle/wrapper/dists/gradle-2.2.1-all/2m8005s69iu8v0oiejfej094b/gradle-2.2.1/lib/gradle-cli-2.2.1.jar
7f420800d000-7f420800f000 r--s 00003000 08:08 265486                     /home/alberto/.gradle/wrapper/dists/gradle-2.2.1-all/2m8005s69iu8v0oiejfej094b/gradle-2.2.1/lib/gradle-base-services-groovy-2.2.1.jar
7f420800f000-7f4208011000 r--s 0000a000 08:08 265474                     /home/alberto/.gradle/wrapper/dists/gradle-2.2.1-all/2m8005s69iu8v0oiejfej094b/gradle-2.2.1/lib/gradle-model-groovy-2.2.1.jar
7f4208011000-7f4208015000 r--s 0001b000 08:08 265473                     /home/alberto/.gradle/wrapper/dists/gradle-2.2.1-all/2m8005s69iu8v0oiejfej094b/gradle-2.2.1/lib/gradle-model-core-2.2.1.jar
7f4208015000-7f4208016000 r--s 00000000 08:08 265489                     /home/alberto/.gradle/wrapper/dists/gradle-2.2.1-all/2m8005s69iu8v0oiejfej094b/gradle-2.2.1/lib/gradle-docs-2.2.1.jar
7f4208016000-7f4208018000 r--s 00003000 08:08 265491                     /home/alberto/.gradle/wrapper/dists/gradle-2.2.1-all/2m8005s69iu8v0oiejfej094b/gradle-2.2.1/lib/jcl-over-slf4j-1.7.7.jar
7f4208018000-7f4208019000 r--s 00005000 08:08 265490                     /home/alberto/.gradle/wrapper/dists/gradle-2.2.1-all/2m8005s69iu8v0oiejfej094b/gradle-2.2.1/lib/log4j-over-slf4j-1.7.7.jar
7f4208019000-7f420801c000 r--s 0001b000 08:08 265484                     /home/alberto/.gradle/wrapper/dists/gradle-2.2.1-all/2m8005s69iu8v0oiejfej094b/gradle-2.2.1/lib/jarjar-1.3.jar
7f420801c000-7f420801e000 r--s 00000000 08:08 265483                     /home/alberto/.gradle/wrapper/dists/gradle-2.2.1-all/2m8005s69iu8v0oiejfej094b/gradle-2.2.1/lib/jul-to-slf4j-1.7.7.jar
7f420801e000-7f4208024000 r--s 0003b000 08:08 265481                     /home/alberto/.gradle/wrapper/dists/gradle-2.2.1-all/2m8005s69iu8v0oiejfej094b/gradle-2.2.1/lib/logback-classic-1.0.13.jar
7f4208024000-7f420802e000 r--s 0005d000 08:08 265480                     /home/alberto/.gradle/wrapper/dists/gradle-2.2.1-all/2m8005s69iu8v0oiejfej094b/gradle-2.2.1/lib/logback-core-1.0.13.jar
7f420802e000-7f4208033000 r--s 00041000 08:08 265479                     /home/alberto/.gradle/wrapper/dists/gradle-2.2.1-all/2m8005s69iu8v0oiejfej094b/gradle-2.2.1/lib/commons-lang-2.6.jar
7f4208033000-7f4208036000 r--s 00018000 08:08 265478                     /home/alberto/.gradle/wrapper/dists/gradle-2.2.1-all/2m8005s69iu8v0oiejfej094b/gradle-2.2.1/lib/commons-io-1.4.jar
7f4208036000-7f4208044000 r--s 0007f000 08:08 265477                     /home/alberto/.gradle/wrapper/dists/gradle-2.2.1-all/2m8005s69iu8v0oiejfej094b/gradle-2.2.1/lib/commons-collections-3.2.1.jar
7f4208044000-7f420806c000 r--s 001cf000 08:08 265471                     /home/alberto/.gradle/wrapper/dists/gradle-2.2.1-all/2m8005s69iu8v0oiejfej094b/gradle-2.2.1/lib/guava-jdk5-17.0.jar
7f420806c000-7f420808b000 r--s 001cc000 08:08 265476                     /home/alberto/.gradle/wrapper/dists/gradle-2.2.1-all/2m8005s69iu8v0oiejfej094b/gradle-2.2.1/lib/ant-1.9.3.jar
7f420808b000-7f42080bc000 r--s 00191000 08:08 265465                     /home/alberto/.gradle/wrapper/dists/gradle-2.2.1-all/2m8005s69iu8v0oiejfej094b/gradle-2.2.1/lib/gradle-core-2.2.1.jar
7f42080bc000-7f42080bf000 ---p 00000000 00:00 0 
7f42080bf000-7f42081bd000 rw-p 00000000 00:00 0                          [stack:9633]
7f42081bd000-7f42081c0000 ---p 00000000 00:00 0 
7f42081c0000-7f42082be000 rw-p 00000000 00:00 0                          [stack:9632]
7f42082be000-7f42082c1000 ---p 00000000 00:00 0 
7f42082c1000-7f42083bf000 rw-p 00000000 00:00 0                          [stack:9631]
7f42083bf000-7f42083c0000 ---p 00000000 00:00 0 
7f42083c0000-7f42093cf000 rw-p 00000000 00:00 0                          [stack:9630]
7f42093cf000-7f4209580000 r--s 01d29000 08:08 539984                     /usr/lib/jvm/java-7-openjdk-amd64/jre/lib/rt.jar
7f4209580000-7f420c000000 rw-p 00000000 00:00 0 
7f420c000000-7f420c021000 rw-p 00000000 00:00 0 
7f420c021000-7f4210000000 ---p 00000000 00:00 0 
7f4210000000-7f4210021000 rw-p 00000000 00:00 0 
7f4210021000-7f4214000000 ---p 00000000 00:00 0 
7f4214000000-7f4214021000 rw-p 00000000 00:00 0 
7f4214021000-7f4218000000 ---p 00000000 00:00 0 
7f4218000000-7f4218001000 r--s 00000000 08:08 265485                     /home/alberto/.gradle/wrapper/dists/gradle-2.2.1-all/2m8005s69iu8v0oiejfej094b/gradle-2.2.1/lib/javax.inject-1.jar
7f4218001000-7f4218006000 r--s 00036000 08:08 265475                     /home/alberto/.gradle/wrapper/dists/gradle-2.2.1-all/2m8005s69iu8v0oiejfej094b/gradle-2.2.1/lib/asm-all-5.0.3.jar
7f4218006000-7f4218008000 r--s 00006000 08:08 265470                     /home/alberto/.gradle/wrapper/dists/gradle-2.2.1-all/2m8005s69iu8v0oiejfej094b/gradle-2.2.1/lib/slf4j-api-1.7.7.jar
7f4218008000-7f421800e000 r--s 00026000 08:08 265464                     /home/alberto/.gradle/wrapper/dists/gradle-2.2.1-all/2m8005s69iu8v0oiejfej094b/gradle-2.2.1/lib/gradle-base-services-2.2.1.jar
7f421800e000-7f4218184000 rw-p 00000000 00:00 0 
7f4218184000-7f4218185000 ---p 00000000 00:00 0 
7f4218185000-7f4218285000 rw-p 00000000 00:00 0                          [stack:9629]
7f4218285000-7f4218286000 ---p 00000000 00:00 0 
7f4218286000-7f4218386000 rw-p 00000000 00:00 0                          [stack:9628]
7f4218386000-7f4218387000 ---p 00000000 00:00 0 
7f4218387000-7f4218487000 rw-p 00000000 00:00 0                          [stack:9626]
7f4218487000-7f4218488000 ---p 00000000 00:00 0 
7f4218488000-7f4218595000 rw-p 00000000 00:00 0                          [stack:9625]
7f4218595000-7f4218608000 rw-p 00000000 00:00 0 
7f4218608000-7f421861c000 rw-p 00000000 00:00 0 
7f421861c000-7f421875e000 rw-p 00000000 00:00 0 
7f421875e000-7f421876b000 rw-p 00000000 00:00 0 
7f421876b000-7f42187de000 rw-p 00000000 00:00 0 
7f42187de000-7f42187f2000 rw-p 00000000 00:00 0 
7f42187f2000-7f4218933000 rw-p 00000000 00:00 0 
7f4218933000-7f421895a000 rw-p 00000000 00:00 0 
7f421895a000-7f42189de000 rw-p 00000000 00:00 0 
7f42189de000-7f42189df000 rw-p 00000000 00:00 0 
7f42189df000-7f4218c4f000 rwxp 00000000 00:00 0 
7f4218c4f000-7f421b9df000 rw-p 00000000 00:00 0 
7f421b9df000-7f421b9e7000 r-xp 00000000 08:08 540017                     /usr/lib/jvm/java-7-openjdk-amd64/jre/lib/amd64/libzip.so
7f421b9e7000-7f421bbe6000 ---p 00008000 08:08 540017                     /usr/lib/jvm/java-7-openjdk-amd64/jre/lib/amd64/libzip.so
7f421bbe6000-7f421bbe7000 r--p 00007000 08:08 540017                     /usr/lib/jvm/java-7-openjdk-amd64/jre/lib/amd64/libzip.so
7f421bbe7000-7f421bbe8000 rw-p 00008000 08:08 540017                     /usr/lib/jvm/java-7-openjdk-amd64/jre/lib/amd64/libzip.so
7f421bbe8000-7f421bbf3000 r-xp 00000000 08:08 1049327                    /lib/x86_64-linux-gnu/libnss_files-2.19.so
7f421bbf3000-7f421bdf2000 ---p 0000b000 08:08 1049327                    /lib/x86_64-linux-gnu/libnss_files-2.19.so
7f421bdf2000-7f421bdf3000 r--p 0000a000 08:08 1049327                    /lib/x86_64-linux-gnu/libnss_files-2.19.so
7f421bdf3000-7f421bdf4000 rw-p 0000b000 08:08 1049327                    /lib/x86_64-linux-gnu/libnss_files-2.19.so
7f421bdf4000-7f421bdff000 r-xp 00000000 08:08 1049337                    /lib/x86_64-linux-gnu/libnss_nis-2.19.so
7f421bdff000-7f421bffe000 ---p 0000b000 08:08 1049337                    /lib/x86_64-linux-gnu/libnss_nis-2.19.so
7f421bffe000-7f421bfff000 r--p 0000a000 08:08 1049337                    /lib/x86_64-linux-gnu/libnss_nis-2.19.so
7f421bfff000-7f421c000000 rw-p 0000b000 08:08 1049337                    /lib/x86_64-linux-gnu/libnss_nis-2.19.so
7f421c000000-7f421ca16000 rw-p 00000000 00:00 0 
7f421ca16000-7f4220000000 ---p 00000000 00:00 0 
7f4220000000-7f4220001000 r--s 00000000 08:08 265482                     /home/alberto/.gradle/wrapper/dists/gradle-2.2.1-all/2m8005s69iu8v0oiejfej094b/gradle-2.2.1/lib/jcip-annotations-1.0.jar
7f4220001000-7f4220002000 r--s 00004000 08:08 265498                     /home/alberto/.gradle/wrapper/dists/gradle-2.2.1-all/2m8005s69iu8v0oiejfej094b/gradle-2.2.1/lib/ant-launcher-1.9.3.jar
7f4220002000-7f422000a000 r--s 0003c000 08:08 265462                     /home/alberto/.gradle/wrapper/dists/gradle-2.2.1-all/2m8005s69iu8v0oiejfej094b/gradle-2.2.1/lib/gradle-launcher-2.2.1.jar
7f422000a000-7f422007b000 rw-p 00000000 00:00 0 
7f422007b000-7f4220092000 r-xp 00000000 08:08 1049321                    /lib/x86_64-linux-gnu/libnsl-2.19.so
7f4220092000-7f4220291000 ---p 00017000 08:08 1049321                    /lib/x86_64-linux-gnu/libnsl-2.19.so
7f4220291000-7f4220292000 r--p 00016000 08:08 1049321                    /lib/x86_64-linux-gnu/libnsl-2.19.so
7f4220292000-7f4220293000 rw-p 00017000 08:08 1049321                    /lib/x86_64-linux-gnu/libnsl-2.19.so
7f4220293000-7f4220295000 rw-p 00000000 00:00 0 
7f4220295000-7f422029e000 r-xp 00000000 08:08 1049323                    /lib/x86_64-linux-gnu/libnss_compat-2.19.so
7f422029e000-7f422049d000 ---p 00009000 08:08 1049323                    /lib/x86_64-linux-gnu/libnss_compat-2.19.so
7f422049d000-7f422049e000 r--p 00008000 08:08 1049323                    /lib/x86_64-linux-gnu/libnss_compat-2.19.so
7f422049e000-7f422049f000 rw-p 00009000 08:08 1049323                    /lib/x86_64-linux-gnu/libnss_compat-2.19.so
7f422049f000-7f42204ca000 r-xp 00000000 08:08 540054                     /usr/lib/jvm/java-7-openjdk-amd64/jre/lib/amd64/libjava.so
7f42204ca000-7f42206c9000 ---p 0002b000 08:08 540054                     /usr/lib/jvm/java-7-openjdk-amd64/jre/lib/amd64/libjava.so
7f42206c9000-7f42206ca000 r--p 0002a000 08:08 540054                     /usr/lib/jvm/java-7-openjdk-amd64/jre/lib/amd64/libjava.so
7f42206ca000-7f42206cc000 rw-p 0002b000 08:08 540054                     /usr/lib/jvm/java-7-openjdk-amd64/jre/lib/amd64/libjava.so
7f42206cc000-7f42206dc000 r-xp 00000000 08:08 540035                     /usr/lib/jvm/java-7-openjdk-amd64/jre/lib/amd64/libverify.so
7f42206dc000-7f42208db000 ---p 00010000 08:08 540035                     /usr/lib/jvm/java-7-openjdk-amd64/jre/lib/amd64/libverify.so
7f42208db000-7f42208dd000 r--p 0000f000 08:08 540035                     /usr/lib/jvm/java-7-openjdk-amd64/jre/lib/amd64/libverify.so
7f42208dd000-7f42208de000 rw-p 00011000 08:08 540035                     /usr/lib/jvm/java-7-openjdk-amd64/jre/lib/amd64/libverify.so
7f42208de000-7f42208e5000 r-xp 00000000 08:08 1049380                    /lib/x86_64-linux-gnu/librt-2.19.so
7f42208e5000-7f4220ae4000 ---p 00007000 08:08 1049380                    /lib/x86_64-linux-gnu/librt-2.19.so
7f4220ae4000-7f4220ae5000 r--p 00006000 08:08 1049380                    /lib/x86_64-linux-gnu/librt-2.19.so
7f4220ae5000-7f4220ae6000 rw-p 00007000 08:08 1049380                    /lib/x86_64-linux-gnu/librt-2.19.so
7f4220ae6000-7f4220afc000 r-xp 00000000 08:08 1049279                    /lib/x86_64-linux-gnu/libgcc_s.so.1
7f4220afc000-7f4220cfb000 ---p 00016000 08:08 1049279                    /lib/x86_64-linux-gnu/libgcc_s.so.1
7f4220cfb000-7f4220cfc000 rw-p 00015000 08:08 1049279                    /lib/x86_64-linux-gnu/libgcc_s.so.1
7f4220cfc000-7f4220e01000 r-xp 00000000 08:08 1049302                    /lib/x86_64-linux-gnu/libm-2.19.so
7f4220e01000-7f4221000000 ---p 00105000 08:08 1049302                    /lib/x86_64-linux-gnu/libm-2.19.so
7f4221000000-7f4221001000 r--p 00104000 08:08 1049302                    /lib/x86_64-linux-gnu/libm-2.19.so
7f4221001000-7f4221002000 rw-p 00105000 08:08 1049302                    /lib/x86_64-linux-gnu/libm-2.19.so
7f4221002000-7f42210e8000 r-xp 00000000 08:08 533777                     /usr/lib/x86_64-linux-gnu/libstdc++.so.6.0.19
7f42210e8000-7f42212e7000 ---p 000e6000 08:08 533777                     /usr/lib/x86_64-linux-gnu/libstdc++.so.6.0.19
7f42212e7000-7f42212ef000 r--p 000e5000 08:08 533777                     /usr/lib/x86_64-linux-gnu/libstdc++.so.6.0.19
7f42212ef000-7f42212f1000 rw-p 000ed000 08:08 533777                     /usr/lib/x86_64-linux-gnu/libstdc++.so.6.0.19
7f42212f1000-7f4221306000 rw-p 00000000 00:00 0 
7f4221306000-7f4221e1f000 r-xp 00000000 08:08 540023                     /usr/lib/jvm/java-7-openjdk-amd64/jre/lib/amd64/server/libjvm.so
7f4221e1f000-7f422201f000 ---p 00b19000 08:08 540023                     /usr/lib/jvm/java-7-openjdk-amd64/jre/lib/amd64/server/libjvm.so
7f422201f000-7f42220b9000 r--p 00b19000 08:08 540023                     /usr/lib/jvm/java-7-openjdk-amd64/jre/lib/amd64/server/libjvm.so
7f42220b9000-7f42220dc000 rw-p 00bb3000 08:08 540023                     /usr/lib/jvm/java-7-openjdk-amd64/jre/lib/amd64/server/libjvm.so
7f42220dc000-7f422210a000 rw-p 00000000 00:00 0 
7f422210a000-7f4222122000 r-xp 00000000 08:08 1049415                    /lib/x86_64-linux-gnu/libz.so.1.2.8
7f4222122000-7f4222321000 ---p 00018000 08:08 1049415                    /lib/x86_64-linux-gnu/libz.so.1.2.8
7f4222321000-7f4222322000 r--p 00017000 08:08 1049415                    /lib/x86_64-linux-gnu/libz.so.1.2.8
7f4222322000-7f4222323000 rw-p 00018000 08:08 1049415                    /lib/x86_64-linux-gnu/libz.so.1.2.8
7f4222323000-7f422233c000 r-xp 00000000 08:08 1049372                    /lib/x86_64-linux-gnu/libpthread-2.19.so
7f422233c000-7f422253b000 ---p 00019000 08:08 1049372                    /lib/x86_64-linux-gnu/libpthread-2.19.so
7f422253b000-7f422253c000 r--p 00018000 08:08 1049372                    /lib/x86_64-linux-gnu/libpthread-2.19.so
7f422253c000-7f422253d000 rw-p 00019000 08:08 1049372                    /lib/x86_64-linux-gnu/libpthread-2.19.so
7f422253d000-7f4222541000 rw-p 00000000 00:00 0 
7f4222541000-7f4222544000 r-xp 00000000 08:08 1049269                    /lib/x86_64-linux-gnu/libdl-2.19.so
7f4222544000-7f4222743000 ---p 00003000 08:08 1049269                    /lib/x86_64-linux-gnu/libdl-2.19.so
7f4222743000-7f4222744000 r--p 00002000 08:08 1049269                    /lib/x86_64-linux-gnu/libdl-2.19.so
7f4222744000-7f4222745000 rw-p 00003000 08:08 1049269                    /lib/x86_64-linux-gnu/libdl-2.19.so
7f4222745000-7f4222900000 r-xp 00000000 08:08 1049252                    /lib/x86_64-linux-gnu/libc-2.19.so
7f4222900000-7f4222aff000 ---p 001bb000 08:08 1049252                    /lib/x86_64-linux-gnu/libc-2.19.so
7f4222aff000-7f4222b03000 r--p 001ba000 08:08 1049252                    /lib/x86_64-linux-gnu/libc-2.19.so
7f4222b03000-7f4222b05000 rw-p 001be000 08:08 1049252                    /lib/x86_64-linux-gnu/libc-2.19.so
7f4222b05000-7f4222b0a000 rw-p 00000000 00:00 0 
7f4222b0a000-7f4222b17000 r-xp 00000000 08:08 540020                     /usr/lib/jvm/java-7-openjdk-amd64/jre/lib/amd64/jli/libjli.so
7f4222b17000-7f4222d16000 ---p 0000d000 08:08 540020                     /usr/lib/jvm/java-7-openjdk-amd64/jre/lib/amd64/jli/libjli.so
7f4222d16000-7f4222d17000 r--p 0000c000 08:08 540020                     /usr/lib/jvm/java-7-openjdk-amd64/jre/lib/amd64/jli/libjli.so
7f4222d17000-7f4222d18000 rw-p 0000d000 08:08 540020                     /usr/lib/jvm/java-7-openjdk-amd64/jre/lib/amd64/jli/libjli.so
7f4222d18000-7f4222d3b000 r-xp 00000000 08:08 1049228                    /lib/x86_64-linux-gnu/ld-2.19.so
7f4222d3b000-7f4222d3f000 r--s 0003c000 08:08 540004                     /usr/lib/jvm/java-7-openjdk-amd64/jre/lib/ext/sunpkcs11.jar
7f4222d3f000-7f4222d62000 rw-p 00000000 00:00 0 
7f4222d62000-7f4222e18000 rw-p 00000000 00:00 0 
7f4222e18000-7f4222e1b000 ---p 00000000 00:00 0 
7f4222e1b000-7f4222f1e000 rw-p 00000000 00:00 0                          [stack:9624]
7f4222f1e000-7f4222f20000 r--s 00012000 08:08 540006                     /usr/lib/jvm/java-7-openjdk-amd64/jre/lib/ext/zipfs.jar
7f4222f20000-7f4222f24000 r--s 00034000 08:08 540003                     /usr/lib/jvm/java-7-openjdk-amd64/jre/lib/ext/sunjce_provider.jar
7f4222f24000-7f4222f25000 r--s 00002000 08:08 540002                     /usr/lib/jvm/java-7-openjdk-amd64/jre/lib/ext/dnsns.jar
7f4222f25000-7f4222f27000 r--s 00006000 08:08 786437                     /usr/share/java/java-atk-wrapper.jar
7f4222f27000-7f4222f2a000 r--s 0000f000 08:08 540005                     /usr/lib/jvm/java-7-openjdk-amd64/jre/lib/ext/icedtea-sound.jar
7f4222f2a000-7f4222f2e000 r--s 00085000 08:08 540001                     /usr/lib/jvm/java-7-openjdk-amd64/jre/lib/ext/localedata.jar
7f4222f2e000-7f4222f36000 rw-s 00000000 08:08 1197010                    /tmp/hsperfdata_alberto/9621
7f4222f36000-7f4222f37000 rw-p 00000000 00:00 0 
7f4222f37000-7f4222f38000 ---p 00000000 00:00 0 
7f4222f38000-7f4222f3a000 rw-p 00000000 00:00 0 
7f4222f3a000-7f4222f3b000 r--p 00022000 08:08 1049228                    /lib/x86_64-linux-gnu/ld-2.19.so
7f4222f3b000-7f4222f3c000 rw-p 00023000 08:08 1049228                    /lib/x86_64-linux-gnu/ld-2.19.so
7f4222f3c000-7f4222f3d000 rw-p 00000000 00:00 0 
7ffda8e86000-7ffda8ea7000 rw-p 00000000 00:00 0                          [stack]
7ffda8f30000-7ffda8f32000 r--p 00000000 00:00 0                          [vvar]
7ffda8f32000-7ffda8f34000 r-xp 00000000 00:00 0                          [vdso]
ffffffffff600000-ffffffffff601000 r-xp 00000000 00:00 0                  [vsyscall]

VM Arguments:
jvm_args: -XX:MaxPermSize=256m -XX:+HeapDumpOnOutOfMemoryError -Xmx1024m -Dfile.encoding=UTF-8 -Duser.country=ES -Duser.language=es -Duser.variant 
java_command: org.gradle.launcher.daemon.bootstrap.GradleDaemon 2.2.1 /home/alberto/.gradle/daemon 10800000 5ce17711-be87-4631-9d4f-b8a8fa7128cf -XX:MaxPermSize=256m -XX:+HeapDumpOnOutOfMemoryError -Xmx1024m -Dfile.encoding=UTF-8 -Duser.country=ES -Duser.language=es -Duser.variant
Launcher Type: SUN_STANDARD

Environment Variables:
JAVA_HOME=/usr/lib/jvm/java-7-openjdk-amd64
PATH=/usr/local/sbin:/usr/local/bin:/usr/sbin:/usr/bin:/sbin:/bin:/usr/games:/usr/local/games:/opt/android-sdk-linux/tools:/opt/android-sdk-linux/platform-tools
SHELL=/bin/bash
DISPLAY=:0

Signal Handlers:
SIGSEGV: [libjvm.so+0x94bab0], sa_mask[0]=0x7ffbfeff, sa_flags=0x10000004
SIGBUS: [libjvm.so+0x94bab0], sa_mask[0]=0x7ffbfeff, sa_flags=0x10000004
SIGFPE: [libjvm.so+0x7c38b0], sa_mask[0]=0x7ffbfeff, sa_flags=0x10000004
SIGPIPE: [libjvm.so+0x7c38b0], sa_mask[0]=0x7ffbfeff, sa_flags=0x10000004
SIGXFSZ: [libjvm.so+0x7c38b0], sa_mask[0]=0x7ffbfeff, sa_flags=0x10000004
SIGILL: [libjvm.so+0x7c38b0], sa_mask[0]=0x7ffbfeff, sa_flags=0x10000004
SIGUSR1: SIG_DFL, sa_mask[0]=0x00000000, sa_flags=0x00000000
SIGUSR2: [libjvm.so+0x7c3750], sa_mask[0]=0x00000004, sa_flags=0x10000004
SIGHUP: [libjvm.so+0x7c3930], sa_mask[0]=0x7ffbfeff, sa_flags=0x10000004
SIGINT: [libjvm.so+0x7c3930], sa_mask[0]=0x7ffbfeff, sa_flags=0x10000004
SIGTERM: [libjvm.so+0x7c3930], sa_mask[0]=0x7ffbfeff, sa_flags=0x10000004
SIGQUIT: [libjvm.so+0x7c3930], sa_mask[0]=0x7ffbfeff, sa_flags=0x10000004
SIGTRAP: SIG_DFL, sa_mask[0]=0x00000000, sa_flags=0x00000000


---------------  S Y S T E M  ---------------

OS:Ubuntu 14.04 (trusty)
uname:Linux 3.19.0-25-generic #26~14.04.1-Ubuntu SMP Fri Jul 24 21:16:20 UTC 2015 x86_64
libc:glibc 2.19 NPTL 2.19 
rlimit: STACK 8192k, CORE 0k, NPROC 15141, NOFILE 4096, AS infinity
load average:4,20 2,30 1,23

/proc/meminfo:
MemTotal:        3928568 kB
MemFree:          115576 kB
MemAvailable:      53472 kB
Buffers:             416 kB
Cached:           713656 kB
SwapCached:        16828 kB
Active:          2802908 kB
Inactive:         836640 kB
Active(anon):    2796284 kB
Inactive(anon):   829324 kB
Active(file):       6624 kB
Inactive(file):     7316 kB
Unevictable:          80 kB
Mlocked:              80 kB
SwapTotal:       1000444 kB
SwapFree:              0 kB
Dirty:              6220 kB
Writeback:             0 kB
AnonPages:       2910624 kB
Mapped:           104568 kB
Shmem:            698420 kB
Slab:              66824 kB
SReclaimable:      30788 kB
SUnreclaim:        36036 kB
KernelStack:       10480 kB
PageTables:        51812 kB
NFS_Unstable:          0 kB
Bounce:                0 kB
WritebackTmp:          0 kB
CommitLimit:     2964728 kB
Committed_AS:   10507648 kB
VmallocTotal:   34359738367 kB
VmallocUsed:      351944 kB
VmallocChunk:   34359287844 kB
HardwareCorrupted:     0 kB
AnonHugePages:    319488 kB
CmaTotal:              0 kB
CmaFree:               0 kB
HugePages_Total:       0
HugePages_Free:        0
HugePages_Rsvd:        0
HugePages_Surp:        0
Hugepagesize:       2048 kB
DirectMap4k:      161892 kB
DirectMap2M:     3913728 kB


CPU:total 4 (2 cores per cpu, 2 threads per core) family 6 model 58 stepping 9, cmov, cx8, fxsr, mmx, sse, sse2, sse3, ssse3, sse4.1, sse4.2, popcnt, avx, aes, erms, ht, tsc, tscinvbit, tscinv

/proc/cpuinfo:
processor	: 0
vendor_id	: GenuineIntel
cpu family	: 6
model		: 58
model name	: Intel(R) Core(TM) i5-3317U CPU @ 1.70GHz
stepping	: 9
microcode	: 0x13
cpu MHz		: 2399.988
cache size	: 3072 KB
physical id	: 0
siblings	: 4
core id		: 0
cpu cores	: 2
apicid		: 0
initial apicid	: 0
fpu		: yes
fpu_exception	: yes
cpuid level	: 13
wp		: yes
flags		: fpu vme de pse tsc msr pae mce cx8 apic sep mtrr pge mca cmov pat pse36 clflush dts acpi mmx fxsr sse sse2 ss ht tm pbe syscall nx rdtscp lm constant_tsc arch_perfmon pebs bts rep_good nopl xtopology nonstop_tsc aperfmperf eagerfpu pni pclmulqdq dtes64 monitor ds_cpl vmx est tm2 ssse3 cx16 xtpr pdcm pcid sse4_1 sse4_2 x2apic popcnt tsc_deadline_timer aes xsave avx f16c rdrand lahf_lm ida arat epb pln pts dtherm tpr_shadow vnmi flexpriority ept vpid fsgsbase smep erms xsaveopt
bugs		:
bogomips	: 3392.28
clflush size	: 64
cache_alignment	: 64
address sizes	: 36 bits physical, 48 bits virtual
power management:

processor	: 1
vendor_id	: GenuineIntel
cpu family	: 6
model		: 58
model name	: Intel(R) Core(TM) i5-3317U CPU @ 1.70GHz
stepping	: 9
microcode	: 0x13
cpu MHz		: 2399.988
cache size	: 3072 KB
physical id	: 0
siblings	: 4
core id		: 1
cpu cores	: 2
apicid		: 2
initial apicid	: 2
fpu		: yes
fpu_exception	: yes
cpuid level	: 13
wp		: yes
flags		: fpu vme de pse tsc msr pae mce cx8 apic sep mtrr pge mca cmov pat pse36 clflush dts acpi mmx fxsr sse sse2 ss ht tm pbe syscall nx rdtscp lm constant_tsc arch_perfmon pebs bts rep_good nopl xtopology nonstop_tsc aperfmperf eagerfpu pni pclmulqdq dtes64 monitor ds_cpl vmx est tm2 ssse3 cx16 xtpr pdcm pcid sse4_1 sse4_2 x2apic popcnt tsc_deadline_timer aes xsave avx f16c rdrand lahf_lm ida arat epb pln pts dtherm tpr_shadow vnmi flexpriority ept vpid fsgsbase smep erms xsaveopt
bugs		:
bogomips	: 3392.28
clflush size	: 64
cache_alignment	: 64
address sizes	: 36 bits physical, 48 bits virtual
power management:

processor	: 2
vendor_id	: GenuineIntel
cpu family	: 6
model		: 58
model name	: Intel(R) Core(TM) i5-3317U CPU @ 1.70GHz
stepping	: 9
microcode	: 0x13
cpu MHz		: 2399.988
cache size	: 3072 KB
physical id	: 0
siblings	: 4
core id		: 0
cpu cores	: 2
apicid		: 1
initial apicid	: 1
fpu		: yes
fpu_exception	: yes
cpuid level	: 13
wp		: yes
flags		: fpu vme de pse tsc msr pae mce cx8 apic sep mtrr pge mca cmov pat pse36 clflush dts acpi mmx fxsr sse sse2 ss ht tm pbe syscall nx rdtscp lm constant_tsc arch_perfmon pebs bts rep_good nopl xtopology nonstop_tsc aperfmperf eagerfpu pni pclmulqdq dtes64 monitor ds_cpl vmx est tm2 ssse3 cx16 xtpr pdcm pcid sse4_1 sse4_2 x2apic popcnt tsc_deadline_timer aes xsave avx f16c rdrand lahf_lm ida arat epb pln pts dtherm tpr_shadow vnmi flexpriority ept vpid fsgsbase smep erms xsaveopt
bugs		:
bogomips	: 3392.28
clflush size	: 64
cache_alignment	: 64
address sizes	: 36 bits physical, 48 bits virtual
power management:

processor	: 3
vendor_id	: GenuineIntel
cpu family	: 6
model		: 58
model name	: Intel(R) Core(TM) i5-3317U CPU @ 1.70GHz
stepping	: 9
microcode	: 0x13
cpu MHz		: 2399.921
cache size	: 3072 KB
physical id	: 0
siblings	: 4
core id		: 1
cpu cores	: 2
apicid		: 3
initial apicid	: 3
fpu		: yes
fpu_exception	: yes
cpuid level	: 13
wp		: yes
flags		: fpu vme de pse tsc msr pae mce cx8 apic sep mtrr pge mca cmov pat pse36 clflush dts acpi mmx fxsr sse sse2 ss ht tm pbe syscall nx rdtscp lm constant_tsc arch_perfmon pebs bts rep_good nopl xtopology nonstop_tsc aperfmperf eagerfpu pni pclmulqdq dtes64 monitor ds_cpl vmx est tm2 ssse3 cx16 xtpr pdcm pcid sse4_1 sse4_2 x2apic popcnt tsc_deadline_timer aes xsave avx f16c rdrand lahf_lm ida arat epb pln pts dtherm tpr_shadow vnmi flexpriority ept vpid fsgsbase smep erms xsaveopt
bugs		:
bogomips	: 3392.28
clflush size	: 64
cache_alignment	: 64
address sizes	: 36 bits physical, 48 bits virtual
power management:



Memory: 4k page, physical 3928568k(115524k free), swap 1000444k(0k free)

vm_info: OpenJDK 64-Bit Server VM (24.79-b02) for linux-amd64 JRE (1.7.0_79-b14), built on Jul 24 2015 08:15:54 by "buildd" with gcc 4.8.2

time: Fri Jun 10 13:17:04 2016
elapsed time: 18 seconds

